$PMTK001,314,3*36
$PMTKLOX,0,43*6E
$PMTKLOX,1,0,0100010A,1F000000,0F000000,0000100A,00000000,00000000,00000000,00000000,00000000,07FFFFFF,FFFFFFFF,FFFFFFFF,FFFFFFFF,FFFFFFFF,FFFFFFFF,00FC8C1C,5F782B60,02799126,42932EB2,C2090127,B3792B60,02F29126,420E2EB2,C22E00FA*28
$PMTKLOX,1,1,C2792B60,02F69126,420F2EB2,C2300090,D1792B60,02F59126,420F2EB2,C2330083,E0792B60,02EB9126,421E2EB2,C24700C9,EF792B60,02E89126,421F2EB2,C24900CA,FE792B60,02E79126,421F2EB2,C24A00D7,0D7A2B60,02E89126,42202EB2,C24A0017*26
$PMTKLOX,1,2,1C7A2B60,02E99126,42212EB2,C24A0006,2B7A2B60,02EB9126,42222EB2,C24B0031,3A7A2B60,02EB9126,42222EB2,C24B0020,5F7F2B60,024B9126,429A2EB2,C21C010E,6E7F2B60,026C9126,429E2EB2,C21A011A,7D7F2B60,02719126,429E2EB2,C21A0114*5C
$PMTKLOX,1,3,8C7F2B60,02769126,429E2EB2,C21A01E2,9B7F2B60,02839126,429E2EB2,C21A0100,AA7F2B60,02929126,429E2EB2,C21A0120,B97F2B60,02939126,429E2EB2,C21A0132,C87F2B60,02919126,429E2EB2,C21A0141,D77F2B60,028D9126,429D2EB2,C21A0141*22
$PMTKLOX,1,4,E67F2B60,028E9126,429D2EB2,C21A0173,F57F2B60,028D9126,429C2EB2,C21A0162,04802B60,02889126,429C2EB2,C21A0169,13802B60,027E9126,429C2EB2,C219018B,22802B60,02879126,429B2EB2,C2190144,B18B2B60,02839126,429D2EB2,C22201E5*58
$PMTKLOX,1,5,C08B2B60,02819126,429C2EB2,C2220197,CF8B2B60,02819126,429B2EB2,C21F01A2,DE8B2B60,02819126,429B2EB2,C21F01B3,10912B60,02949126,429B2EB2,C2290144,1F912B60,02979126,429B2EB2,C2260147,2E912B60,029A9126,429C2EB2,C22B0171*5D
$PMTKLOX,1,6,3D912B60,02999126,429D2EB2,C22C0167,4C912B60,02969126,429D2EB2,C22C0119,5B912B60,029A9126,429B2EB2,C22D0105,6A912B60,029D9126,429A2EB2,C22D0132,79912B60,029F9126,42982EB2,C22D0121,88912B60,029B9126,42992EB2,C22D01D5*23
$PMTKLOX,1,7,97912B60,02999126,429A2EB2,C22D01CB,A6912B60,02949126,42A12EB2,C22C01CD,B5912B60,02929126,42A22EB2,C22C01DB,7A972B60,02739126,42B02EB2,C22E01E3,89972B60,02719126,42A72EB2,C21C0137,98972B60,02709126,42A22EB2,C215012B*5B
$PMTKLOX,1,8,F8A82B60,02BC9126,42962EB2,C2B80020,07A92B60,02BD9126,42912EB2,C2B900D9,16A92B60,02C79126,42902EB2,C2B900B3,25A92B60,02BF9126,42942EB2,C2B900FC,34A92B60,02949126,429E2EB2,C2C400B1,F5AE2B60,02CA9026,42942EB2,C2BB005D*54
$PMTKLOX,1,9,04AF2B60,02C99026,42A82EB2,C2BF0096,13AF2B60,02DE9026,42B12EB2,C2CE00FE,4BB42B60,02679126,42A72EB2,C20501D9,5AB42B60,02669126,42A62EB2,C20A01C7,69B42B60,026B9126,42A72EB2,C20B01F9,78B42B60,026B9126,42A72EB2,C20C01EF*2A
$PMTKLOX,1,10,87B42B60,02689126,42A82EB2,C20C011C,96B42B60,026A9126,42A82EB2,C20C010F,A5B42B60,026B9126,42A82EB2,C20C013D,B4B42B60,026B9126,42A82EB2,C20C012C,C3B42B60,026D9126,42A82EB2,C20C015D,D2B42B60,026E9126,42A82EB2,C20C014F*14
$PMTKLOX,1,11,E1B42B60,02729126,42A52EB2,C20C016D,F0B42B60,02779126,42A42EB2,C20C0178,FCB92B60,026D9126,429E2EB2,C2140141,0BBA2B60,024E9126,42A22EB2,C20D01B3,1ABA2B60,024D9126,42A22EB2,C20D01A1,29BA2B60,02529126,42A12EB2,C20F018C*13
$PMTKLOX,1,12,38BA2B60,02549126,42A02EB2,C20F019A,47BA2B60,02559126,42A12EB2,C21001FA,56BA2B60,02589126,42A12EB2,C21101E7,65BA2B60,02569126,42A02EB2,C21101DB,74BA2B60,02509126,42A12EB2,C21001CC,83BA2B60,02459126,429F2EB2,C20F010F*12
$PMTKLOX,1,13,92BA2B60,023E9126,42A02EB2,C20E015B,A1BA2B60,02419126,429E2EB2,C20D012A,B0BA2B60,02489126,429D2EB2,C20D0131,BFBA2B60,024D9126,429C2EB2,C20C013B,CEBA2B60,02499126,429C2EB2,C20B0149,DDBA2B60,024F9126,429D2EB2,C20B015D*11
$PMTKLOX,1,14,0EC02B60,022D9126,424F2EB2,C2B800F6,1DC02B60,021A9126,42502EB2,C2B800CD,2CC02B60,02099126,424E2EB2,C2B700FE,3BC02B60,02059126,424E2EB2,C2B700E5,4AC02B60,021C9126,424C2EB2,C2B7008F,59C02B60,02289126,424B2EB2,C2B700AF*6D
$PMTKLOX,1,15,68C02B60,02249126,424E2EB2,C2B70097,77C02B60,021D9126,424B2EB2,C2B700B4,86C02B60,021A9126,424B2EB2,C2B70042,95C02B60,02159126,424E2EB2,C2B7005B,A4C02B60,02189126,424F2EB2,C2B70066,B3C02B60,02239126,42502EB2,C2B70055*15
$PMTKLOX,1,16,F1C52B60,029C9126,429E2EB2,C22F01FA,00C62B60,029E9126,429F2EB2,C2350111,0FC62B60,028C9126,42A12EB2,C2240123,1EC62B60,02879126,42A22EB2,C21F0101,2DC62B60,02849126,42A32EB2,C21F0130,3CC62B60,02829126,42A32EB2,C21F0127*69
$PMTKLOX,1,17,4BC62B60,02859126,42A32EB2,C21F0157,5AC62B60,02879126,42A22EB2,C21F0145,69C62B60,02869126,42A22EB2,C21F0177,78C62B60,02859126,42A22EB2,C21F0165,87C62B60,02839126,42A22EB2,C21F019C,96C62B60,027F9126,42A22EB2,C21F0171*6A
$PMTKLOX,1,18,8ACB2B60,022A9126,42032EB2,C2CD0047,99CB2B60,02449126,42542EB2,C2D40074,A8CB2B60,02419126,42592EB2,C2D5004C,B7CB2B60,02519126,425D2EB2,C2DD004F,C6CB2B60,025F9126,42632EB2,C2E50036,D5CB2B60,026B9126,42692EB2,C2EB0015*65
$PMTKLOX,1,19,E4CB2B60,026E9126,42702EB2,C2F00023,F3CB2B60,02719126,42742EB2,C2F3002C,02CC2B60,02739126,42762EB2,C2F600DF,11CC2B60,02759126,42792EB2,C2F800CB,20CC2B60,02729126,427B2EB2,C2FA00FD,2FCC2B60,027B9126,42792EB2,C2FC00FF*1D
$PMTKLOX,1,20,3ECC2B60,027B9126,427B2EB2,C2FD00ED,4DCC2B60,02789126,427E2EB2,C2FE009B,5CCC2B60,02759126,427D2EB2,C2FF0085,6BCC2B60,026A9126,428A2EB2,C20101A5,7ACC2B60,02649126,428D2EB2,C20101BD,90DD2B60,02269226,42AB2EB2,C2B90098*17
$PMTKLOX,1,21,9FDD2B60,025E9126,42952EB2,C2C200A9,AEDD2B60,02449126,428B2EB2,C2CB0095,BDDD2B60,02449126,428A2EB2,C2CB0087,CCDD2B60,024B9126,428B2EB2,C2CC00FF,DBDD2B60,02579126,428E2EB2,C2D000ED,EADD2B60,025D9126,42902EB2,C2D100C9*10
$PMTKLOX,1,22,F9DD2B60,02619126,42912EB2,C2D200E4,08DE2B60,02649126,42912EB2,C2D20013,17DE2B60,02619126,42912EB2,C2D20009,06E92B60,02889126,42A52EB2,C2B80098,15E92B60,028B9126,42A12EB2,C2B8008C,24E92B60,02899126,429E2EB2,C2B80080*6C
$PMTKLOX,1,23,33E92B60,02899126,42A02EB2,C2B800A9,42E92B60,028A9126,42A12EB2,C2B800DA,51E92B60,028B9126,42A32EB2,C2B800CA,60E92B60,028B9126,42A32EB2,C2B800FB,6FE92B60,028B9126,42A42EB2,C2B800F3,7EE92B60,02869126,42A22EB2,C2B800E9*16
$PMTKLOX,1,24,8DE92B60,02759126,42962EB2,C2E10084,9CE92B60,02769126,42972EB2,C2DF00A9,ABE92B60,02739126,42972EB2,C2DF009B,BAE92B60,02749126,42982EB2,C2DF0082,C9E92B60,02789126,42982EB2,C2DF00FD,D8E92B60,02759126,42982EB2,C2DF00E1*6C
$PMTKLOX,1,25,5BEF2B60,021C9026,42252EB2,C2280046,6AEF2B60,02279026,42292EB2,C2300058,79EF2B60,02349026,42302EB2,C23A004B,88EF2B60,023B9026,42302EB2,C23D00B2,97EF2B60,02419026,42322EB2,C24100A9,A6EF2B60,02579026,42442EB2,C25700EE*69
$PMTKLOX,1,26,B5EF2B60,02649026,42572EB2,C26F00E5,C7FA2B60,024A9126,429A2EB2,C203010D,D6FA2B60,024F9126,429E2EB2,C20B0115,E5FA2B60,024B9126,42A02EB2,C209011E,F4FA2B60,024C9126,42A22EB2,C209010A,03FB2B60,02469126,42A32EB2,C20801F6*17
$PMTKLOX,1,27,12FB2B60,02479126,42A32EB2,C20801E6,21FB2B60,02459126,42A32EB2,C20801D7,30FB2B60,02449126,42A32EB2,C20901C6,3FFB2B60,023F9126,42A52EB2,C20901B4,4EFB2B60,02399126,42A42EB2,C20901C2,5DFB2B60,02309126,42A92EB2,C20801D4*6D
$PMTKLOX,1,28,6CFB2B60,02299126,42AC2EB2,C20701F6,FFFFFFFF,FFFFFFFF,FFFFFFFF,FFFFFFFF,FFFFFFFF,FFFFFFFF,FFFFFFFF,FFFFFFFF,FFFFFFFF,FFFFFFFF,FFFFFFFF,FFFFFFFF,FFFFFFFF,FFFFFFFF,FFFFFFFF,FFFFFFFF,FFFFFFFF,FFFFFFFF,FFFFFFFF,FFFFFFFF*64
$PMTKLOX,1,29,FFFFFFFF,FFFFFFFF,FFFFFFFF,FFFFFFFF,FFFFFFFF,FFFFFFFF,FFFFFFFF,FFFFFFFF,FFFFFFFF,FFFFFFFF,FFFFFFFF,FFFFFFFF,FFFFFFFF,FFFFFFFF,FFFFFFFF,FFFFFFFF,FFFFFFFF,FFFFFFFF,FFFFFFFF,FFFFFFFF,FFFFFFFF,FFFFFFFF,FFFFFFFF,FFFFFFFF*63
$PMTKLOX,1,30,FFFFFFFF,FFFFFFFF,FFFFFFFF,FFFFFFFF,FFFFFFFF,FFFFFFFF,FFFFFFFF,FFFFFFFF,FFFFFFFF,FFFFFFFF,FFFFFFFF,FFFFFFFF,FFFFFFFF,FFFFFFFF,FFFFFFFF,FFFFFFFF,FFFFFFFF,FFFFFFFF,FFFFFFFF,FFFFFFFF,FFFFFFFF,FFFFFFFF,FFFFFFFF,FFFFFFFF*6B
$PMTKLOX,1,31,FFFFFFFF,FFFFFFFF,FFFFFFFF,FFFFFFFF,FFFFFFFF,FFFFFFFF,FFFFFFFF,FFFFFFFF,FFFFFFFF,FFFFFFFF,FFFFFFFF,FFFFFFFF,FFFFFFFF,FFFFFFFF,FFFFFFFF,FFFFFFFF,FFFFFFFF,FFFFFFFF,FFFFFFFF,FFFFFFFF,FFFFFFFF,FFFFFFFF,FFFFFFFF,FFFFFFFF*6A
$PMTKLOX,1,32,FFFFFFFF,FFFFFFFF,FFFFFFFF,FFFFFFFF,FFFFFFFF,FFFFFFFF,FFFFFFFF,FFFFFFFF,FFFFFFFF,FFFFFFFF,FFFFFFFF,FFFFFFFF,FFFFFFFF,FFFFFFFF,FFFFFFFF,FFFFFFFF,FFFFFFFF,FFFFFFFF,FFFFFFFF,FFFFFFFF,FFFFFFFF,FFFFFFFF,FFFFFFFF,FFFFFFFF*69
$PMTKLOX,1,33,FFFFFFFF,FFFFFFFF,FFFFFFFF,FFFFFFFF,FFFFFFFF,FFFFFFFF,FFFFFFFF,FFFFFFFF,FFFFFFFF,FFFFFFFF,FFFFFFFF,FFFFFFFF,FFFFFFFF,FFFFFFFF,FFFFFFFF,FFFFFFFF,FFFFFFFF,FFFFFFFF,FFFFFFFF,FFFFFFFF,FFFFFFFF,FFFFFFFF,FFFFFFFF,FFFFFFFF*68
$PMTKLOX,1,34,FFFFFFFF,FFFFFFFF,FFFFFFFF,FFFFFFFF,FFFFFFFF,FFFFFFFF,FFFFFFFF,FFFFFFFF,FFFFFFFF,FFFFFFFF,FFFFFFFF,FFFFFFFF,FFFFFFFF,FFFFFFFF,FFFFFFFF,FFFFFFFF,FFFFFFFF,FFFFFFFF,FFFFFFFF,FFFFFFFF,FFFFFFFF,FFFFFFFF,FFFFFFFF,FFFFFFFF*6F
$PMTKLOX,1,35,FFFFFFFF,FFFFFFFF,FFFFFFFF,FFFFFFFF,FFFFFFFF,FFFFFFFF,FFFFFFFF,FFFFFFFF,FFFFFFFF,FFFFFFFF,FFFFFFFF,FFFFFFFF,FFFFFFFF,FFFFFFFF,FFFFFFFF,FFFFFFFF,FFFFFFFF,FFFFFFFF,FFFFFFFF,FFFFFFFF,FFFFFFFF,FFFFFFFF,FFFFFFFF,FFFFFFFF*6E
$PMTKLOX,1,36,FFFFFFFF,FFFFFFFF,FFFFFFFF,FFFFFFFF,FFFFFFFF,FFFFFFFF,FFFFFFFF,FFFFFFFF,FFFFFFFF,FFFFFFFF,FFFFFFFF,FFFFFFFF,FFFFFFFF,FFFFFFFF,FFFFFFFF,FFFFFFFF,FFFFFFFF,FFFFFFFF,FFFFFFFF,FFFFFFFF,FFFFFFFF,FFFFFFFF,FFFFFFFF,FFFFFFFF*6D
$PMTKLOX,1,37,FFFFFFFF,FFFFFFFF,FFFFFFFF,FFFFFFFF,FFFFFFFF,FFFFFFFF,FFFFFFFF,FFFFFFFF,FFFFFFFF,FFFFFFFF,FFFFFFFF,FFFFFFFF,FFFFFFFF,FFFFFFFF,FFFFFFFF,FFFFFFFF,FFFFFFFF,FFFFFFFF,FFFFFFFF,FFFFFFFF,FFFFFFFF,FFFFFFFF,FFFFFFFF,FFFFFFFF*6C
$PMTKLOX,1,38,FFFFFFFF,FFFFFFFF,FFFFFFFF,FFFFFFFF,FFFFFFFF,FFFFFFFF,FFFFFFFF,FFFFFFFF,FFFFFFFF,FFFFFFFF,FFFFFFFF,FFFFFFFF,FFFFFFFF,FFFFFFFF,FFFFFFFF,FFFFFFFF,FFFFFFFF,FFFFFFFF,FFFFFFFF,FFFFFFFF,FFFFFFFF,FFFFFFFF,FFFFFFFF,FFFFFFFF*63
$PMTKLOX,1,39,FFFFFFFF,FFFFFFFF,FFFFFFFF,FFFFFFFF,FFFFFFFF,FFFFFFFF,FFFFFFFF,FFFFFFFF,FFFFFFFF,FFFFFFFF,FFFFFFFF,FFFFFFFF,FFFFFFFF,FFFFFFFF,FFFFFFFF,FFFFFFFF,FFFFFFFF,FFFFFFFF,FFFFFFFF,FFFFFFFF,FFFFFFFF,FFFFFFFF,FFFFFFFF,FFFFFFFF*62
$PMTKLOX,1,40,FFFFFFFF,FFFFFFFF,FFFFFFFF,FFFFFFFF,FFFFFFFF,FFFFFFFF,FFFFFFFF,FFFFFFFF,FFFFFFFF,FFFFFFFF,FFFFFFFF,FFFFFFFF,FFFFFFFF,FFFFFFFF,FFFFFFFF,FFFFFFFF,FFFFFFFF,FFFFFFFF,FFFFFFFF,FFFFFFFF,FFFFFFFF,FFFFFFFF,FFFFFFFF,FFFFFFFF*6C
$PMTKLOX,1,41,FFFFFFFF,FFFFFFFF,FFFFFFFF,FFFFFFFF,FFFFFFFF,FFFFFFFF,FFFFFFFF,FFFFFFFF,FFFFFFFF,FFFFFFFF,FFFFFFFF,FFFFFFFF,FFFFFFFF,FFFFFFFF,FFFFFFFF,FFFFFFFF,FFFFFFFF,FFFFFFFF,FFFFFFFF,FFFFFFFF,FFFFFFFF,FFFFFFFF,FFFFFFFF,FFFFFFFF*6D
$PMTKLOX,1,42,FFFFFFFF,FFFFFFFF,FFFFFFFF,FFFFFFFF,FFFFFFFF,FFFFFFFF,FFFFFFFF,FFFFFFFF,FFFFFFFF,FFFFFFFF,FFFFFFFF,FFFFFFFF,FFFFFFFF,FFFFFFFF,FFFFFFFF,FFFFFFFF*6E
$PMTKLOX,2*47
$PMTK001,622,3*36
