$PMTK001,314,3*36
$PMTKLOX,0,342*5C
$PMTKLOX,1,0,0100010A,1F000000,0F000000,0000100A,00000000,00000000,00000000,00000000,00000000,00000000,00000000,0000001F,FFFFFFFF,FFFFFFFF,FFFFFFFF,000C8C14,D2A02360,027A9126,42962EB2,C2160163,AEA32360,02FB9026,428D2EB2,C2CB005B*26
$PMTKLOX,1,1,FEA52360,02FE9126,42982EB2,C258018E,0DA62360,02EA9126,42962EB2,C2540168,BCAA2360,029C9126,42792EB2,C2010119,D9AC2360,027A9126,429E2EB2,C21F0165,E8AC2360,027A9126,42A12EB2,C2240150,F7AC2360,027C9126,42A12EB2,C226014B*59
$PMTKLOX,1,2,06AD2360,027C9126,42A02EB2,C22601BA,15AD2360,027F9126,42A12EB2,C22601AB,ADB12360,02879126,429C2EB2,C23301DF,BCB12360,028C9126,42A02EB2,C22B01E1,CBB12360,028B9126,42A02EB2,C22C0196,51B62360,02989126,429B2EB2,C22A0125*58
$PMTKLOX,1,3,60B62360,02759126,429D2EB2,C22501F0,6FB62360,02759126,429C2EB2,C22701FC,08C22360,02B49126,428A2EB2,C2B800A6,17C22360,02BB9126,428A2EB2,C2B500BB,26C22360,02BC9126,428C2EB2,C2B5008B,C4C62360,02359126,42D62EB2,C2B800B3*26
$PMTKLOX,1,4,D3C62360,02249126,42DA2EB2,C2BE00BF,E2C62360,02229126,42DC2EB2,C2BF008F,16C92360,02E59126,42992EB2,C2B800F1,25C92360,02E49126,429A2EB2,C2B800C0,34C92360,02E39126,42982EB2,C2B800D4,1ED02360,02AC9026,42AB2EB2,C2B9009B*5C
$PMTKLOX,1,5,2DD02360,02F19026,42B12EB2,C2D10087,3CD02360,020F9126,42B12EB2,C2DF0067,2BD72360,02329126,429D2EB2,C20901B1,3AD72360,02319126,42992EB2,C20601A8,49D72360,023A9126,42972EB2,C20701DF,8CE02360,02549126,42CA2EB2,C2C800D0*5F
$PMTKLOX,1,6,9BE02360,02619126,429A2EB2,C2E6008C,AAE02360,02729126,429A2EB2,C2F400BC,D8E22360,02829126,42932EB2,C2BA007B,E7E22360,02A69126,427D2EB2,C2CA00FE,F6E22360,02AB9126,427B2EB2,C2CF00E1,76E72360,02449126,42382EB2,C2BA00BD*5C
$PMTKLOX,1,7,85E72360,024E9126,424F2EB2,C2C2004B,94E72360,02329126,42832EB2,C2C700EF,A3E72360,02309126,42862EB2,C2C700DF,B2E72360,022B9126,42872EB2,C2C700D4,0AEA2360,02E19026,42C42EB2,C2B80096,44EC2360,02D28F26,426A2EB2,C2B8005C*5B
$PMTKLOX,1,8,53EC2360,02D78F26,426C2EB2,C2B70047,62EC2360,02E58F26,426F2EB2,C2B70047,6AF32360,02439026,42852EB2,C2B9000D,0C062460,02909126,42A42EB2,C2B8006B,1B062460,02739126,42992EB2,C2BE00A4,2A062460,026D9126,42982EB2,C2C100F5*56
$PMTKLOX,1,9,B90A2460,02889126,429C2EB2,C215015E,C80A2460,027F9126,429E2EB2,C21601D9,D70A2460,027F9126,429D2EB2,C21101C2,260D2460,02FF9026,42982EB2,C2B70017,6C0F2460,02859126,42622EB2,C2B800D1,7B0F2460,02869126,42742EB2,C2B900D2*53
$PMTKLOX,1,10,8A0F2460,02889126,42762EB2,C2BA002C,34142460,022C9126,42DA2EB2,C2B80083,53162460,025F9126,42982EB2,C20C0162,62162460,026C9126,42972EB2,C20D016E,71162460,02729126,429C2EB2,C2170172,80162460,02739126,429D2EB2,C2170183*6F
$PMTKLOX,1,11,8F162460,026F9126,429D2EB2,C2170190,6C2D2460,02F59026,42B32EB2,C2BC0057,7B2D2460,02239126,42A42EB2,C2C300FF,8A2D2460,02329126,42A32EB2,C2C7001C,992D2460,023D9126,429F2EB2,C2C90032,A82D2460,023F9126,429F2EB2,C2C90001*17
$PMTKLOX,1,12,B72D2460,02419126,429E2EB2,C2C90061,C62D2460,02409126,429F2EB2,C2CA0013,D52D2460,023E9126,429F2EB2,C2CA007E,E42D2460,023D9126,42A12EB2,C2CA0072,F32D2460,02399126,42A12EB2,C2CA0061,022E2460,02399126,42A12EB2,C2CA0093*16
$PMTKLOX,1,13,112E2460,023D9126,42A12EB2,C2CA0084,202E2460,023A9126,42A02EB2,C2CA00B3,2F2E2460,02369126,429F2EB2,C2CA008F,3E2E2460,02369126,429E2EB2,C2CA009F,4D2E2460,02359126,429E2EB2,C2CA00EF,5C2E2460,02369126,429C2EB2,C2CA00FF*11
$PMTKLOX,1,14,6B2E2460,02339126,429D2EB2,C2CA00CC,7A2E2460,022D9126,42A02EB2,C2CA00FE,892E2460,02299126,429F2EB2,C2CA0036,982E2460,02259126,429F2EB2,C2CA002B,A72E2460,021E9126,429F2EB2,C2CA002F,B62E2460,021E9126,42A02EB2,C2CA0001*16
$PMTKLOX,1,15,C52E2460,02259126,42A02EB2,C2CB0048,D42E2460,023E9126,429F2EB2,C2CD007B,E32E2460,02419126,429F2EB2,C2CD0033,F22E2460,02429126,42A12EB2,C2CD001F,012F2460,02439126,42A02EB2,C2CD00ED,102F2460,02439126,429E2EB2,C2CD00C2*6E
$PMTKLOX,1,16,1F2F2460,02439126,429D2EB2,C2CD00CE,2E2F2460,02469126,429E2EB2,C2CE00FA,3D2F2460,02429126,429F2EB2,C2CE00EC,4C2F2460,023D9126,42A02EB2,C2CE00DD,5B2F2460,023E9126,42A02EB2,C2CE00C9,6A2F2460,02439126,429F2EB2,C2CE00BA*14
$PMTKLOX,1,17,792F2460,02469126,429F2EB2,C2CE00AC,882F2460,02479126,429E2EB2,C2CE005D,972F2460,02459126,429C2EB2,C2CE0042,A62F2460,02469126,429C2EB2,C2CE0070,B52F2460,024B9126,429F2EB2,C2CE006D,C42F2460,024A9126,429E2EB2,C2CE001C*6A
$PMTKLOX,1,18,D32F2460,023E9126,429C2EB2,C2CF007C,E22F2460,023A9126,429B2EB2,C2D00051,F12F2460,02389126,429B2EB2,C2D00040,00302460,023D9126,429B2EB2,C2D000AB,0F302460,02409126,429B2EB2,C2D000D9,1E302460,023E9126,429C2EB2,C2D000B1*61
$PMTKLOX,1,19,2D302460,02459126,429C2EB2,C2D000F9,3C302460,02519126,429C2EB2,C2D100FD,4B302460,02519126,429E2EB2,C2D2008B,5A302460,024D9126,429F2EB2,C2D20087,69302460,024A9126,42A02EB2,C2D2008C,78302460,02489126,429F2EB2,C2D200A0*62
$PMTKLOX,1,20,87302460,02479126,429F2EB2,C2D20050,96302460,02479126,429E2EB2,C2D20040,A5302460,02439126,429E2EB2,C2D20077,B4302460,02459126,429F2EB2,C2D20061,C3302460,024A9126,429F2EB2,C2D20019,D2302460,024A9126,429E2EB2,C2D20009*6C
$PMTKLOX,1,21,E1302460,024A9126,429D2EB2,C2D20039,F0302460,02609126,42A32EB2,C2D2003C,FF302460,02639126,429F2EB2,C2D2000C,0E312460,025F9126,42A12EB2,C2D200FE,1D312460,025B9126,42A12EB2,C2D200E9,2C312460,024B9126,42A02EB2,C2D200C9*10
$PMTKLOX,1,22,3B312460,02449126,42A02EB2,C2D200D1,4A312460,02429126,42A12EB2,C2D200A7,59312460,02409126,42A22EB2,C2D200B5,68312460,02439126,42A32EB2,C2D20086,77312460,02429126,42A42EB2,C2D2009F,86312460,023F9126,42A42EB2,C2D20013*11
$PMTKLOX,1,23,95312460,02429126,42A52EB2,C2D2007C,A4312460,02459126,42A62EB2,C2D20049,B3312460,02499126,42A32EB2,C2D20057,C2312460,02459126,42A12EB2,C2D20028,D1312460,02449126,42A02EB2,C2D2003B,E0312460,02479126,42A02EB2,C2D20009*10
$PMTKLOX,1,24,EF312460,024A9126,429F2EB2,C2D20034,FE312460,024D9126,429E2EB2,C2D20023,0D322460,02469126,429F2EB2,C2D200D9,1C322460,02409126,429F2EB2,C2D200CE,2B322460,02409126,429F2EB2,C2D200F9,3A322460,02409126,42A02EB2,C2D200D7*15
$PMTKLOX,1,25,49322460,02449126,42A22EB2,C2D200A2,58322460,02359126,429F2EB2,C2D300FE,67322460,02319126,429F2EB2,C2D300C5,76322460,022D9126,42A02EB2,C2D300F7,85322460,022C9126,42A12EB2,C2D30004,94322460,022D9126,42A12EB2,C2D30014*6F
$PMTKLOX,1,26,A3322460,02309126,42A22EB2,C2D3003D,B2322460,02309126,42A22EB2,C2D3002C,C1322460,022D9126,42A32EB2,C2D30043,D0322460,022B9126,42A52EB2,C2D30052,DF322460,022D9126,42A42EB2,C2D3005A,EE322460,022D9126,42A52EB2,C2D3006A*6E
$PMTKLOX,1,27,FD322460,022F9126,42A42EB2,C2D3007A,0C332460,02339126,42A42EB2,C2D30096,1B332460,02349126,42A22EB2,C2D30080,2A332460,02359126,42A22EB2,C2D300B0,39332460,023A9126,42A32EB2,C2D300AD,48332460,023D9126,42A32EB2,C2D300DB*6B
$PMTKLOX,1,28,57332460,02439126,42A12EB2,C2D300B8,66332460,02449126,42A22EB2,C2D3008D,75332460,02439126,42A32EB2,C2D30098,84332460,02479126,42A52EB2,C2D3006B,93332460,024C9126,42A52EB2,C2D30077,A2332460,024F9126,42A42EB2,C2D30044*66
$PMTKLOX,1,29,B1332460,024E9126,42A62EB2,C2D30054,C0332460,024D9126,42A82EB2,C2D30028,CF332460,024D9126,42A72EB2,C2D30028,DE332460,024E9126,42A82EB2,C2D30035,ED332460,02569126,42A82EB2,C2D3001E,FC332460,025B9126,42AB2EB2,C2D30001*1E
$PMTKLOX,1,30,0B342460,025B9126,42AB2EB2,C2D400F6,1A342460,025F9126,42AC2EB2,C2D500E5,29342460,02619126,42AC2EB2,C2D700EA,38342460,02679126,42AA2EB2,C2DA00F6,47342460,02699126,42A92EB2,C2DB0085,56342460,02689126,42A82EB2,C2DC0093*6D
$PMTKLOX,1,31,65342460,02679126,42A62EB2,C2DE00A3,74342460,02669126,42A62EB2,C2DF00B2,83342460,02659126,42A52EB2,C2E0007A,92342460,02649126,42A42EB2,C2E0006B,A1342460,02649126,42A52EB2,C2E00059,B0342460,02619126,42A62EB2,C2E0004E*11
$PMTKLOX,1,32,BF342460,02629126,42A52EB2,C2E00041,CE342460,02609126,42A52EB2,C2E00032,DD342460,025E9126,42A52EB2,C2E0001F,EC342460,025B9126,42A42EB2,C2E0002A,FB342460,025A9126,42A42EB2,C2E0003C,0A352460,025B9126,42A42EB2,C2E000CD*69
$PMTKLOX,1,33,19352460,025B9126,42A42EB2,C2E000DE,28352460,025B9126,42A32EB2,C2E000E8,37352460,025D9126,42A12EB2,C2E000F3,46352460,02619126,42A12EB2,C2E000BE,55352460,025C9126,42A22EB2,C2E00093,64352460,025E9126,42A22EB2,C2E000A0*6C
$PMTKLOX,1,34,73352460,02629126,42A32EB2,C2E0008A,82352460,02689126,42A32EB2,C2E10070,91352460,026D9126,42A32EB2,C2E10066,A0352460,02699126,42A32EB2,C2E10053,AF352460,026F9126,42A32EB2,C2E20059,BE352460,026F9126,42A22EB2,C2E20049*16
$PMTKLOX,1,35,CD352460,026B9126,42A22EB2,C2E3003F,DC352460,026E9126,42A12EB2,C2E30028,EB352460,02729126,42A02EB2,C2E30002,FA352460,02719126,42A02EB2,C2E30010,09362460,026B9126,429F2EB2,C2E300C5,18362460,026F9126,429F2EB2,C2E400D7*13
$PMTKLOX,1,36,27362460,02779126,429C2EB2,C2E600F1,36362460,02759126,42992EB2,C2E700E6,45362460,026F9126,429A2EB2,C2E7008C,54362460,025F9126,429F2EB2,C2E900A6,63362460,025B9126,429F2EB2,C2E90095,72362460,025D9126,429F2EB2,C2E90082*16
$PMTKLOX,1,37,81362460,025F9126,42A12EB2,C2E9004D,90362460,02609126,42A12EB2,C2E90063,9F362460,025F9126,42A12EB2,C2EA0050,AE362460,02699126,42A02EB2,C2EA0056,BD362460,027B9126,42A22EB2,C2EA0055,CC362460,027E9126,42A32EB2,C2EA0020*6E
$PMTKLOX,1,38,DB362460,027C9126,42A42EB2,C2EA0032,EA362460,02809126,42A62EB2,C2EA00FD,F9362460,027F9126,42A62EB2,C2EA0011,08372460,027D9126,42A42EB2,C2EA00E1,17372460,027B9126,42A32EB2,C2EA00FF,26372460,02769126,42A52EB2,C2EA00C5*18
$PMTKLOX,1,39,35372460,02799126,42A52EB2,C2EA00D9,44372460,027C9126,42A72EB2,C2EB00AE,53372460,027B9126,42A62EB2,C2EB00BF,62372460,02789126,42A52EB2,C2EB008E,71372460,02799126,42A32EB2,C2EB009A,80372460,02789126,42A22EB2,C2EB006B*66
$PMTKLOX,1,40,8F372460,027C9126,429F2EB2,C2EB005D,9E372460,027F9126,42922EB2,C2F00059,AD372460,027E9126,428B2EB2,C2F40076,BC372460,027B9126,42882EB2,C2F40061,CB372460,02799126,42872EB2,C2F4001B,DA372460,02769126,42882EB2,C2F4000A*6A
$PMTKLOX,1,41,E9372460,02739126,42892EB2,C2F4003D,F8372460,02729126,428C2EB2,C2F40028,07382460,02729126,428F2EB2,C2F400DB,16382460,02709126,42902EB2,C2F400D7,25382460,026F9126,42912EB2,C2F400FA,34382460,026D9126,42952EB2,C2F400ED*69
$PMTKLOX,1,42,43382460,026F9126,42942EB2,C2F40099,52382460,02719126,42922EB2,C2F40090,61382460,02729126,42932EB2,C2F400A1,FFFFFFFF,FFFFFFFF,FFFFFFFF,FFFFFFFF,0200010A,1F000000,0F000000,0000130A,00000000,00000000,00000000,00000000*68
$PMTKLOX,1,43,00000000,00000000,00000000,0000001F,FFFFFFFF,FFFFFFFF,FFFFFFFF,000C8C14,70382460,02729126,42932EB2,C2F500B1,7F382460,02759126,42942EB2,C2F500BE,8E382460,02789126,42952EB2,C2F60040,9D382460,02769126,42962EB2,C2F6005E*6E
$PMTKLOX,1,44,AC382460,02779126,42962EB2,C2F6006E,BB382460,02779126,42982EB2,C2F60077,CA382460,02789126,42992EB2,C2F60008,D9382460,02799126,42992EB2,C2F6001A,E8382460,02779126,42992EB2,C2F60025,F7382460,02769126,42982EB2,C2F6003A*68
$PMTKLOX,1,45,06392460,02769126,42982EB2,C2F600CA,15392460,02759126,42972EB2,C2F600D5,24392460,02789126,429A2EB2,C2F600E4,33392460,027F9126,429D2EB2,C2F700F2,42392460,027F9126,429D2EB2,C2F70083,51392460,027D9126,429E2EB2,C2F70091*6F
$PMTKLOX,1,46,60392460,027E9126,429E2EB2,C2F700A3,6F392460,02819126,429E2EB2,C2F70053,7E392460,02839126,429A2EB2,C2F70044,8D392460,02889126,42972EB2,C2F700B1,9C392460,028B9126,42952EB2,C2F700A1,AB392460,028C9126,42972EB2,C2F70093*13
$PMTKLOX,1,47,BA392460,028B9126,42982EB2,C2F7008A,C9392460,028B9126,42962EB2,C2F700F7,D8392460,02909126,42972EB2,C2F700FC,E7392460,02939126,42952EB2,C2F700C2,F6392460,02969126,42932EB2,C2F700D0,053A2460,029B9126,42932EB2,C2F7002D*14
$PMTKLOX,1,48,143A2460,029D9126,42932EB2,C2F7003A,233A2460,029F9126,42942EB2,C2F70008,323A2460,029C9126,42912EB2,C2F7001F,413A2460,029A9126,42922EB2,C2F70069,503A2460,02979126,42932EB2,C2F70074,5F3A2460,02979126,42942EB2,C2F7007C*64
$PMTKLOX,1,49,6E3A2460,02979126,42952EB2,C2F7004C,7D3A2460,029A9126,42942EB2,C2F70053,8C3A2460,029A9126,42942EB2,C2F700A2,9B3A2460,02989126,42942EB2,C2F700B7,AA3A2460,02979126,42952EB2,C2F70088,B93A2460,02999126,42932EB2,C2F70093*65
$PMTKLOX,1,50,C83A2460,02989126,42952EB2,C2F700E5,D73A2460,02979126,42952EB2,C2F700F5,E63A2460,029B9126,42952EB2,C2F700C8,F53A2460,029C9126,42972EB2,C2F700DE,043B2460,029A9126,42982EB2,C2F70027,133B2460,02989126,429A2EB2,C2F70030*10
$PMTKLOX,1,51,223B2460,02969126,429C2EB2,C2F70009,313B2460,02979126,42992EB2,C2F80011,403B2460,02979126,42982EB2,C2F80061,4F3B2460,02899126,429D2EB2,C2F80075,5E3B2460,02869126,429A2EB2,C2F8006C,6D3B2460,02829126,42982EB2,C2F80059*15
$PMTKLOX,1,52,7C3B2460,027F9126,42942EB2,C2F800B9,8B3B2460,02819126,42922EB2,C2F800B6,9A3B2460,02829126,42902EB2,C2F800A6,A93B2460,02839126,42932EB2,C2F80097,B83B2460,02849126,42932EB2,C2F80081,C73B2460,02849126,42942EB2,C2F800F9*14
$PMTKLOX,1,53,D63B2460,02839126,42922EB2,C2F800E9,E53B2460,02829126,42932EB2,C2F800DA,F43B2460,02809126,42972EB2,C2F900CC,033C2460,02819126,42972EB2,C2F9003D,123C2460,02809126,42982EB2,C2F90022,213C2460,027E9126,42992EB2,C2F900EE*68
$PMTKLOX,1,54,303C2460,027B9126,42992EB2,C2F900FA,3F3C2460,027C9126,42992EB2,C2F900F2,4E3C2460,027E9126,42982EB2,C2F90080,5D3C2460,02809126,42972EB2,C2F90062,6C3C2460,02859126,42952EB2,C2FA0057,7B3C2460,028A9126,42932EB2,C2FA0049*69
$PMTKLOX,1,55,8A3C2460,02849126,42932EB2,C2FA00B6,993C2460,02839126,42922EB2,C2FA00A3,A83C2460,02849126,42912EB2,C2FA0096,B73C2460,027E9126,42992EB2,C2FA007B,C63C2460,027E9126,42992EB2,C2FA000A,D53C2460,027D9126,42992EB2,C2FA001A*15
$PMTKLOX,1,56,E43C2460,027F9126,42982EB2,C2FA0028,F33C2460,02829126,42972EB2,C2FA00CD,023D2460,027E9126,42972EB2,C2FB00C0,113D2460,027C9126,42962EB2,C2FB00D0,203D2460,02719126,42992EB2,C2FB00E3,2F3D2460,02719126,42982EB2,C2FB00ED*14
$PMTKLOX,1,57,3E3D2460,02749126,42952EB2,C2FB00F4,4D3D2460,02759126,42962EB2,C2FB0085,5C3D2460,02779126,42942EB2,C2FC0093,6B3D2460,02779126,42952EB2,C2FC00A5,7A3D2460,02779126,42922EB2,C2FC00B3,893D2460,02779126,42922EB2,C2FC0040*6E
$PMTKLOX,1,58,983D2460,02779126,42922EB2,C2FC0051,A73D2460,02779126,42922EB2,C2FC006E,B63D2460,027B9126,42932EB2,C2FC0072,C53D2460,027B9126,42942EB2,C2FC0006,D43D2460,027E9126,42942EB2,C2FC0012,E33D2460,02819126,42912EB2,C2FD00DE*1E
$PMTKLOX,1,59,F23D2460,02859126,42922EB2,C2FD00C8,013E2460,02859126,42972EB2,C2FE003E,103E2460,02849126,42972EB2,C2FE002E,1F3E2460,02839126,42972EB2,C2FE0026,2E3E2460,027F9126,42992EB2,C2FE00E5,3D3E2460,027A9126,42992EB2,C2FF00F2*1B
$PMTKLOX,1,60,4C3E2460,02749126,42992EB2,C2FF008D,5B3E2460,02779126,429C2EB2,C2010163,6A3E2460,02779126,429D2EB2,C2030151,793E2460,02779126,429D2EB2,C2030142,883E2460,02769126,429D2EB2,C20301B2,973E2460,02759126,429B2EB2,C20301A8*17
$PMTKLOX,1,61,A63E2460,02739126,429A2EB2,C203019E,B53E2460,02709126,429A2EB2,C2040189,C43E2460,026F9126,429B2EB2,C20401E6,D33E2460,026C9126,429C2EB2,C20401F5,E23E2460,02699126,429D2EB2,C20401C0,F13E2460,02659126,429E2EB2,C20401DC*6B
$PMTKLOX,1,62,003F2460,02639126,429F2EB2,C204012B,0F3F2460,02639126,429F2EB2,C2040124,1E3F2460,02619126,429F2EB2,C2040137,2D3F2460,02669126,429F2EB2,C2060101,3C3F2460,02679126,429E2EB2,C2060110,4B3F2460,026D9126,429D2EB2,C207016F*6A
$PMTKLOX,1,63,5A3F2460,026E9126,429E2EB2,C207017E,693F2460,02729126,429C2EB2,C209015D,783F2460,02709126,429D2EB2,C20A014C,873F2460,02749126,429C2EB2,C20B01B7,963F2460,02779126,429C2EB2,C20C01A2,A53F2460,02779126,429C2EB2,C20C0191*69
$PMTKLOX,1,64,B43F2460,02789126,429A2EB2,C20C0189,C33F2460,02769126,429B2EB2,C20D01F0,D23F2460,02759126,429B2EB2,C20D01E2,E13F2460,02789126,42992EB2,C20D01DE,F03F2460,02799126,42982EB2,C20D01CF,FF3F2460,027D9126,42982EB2,C20D01C4*6A
$PMTKLOX,1,65,0E402460,027D9126,42982EB2,C20D014A,1D402460,027F9126,42972EB2,C20D0154,2C402460,027E9126,42952EB2,C20E0165,3B402460,02809126,42932EB2,C20E018A,4A402460,027F9126,42942EB2,C20E0103,59402460,027B9126,42942EB2,C20E0114*6F
$PMTKLOX,1,66,68402460,02789126,42962EB2,C20E0124,77402460,02789126,42962EB2,C20E013B,86402460,027C9126,42952EB2,C20E01CD,95402460,027F9126,42932EB2,C20E01DB,A4402460,027F9126,42922EB2,C20E01EB,B3402460,02839126,42922EB2,C20E0100*68
$PMTKLOX,1,67,C2402460,02859126,42932EB2,C20E0176,D1402460,02849126,42952EB2,C20E0162,E0402460,02829126,42952EB2,C20E0155,EF402460,027F9126,42932EB2,C20E01A1,FE402460,027C9126,42902EB2,C20E01B0,0D412460,02789126,42902EB2,C20E0146*69
$PMTKLOX,1,68,1C412460,02729126,428D2EB2,C20E0140,2B412460,02739126,428D2EB2,C20E0176,3A412460,027A9126,42932EB2,C20E0170,49412460,02929126,429E2EB2,C20F01E7,58412460,029C9126,42A22EB2,C20F01C4,67412460,02999126,42A42EB2,C20F01F8*1B
$PMTKLOX,1,69,76412460,02999126,42A32EB2,C20F01EE,85412460,02949126,42A22EB2,C20F0111,94412460,028E9126,42A12EB2,C20F0119,A3412460,028B9126,429A2EB2,C20F0110,B2412460,027F9126,42942EB2,C20F01FB,C1412460,027D9126,42922EB2,C2100193*61
$PMTKLOX,1,70,D0412460,027E9126,42902EB2,C2100183,DF412460,02789126,42912EB2,C210018B,EE412460,02759126,42912EB2,C21001B7,FD412460,026D9126,428F2EB2,C21001A2,0C422460,026A9126,428E2EB2,C2100156,1B422460,02669126,428E2EB2,C210014D*12
$PMTKLOX,1,71,2A422460,02669126,428D2EB2,C210017F,39422460,02639126,428A2EB2,C210016E,48422460,02639126,428C2EB2,C2100119,57422460,02649126,428F2EB2,C2100102,66422460,02609126,42902EB2,C2100128,75422460,02619126,42922EB2,C2100138*13
$PMTKLOX,1,72,84422460,02639126,42942EB2,C21001CD,93422460,02699126,42922EB2,C21001D6,A2422460,02749126,42952EB2,C21001FD,B1422460,02779126,42962EB2,C21001EE,C0422460,02739126,42952EB2,C2100198,CF422460,026E9126,42932EB2,C210018C*6D
$PMTKLOX,1,73,DE422460,026A9126,42922EB2,C2100198,ED422460,02669126,42922EB2,C21001A7,FC422460,02629126,42902EB2,C21001B0,0B432460,02659126,42942EB2,C2110144,1A432460,02669126,42942EB2,C2110156,29432460,02639126,42942EB2,C2110160*11
$PMTKLOX,1,74,38432460,02609126,42952EB2,C2110173,47432460,02649126,42972EB2,C211010A,56432460,02659126,42982EB2,C2110115,65432460,02659126,42972EB2,C2110129,74432460,02649126,42972EB2,C2110139,83432460,02639126,42952EB2,C21201C8*6F
$PMTKLOX,1,75,92432460,02629126,42962EB2,C21201DB,A1432460,02609126,42952EB2,C21201E9,B0432460,025E9126,42942EB2,C21201C7,BF432460,025C9126,42952EB2,C21201CB,CE432460,025A9126,42962EB2,C21201BF,DD432460,02569126,42952EB2,C21201A3*6A
$PMTKLOX,1,76,EC432460,02559126,42972EB2,C2130192,FB432460,02559126,42962EB2,C2130184,0A442460,02619126,42992EB2,C2130149,19442460,02609126,42982EB2,C213015A,28442460,02619126,42972EB2,C2130165,37442460,02649126,42972EB2,C213017F*14
$PMTKLOX,1,77,46442460,02669126,42982EB2,C2140104,55442460,02679126,429B2EB2,C2140115,64442460,02679126,429C2EB2,C2140123,73442460,02699126,429D2EB2,C214013B,82442460,026C9126,429E2EB2,C21401CC,91442460,02709126,429F2EB2,C21401C2*6C
$PMTKLOX,1,78,A0442460,02739126,429F2EB2,C21401F0,AF442460,02729126,42A02EB2,C21401C1,BE442460,02719126,429E2EB2,C21401ED,CD442460,026D9126,429E2EB2,C2140182,DC442460,026D9126,429F2EB2,C2140192,EB442460,026E9126,429F2EB2,C21401A6*18
$PMTKLOX,1,79,FA442460,026F9126,429E2EB2,C21401B7,09452460,026E9126,429D2EB2,C2140147,18452460,026B9126,429D2EB2,C2140153,27452460,02699126,429B2EB2,C2140168,36452460,02629126,429B2EB2,C2140172,45452460,025D9126,429B2EB2,C214013E*66
$PMTKLOX,1,80,54452460,025A9126,429B2EB2,C2140128,63452460,02609126,429D2EB2,C2140123,72452460,02609126,429D2EB2,C2140132,81452460,02609126,429C2EB2,C21401C0,90452460,02639126,429A2EB2,C21401D4,9F452460,026D9126,429E2EB2,C21401D1*62
$PMTKLOX,1,81,AE452460,02759126,429F2EB2,C21401F9,BD452460,027B9126,42A02EB2,C21401DB,CC452460,027E9126,429F2EB2,C2140190,DB452460,027E9126,42A02EB2,C21401B8,EA452460,027E9126,42A22EB2,C214018B,F9452460,027F9126,42A12EB2,C214019A*61
$PMTKLOX,1,82,08462460,027A9126,42A02EB2,C214016C,17462460,027A9126,42A02EB2,C2140173,26462460,027A9126,42A12EB2,C2140143,35462460,02779126,429F2EB2,C2140163,44462460,02789126,429F2EB2,C214011D,53462460,02789126,429F2EB2,C214010A*66
$PMTKLOX,1,83,62462460,02749126,429E2EB2,C2140136,71462460,02719126,42A02EB2,C214011E,80462460,02749126,42A12EB2,C21401EB,8F462460,02729126,42A12EB2,C21401E2,9E462460,02709126,42A12EB2,C21401F1,AD462460,02719126,42A12EB2,C21401C3*67
$PMTKLOX,1,84,BC462460,026F9126,42A12EB2,C21401CC,CB462460,026C9126,42A12EB2,C21401B8,DA462460,02689126,42A12EB2,C21401AD,E9462460,02649126,42A02EB2,C2140193,F8462460,025F9126,429D2EB2,C2140184,07472460,02609126,429B2EB2,C2140143*60
$PMTKLOX,1,85,16472460,02629126,42992EB2,C2130155,FFFFFFFF,FFFFFFFF,FFFFFFFF,FFFFFFFF,0300010A,1F000000,0F000000,0000120A,00000000,00000000,00000000,00000000,00000000,00000000,00000000,0000001F,FFFFFFFF,FFFFFFFF,FFFFFFFF,000C8C14*62
$PMTKLOX,1,86,25472460,02649126,42962EB2,C213016F,34472460,02639126,42962EB2,C2130179,43472460,02659126,42962EB2,C2130108,52472460,02629126,42942EB2,C213011C,61472460,02649126,42952EB2,C2120129,70472460,02629126,42962EB2,C212013D*19
$PMTKLOX,1,87,7F472460,02669126,42962EB2,C2120136,8E472460,02649126,42952EB2,C21201C6,9D472460,02619126,42962EB2,C21201D3,AC472460,025C9126,42962EB2,C21201DF,BB472460,02589126,42972EB2,C21201CD,CA472460,02579126,42992EB2,C21101BE*61
$PMTKLOX,1,88,D9472460,02599126,429A2EB2,C21101A0,E8472460,02599126,42992EB2,C2110192,F7472460,02579126,429A2EB2,C2110180,06482460,02569126,429A2EB2,C211017F,15482460,02559126,42992EB2,C211016C,24482460,02539126,42992EB2,C211015B*6C
$PMTKLOX,1,89,33482460,02549126,429B2EB2,C212014A,42482460,02569126,429B2EB2,C2120139,51482460,02579126,429B2EB2,C212012B,60482460,02539126,429A2EB2,C212011F,6F482460,02519126,429A2EB2,C2120112,7E482460,02529126,429A2EB2,C2120100*12
$PMTKLOX,1,90,8D482460,024F9126,429A2EB2,C21201EE,9C482460,02529126,42992EB2,C21201E1,AB482460,02569126,42982EB2,C21201D3,BA482460,025D9126,42972EB2,C21101C5,C9482460,02619126,42962EB2,C211018B,D8482460,02649126,42942EB2,C211019D*67
$PMTKLOX,1,91,E7482460,02679126,42952EB2,C21101A0,F6482460,02639126,42962EB2,C21101B6,05492460,02629126,42952EB2,C2110146,14492460,02629126,42942EB2,C2110156,23492460,02619126,42932EB2,C2110165,32492460,025F9126,42932EB2,C211014A*62
$PMTKLOX,1,92,41492460,025A9126,42932EB2,C211013C,50492460,02579126,42942EB2,C2110127,5F492460,02559126,42932EB2,C211012D,6E492460,02559126,42922EB2,C211011D,7D492460,02549126,42922EB2,C211010F,8C492460,02559126,42922EB2,C21201FC*1C
$PMTKLOX,1,93,9B492460,02589126,42912EB2,C21201E5,AA492460,02589126,42912EB2,C21101D7,B9492460,025C9126,42912EB2,C21101C0,C8492460,025C9126,42902EB2,C21101B0,D7492460,025D9126,428F2EB2,C21101B1,E6492460,025B9126,42902EB2,C2110199*1B
$PMTKLOX,1,94,F5492460,02599126,42902EB2,C2110188,044A2460,02559126,42902EB2,C2110176,134A2460,02589126,428F2EB2,C2110173,224A2460,025A9126,428F2EB2,C2110140,314A2460,025A9126,42902EB2,C211014C,404A2460,02619126,42932EB2,C2110105*18
$PMTKLOX,1,95,4F4A2460,02629126,42922EB2,C2110108,5E4A2460,02609126,42922EB2,C211011B,6D4A2460,02629126,42912EB2,C2110129,7C4A2460,02659126,428F2EB2,C2110121,8B4A2460,02669126,428F2EB2,C21101D5,9A4A2460,026B9126,42902EB2,C21001D7*62
$PMTKLOX,1,96,A94A2460,02729126,42902EB2,C21001FD,B84A2460,02769126,42932EB2,C21001EB,C74A2460,027C9126,42932EB2,C210019E,D64A2460,027C9126,42952EB2,C2100189,E54A2460,027A9126,42962EB2,C21001BF,F44A2460,02719126,42962EB2,C20F01BA*18
$PMTKLOX,1,97,034B2460,026B9126,42952EB2,C20F0155,124B2460,02599126,42932EB2,C210016F,214B2460,024B9126,42902EB2,C210014D,304B2460,02429126,428F2EB2,C210014A,3F4B2460,02559126,42952EB2,C2100148,4E4B2460,02649126,429A2EB2,C2100107*64
$PMTKLOX,1,98,5D4B2460,026B9126,429B2EB2,C20F0105,6C4B2460,026E9126,429B2EB2,C20F0131,7B4B2460,02739126,429D2EB2,C20F013D,8A4B2460,02769126,429D2EB2,C20F01C9,994B2460,02769126,429D2EB2,C20F01DA,A84B2460,02739126,429D2EB2,C20F01EE*10
$PMTKLOX,1,99,B74B2460,026F9126,429D2EB2,C20F01ED,C64B2460,02739126,429C2EB2,C20F0181,D54B2460,02799126,429D2EB2,C20E0198,E44B2460,02729126,429B2EB2,C20E01A4,F34B2460,02709126,429A2EB2,C20D01B3,024C2460,026E9126,429B2EB2,C20D015A*6E
$PMTKLOX,1,100,114C2460,02629126,429C2EB2,C20D0142,204C2460,025F9126,429C2EB2,C20D014E,2F4C2460,025E9126,429D2EB2,C20D0141,3E4C2460,025C9126,429D2EB2,C20D0152,4D4C2460,025E9126,429C2EB2,C20D0122,5C4C2460,025F9126,429C2EB2,C20D0132*59
$PMTKLOX,1,101,6B4C2460,025F9126,429C2EB2,C20D0105,7A4C2460,02609126,429C2EB2,C20D012B,894C2460,02609126,429B2EB2,C20D01DF,984C2460,02619126,429C2EB2,C20D01C8,A74C2460,02619126,429B2EB2,C20D01F0,B64C2460,02609126,429C2EB2,C20D01E7*25
$PMTKLOX,1,102,C54C2460,025E9126,429B2EB2,C20D01AD,D44C2460,025C9126,429B2EB2,C20D01BE,E34C2460,02599126,429F2EB2,C20D0188,F24C2460,02589126,429F2EB2,C20D0198,014D2460,02589126,42A02EB2,C20C0154,104D2460,025C9126,42A02EB2,C20C0141*24
$PMTKLOX,1,103,1F4D2460,025B9126,42A02EB2,C20C0149,2E4D2460,025A9126,42A32EB2,C20B017D,3D4D2460,02599126,42A52EB2,C20B016B,4C4D2460,025D9126,42A72EB2,C20C011B,5B4D2460,025E9126,42A82EB2,C20C0100,6A4D2460,025D9126,42A72EB2,C20C013D*25
$PMTKLOX,1,104,794D2460,025D9126,42A82EB2,C20C0121,884D2460,025D9126,42A82EB2,C20C01D0,974D2460,025F9126,42A62EB2,C20C01C3,A64D2460,025E9126,42A72EB2,C20C01F2,B54D2460,025F9126,42A62EB2,C20C01E1,C44D2460,025E9126,42A72EB2,C20C0190*24
$PMTKLOX,1,105,D34D2460,025D9126,42A62EB2,C20C0185,E24D2460,025D9126,42A42EB2,C20C01B6,F14D2460,025B9126,42A12EB2,C20C01A6,004E2460,02599126,429F2EB2,C20D0169,0F4E2460,02599126,429F2EB2,C20D0166,1E4E2460,02599126,429E2EB2,C20D0176*5A
$PMTKLOX,1,106,2D4E2460,02579126,429E2EB2,C20D014B,3C4E2460,02559126,429D2EB2,C20D015B,4B4E2460,02529126,429D2EB2,C20D012B,5A4E2460,02599126,429E2EB2,C20D0132,694E2460,02609126,429F2EB2,C20D0139,784E2460,02649126,42A02EB2,C20E0110*22
$PMTKLOX,1,107,874E2460,02649126,429F2EB2,C20E01D0,964E2460,02679126,429F2EB2,C20E01C2,A54E2460,02689126,429F2EB2,C20E01FE,B44E2460,02669126,429F2EB2,C20E01E1,C34E2460,02679126,429F2EB2,C20F0196,D24E2460,02669126,429F2EB2,C20F0186*25
$PMTKLOX,1,108,E14E2460,02659126,429F2EB2,C20F01B6,F04E2460,02669126,429E2EB2,C20F01A5,FF4E2460,026A9126,429E2EB2,C20E01A7,0E4F2460,026A9126,429E2EB2,C20E0157,1D4F2460,026F9126,429E2EB2,C20E0141,2C4F2460,02699126,429E2EB2,C20E0176*2E
$PMTKLOX,1,109,3B4F2460,02669126,429F2EB2,C20D016C,4A4F2460,02659126,429F2EB2,C20C011F,594F2460,02649126,42A02EB2,C20C0132,684F2460,02649126,42A02EB2,C20C0103,774F2460,02649126,42A02EB2,C20C011C,864F2460,02639126,42A02EB2,C20C01EA*2D
$PMTKLOX,1,110,954F2460,025F9126,42A02EB2,C20C01C5,A44F2460,025D9126,429F2EB2,C20C01C9,B34F2460,025D9126,429F2EB2,C20C01DE,C24F2460,025D9126,429F2EB2,C20C01AF,D14F2460,025D9126,42A02EB2,C20C0183,E04F2460,025A9126,42A12EB2,C20C01B4*5E
$PMTKLOX,1,111,EF4F2460,025C9126,42A12EB2,C20C01BD,FE4F2460,025B9126,42A22EB2,C20C01A8,0D502460,025B9126,42A32EB2,C20C0145,1C502460,02599126,42A42EB2,C20C0151,2B502460,02579126,42A42EB2,C20B016F,3A502460,02579126,42A32EB2,C20B0179*20
$PMTKLOX,1,112,49502460,02569126,42A32EB2,C20B010B,58502460,02569126,42A42EB2,C20B011D,67502460,02599126,42A42EB2,C20A012C,76502460,02579126,42A52EB2,C20A0132,85502460,02569126,42A52EB2,C20A01C0,94502460,02569126,42A52EB2,C20A01D1*23
$PMTKLOX,1,113,A3502460,02559126,42A42EB2,C20A01E4,B2502460,02589126,42A32EB2,C20A01FF,C1502460,025C9126,42A42EB2,C20A018F,D0502460,02619126,42A22EB2,C20A01A5,DF502460,02679126,42A32EB2,C20B01AC,EE502460,026D9126,42A42EB2,C20B0190*24
$PMTKLOX,1,114,FD502460,026E9126,42A32EB2,C20B0187,0C512460,026D9126,42A22EB2,C20B0175,1B512460,026C9126,42A22EB2,C20B0163,2A512460,026A9126,42A32EB2,C20B0155,39512460,02689126,42A42EB2,C20B0143,48512460,02679126,42A32EB2,C20B013A*5C
$PMTKLOX,1,115,57512460,02669126,42A42EB2,C20B0123,66512460,02689126,42A42EB2,C20C011B,75512460,02659126,42A32EB2,C20C0102,84512460,02689126,42A22EB2,C20C01FF,93512460,026A9126,42A12EB2,C20C01E9,A2512460,026A9126,429F2EB2,C20C01E6*5B
$PMTKLOX,1,116,B1512460,026C9126,429D2EB2,C20C01F1,C0512460,026D9126,429C2EB2,C20C0180,CF512460,026D9126,429D2EB2,C20C018E,DE512460,02699126,429B2EB2,C20C019D,ED512460,02629126,429B2EB2,C20C01A5,FC512460,02609126,429A2EB2,C20C01B7*5A
$PMTKLOX,1,117,0B522460,02679126,429C2EB2,C20C0142,1A522460,02699126,429C2EB2,C20C015D,29522460,02679126,429B2EB2,C20C0167,38522460,025F9126,429F2EB2,C20C014A,47522460,025F9126,42A22EB2,C20C0108,56522460,02659126,42A52EB2,C20C0124*5F
$PMTKLOX,1,118,65522460,02649126,42A32EB2,C20D0111,74522460,02609126,42A12EB2,C20D0106,83522460,025F9126,42A12EB2,C20D01CE,92522460,02649126,42A02EB2,C20D01E5,A1522460,026B9126,429E2EB2,C20C01E6,B0522460,026B9126,429F2EB2,C20C01F6*54
$PMTKLOX,1,119,BF522460,026F9126,42A02EB2,C20C01C2,CE522460,026F9126,42A12EB2,C20D01B3,DD522460,026D9126,42A02EB2,C20C01A2,EC522460,02699126,42A02EB2,C20C0197,FB522460,02699126,42A22EB2,C20C0182,0A532460,02669126,42A32EB2,C20C017C*57
$PMTKLOX,1,120,19532460,02649126,42A32EB2,C20C016D,28532460,02639126,42A32EB2,C20C015B,37532460,02639126,42A32EB2,C20C0144,46532460,02639126,42A32EB2,C20C0135,55532460,02649126,42A32EB2,C20C0121,64532460,02669126,42A22EB2,C20B0114*5D
$PMTKLOX,1,121,73532460,02669126,42A22EB2,C20B0103,82532460,02669126,42A22EB2,C20B01F2,91532460,02669126,42A32EB2,C20B01E0,A0532460,02669126,42A32EB2,C20B01D1,AF532460,02669126,42A32EB2,C20B01DE,BE532460,02669126,42A32EB2,C20B01CF*5E
$PMTKLOX,1,122,CD532460,02679126,42A32EB2,C20B01BD,DC532460,02679126,42A42EB2,C20B01AB,EB532460,02689126,42A42EB2,C20C0194,FA532460,02689126,42A42EB2,C20C0185,09542460,02689126,42A32EB2,C20C0176,18542460,02659126,42A32EB2,C20B016D*24
$PMTKLOX,1,123,27542460,02669126,42A42EB2,C20A0157,36542460,02659126,42A42EB2,C2090146,45542460,02629126,42A42EB2,C2090132,54542460,02629126,42A42EB2,C2090123,63542460,02619126,42A22EB2,C2080110,72542460,02629126,42A12EB2,C2090100*23
$PMTKLOX,1,124,81542460,02659126,42A02EB2,C20A01F6,90542460,02689126,42A02EB2,C20B01EB,9F542460,02689126,42A02EB2,C20C01E3,AE542460,026D9126,429F2EB2,C20C01E8,BD542460,026D9126,429F2EB2,C20C01FB,CC542460,026D9126,429F2EB2,C20C018A*5F
$PMTKLOX,1,125,DB542460,026D9126,429F2EB2,C20C019D,EA542460,026D9126,429F2EB2,C20C01AC,F9542460,026D9126,429F2EB2,C20C01BF,08552460,026D9126,429F2EB2,C20C014F,17552460,026D9126,429F2EB2,C20C0150,26552460,026D9126,429F2EB2,C20C0161*23
$PMTKLOX,1,126,35552460,026C9126,429F2EB2,C20C0173,44552460,026C9126,429F2EB2,C20C0102,53552460,026C9126,429F2EB2,C20C0115,62552460,026B9126,429F2EB2,C20C0123,71552460,026B9126,429F2EB2,C20C0130,80552460,026B9126,429F2EB2,C20C01C1*24
$PMTKLOX,1,127,8F552460,02699126,429F2EB2,C20C01CC,9E552460,02639126,429E2EB2,C20C01D6,AD552460,025D9126,429C2EB2,C20D01D8,BC552460,02629126,429A2EB2,C20D01F0,CB552460,02629126,429B2EB2,C20F0184,FFFFFFFF,FFFFFFFF,FFFFFFFF,FFFFFFFF*27
$PMTKLOX,1,128,0400010A,1F000000,0F000000,0000150A,00000000,00000000,00000000,00000000,00000000,00000000,00000000,0000001F,FFFFFFFF,FFFFFFFF,FFFFFFFF,000C8C14,DA552460,025F9126,429C2EB2,C20F01AF,E9552460,025E9126,429D2EB2,C20F019C*29
$PMTKLOX,1,129,F8552460,02609126,429D2EB2,C21001AC,07562460,02639126,429E2EB2,C2100150,16562460,02689126,429E2EB2,C20F0155,25562460,026A9126,429F2EB2,C20F0165,34562460,026A9126,42A12EB2,C20D0148,43562460,02699126,42A22EB2,C20C013E*52
$PMTKLOX,1,130,52562460,02679126,42A22EB2,C20B0126,61562460,02649126,42A32EB2,C20A0116,70562460,025F9126,42A32EB2,C209013F,7F562460,025A9126,42A42EB2,C2080133,8E562460,02559126,42A42EB2,C20601C3,9D562460,02539126,42A42EB2,C20501D5*5E
$PMTKLOX,1,131,AC562460,024E9126,42A42EB2,C20301FF,BB562460,02459126,42A52EB2,C20101E0,CA562460,023C9126,42A72EB2,C2FF0015,D9562460,02339126,42AA2EB2,C2FD0006,E8562460,022C9126,42AD2EB2,C2FC002E,F7562460,022A9126,42AD2EB2,C2FB0030*5D
$PMTKLOX,1,132,06572460,02289126,42AD2EB2,C2FA00C3,15572460,02329126,42AD2EB2,C2FC00CC,24572460,02369126,42AC2EB2,C2FD00F9,33572460,02469126,42A72EB2,C2000169,42572460,024F9126,42A52EB2,C2010112,51572460,02549126,42A32EB2,C202011F*25
$PMTKLOX,1,133,60572460,02579126,42A22EB2,C203012D,6F572460,025A9126,42A22EB2,C2040128,7E572460,02609126,42A12EB2,C2060102,8D572460,02669126,42A02EB2,C20801F8,9C572460,02689126,429F2EB2,C20901D9,AB572460,02629126,42A02EB2,C20901DB*5F
$PMTKLOX,1,134,BA572460,025F9126,429F2EB2,C20901C8,C9572460,02669126,429D2EB2,C2090180,D8572460,026C9126,429A2EB2,C209019C,E7572460,026E9126,429A2EB2,C20901A1,F6572460,026B9126,429B2EB2,C20801B5,05582460,02709126,429C2EB2,C2080155*58
$PMTKLOX,1,135,14582460,027B9126,42A52EB2,C20A0174,23582460,02769126,42A72EB2,C20A014C,32582460,02769126,42A12EB2,C20A015B,41582460,02759126,42A12EB2,C20A012B,50582460,02769126,429E2EB2,C20A0106,5F582460,02729126,429F2EB2,C209010F*20
$PMTKLOX,1,136,6E582460,026F9126,429F2EB2,C2090123,7D582460,02719126,429D2EB2,C20A012F,8C582460,02749126,429A2EB2,C20A01DC,9B582460,02739126,42992EB2,C20A01CF,AA582460,02709126,429D2EB2,C20901FA,B9582460,026D9126,429F2EB2,C20901F6*23
$PMTKLOX,1,137,C8582460,026B9126,429F2EB2,C2090181,D7582460,02699126,429E2EB2,C209019D,E6582460,026A9126,429E2EB2,C20901AF,F5582460,026C9126,429E2EB2,C20901BA,04592460,026E9126,429D2EB2,C209014B,13592460,026F9126,429D2EB2,C209015D*5D
$PMTKLOX,1,138,22592460,026F9126,429E2EB2,C209016F,31592460,026E9126,429F2EB2,C209017C,40592460,02699126,42A02EB2,C2080134,4F592460,026C9126,42A22EB2,C208013C,5E592460,02679126,42A32EB2,C2070128,6D592460,025F9126,42A52EB2,C2070125*56
$PMTKLOX,1,139,7C592460,025D9126,42A52EB2,C2070136,8B592460,025F9126,42A52EB2,C20801CC,9A592460,02629126,42A72EB2,C20801E2,A9592460,02639126,42A72EB2,C20801D0,B8592460,02649126,42A62EB2,C20801C7,C7592460,02669126,42A42EB2,C20801B8*57
$PMTKLOX,1,140,D6592460,026A9126,42A22EB2,C20801A3,E5592460,026D9126,429F2EB2,C20801AA,F4592460,02709126,429D2EB2,C20801A4,035A2460,02799126,429B2EB2,C2070150,125A2460,02819126,429A2EB2,C20701B8,215A2460,02849126,42962EB2,C2050180*5F
$PMTKLOX,1,141,305A2460,027C9126,429C2EB2,C2040162,3F5A2460,02809126,429A2EB2,C2030190,4E5A2460,02819126,42992EB2,C20201E2,5D5A2460,027C9126,429A2EB2,C202010F,6C5A2460,02799126,42992EB2,C2020138,7B5A2460,027A9126,42952EB2,C2010123*27
$PMTKLOX,1,142,8A5A2460,027A9126,42932EB2,C20201D7,995A2460,02789126,42922EB2,C20201C7,A85A2460,02779126,42902EB2,C20301FA,B75A2460,02799126,428E2EB2,C20301F5,C65A2460,027A9126,428E2EB2,C2030187,D55A2460,02799126,428F2EB2,C2030196*24
$PMTKLOX,1,143,E45A2460,02789126,42912EB2,C20301B8,F35A2460,02779126,42912EB2,C20301A0,025B2460,02779126,42912EB2,C2030150,115B2460,02769126,42912EB2,C2030142,205B2460,02769126,42912EB2,C2030173,2F5B2460,02729126,42912EB2,C2030178*27
$PMTKLOX,1,144,3E5B2460,02729126,42912EB2,C2030169,4D5B2460,02719126,42922EB2,C203011A,5C5B2460,02719126,42912EB2,C2030108,6B5B2460,02709126,42922EB2,C202013C,7A5B2460,02749126,42932EB2,C2020128,895B2460,02719126,42942EB2,C20301D8*5B
$PMTKLOX,1,145,985B2460,02709126,42952EB2,C20301C9,A75B2460,026D9126,42942EB2,C20301EA,B65B2460,02659126,42972EB2,C20301F0,C55B2460,02619126,42962EB2,C2030186,D45B2460,025E9126,42962EB2,C20301A8,E35B2460,025A9126,42952EB2,C2030198*23
$PMTKLOX,1,146,F25B2460,025A9126,42962EB2,C202018B,015C2460,025E9126,42972EB2,C202017A,105C2460,025F9126,42952EB2,C2020168,1F5C2460,02599126,42932EB2,C2020167,2E5C2460,02589126,42942EB2,C2020150,3D5C2460,02559126,42942EB2,C202014E*5F
$PMTKLOX,1,147,4C5C2460,02569126,42972EB2,C202013F,5B5C2460,02589126,42952EB2,C2020124,6A5C2460,02669126,42962EB2,C2030129,795C2460,02689126,42962EB2,C2030134,885C2460,02689126,42952EB2,C20301C6,975C2460,02689126,42952EB2,C20301D9*58
$PMTKLOX,1,148,A65C2460,02669126,42972EB2,C20201E5,B55C2460,02669126,42962EB2,C20201F7,C45C2460,02689126,42962EB2,C2020188,D35C2460,02679126,42952EB2,C2020193,E25C2460,02679126,42932EB2,C20201A4,F15C2460,02679126,42912EB2,C20201B5*53
$PMTKLOX,1,149,005D2460,02689126,428F2EB2,C2020154,0F5D2460,02669126,42972EB2,C203014C,1E5D2460,02629126,429A2EB2,C2030154,2D5D2460,025E9126,429C2EB2,C203015D,3C5D2460,025C9126,429C2EB2,C203014E,4B5D2460,025A9126,429E2EB2,C203013D*2B
$PMTKLOX,1,150,5A5D2460,02579126,42A12EB2,C203011E,695D2460,02559126,42A22EB2,C203012C,785D2460,02509126,42A02EB2,C203013A,875D2460,02529126,42A12EB2,C20301C6,965D2460,02549126,42A12EB2,C20301D1,A55D2460,02529126,42A22EB2,C20301E7*5E
$PMTKLOX,1,151,B45D2460,02539126,42A12EB2,C20301F4,C35D2460,02519126,42A22EB2,C2030182,D25D2460,024F9126,42A22EB2,C203018D,E15D2460,024E9126,42A32EB2,C20201BF,F05D2460,024C9126,42A32EB2,C20201AC,FF5D2460,02509126,42A22EB2,C20201BE*5B
$PMTKLOX,1,152,0E5E2460,025E9126,429E2EB2,C203017F,1D5E2460,026B9126,42972EB2,C2030150,2C5E2460,02729126,42902EB2,C203017F,3B5E2460,027A9126,428F2EB2,C2040178,4A5E2460,027D9126,42932EB2,C2040112,595E2460,02809126,42922EB2,C20401FD*23
$PMTKLOX,1,153,685E2460,027E9126,42922EB2,C2040132,775E2460,027A9126,42922EB2,C2040129,865E2460,02799126,42932EB2,C20401DA,955E2460,02789126,42922EB2,C20401C9,A45E2460,027D9126,42902EB2,C20401FF,B35E2460,027E9126,428F2EB2,C20401F4*22
$PMTKLOX,1,154,C25E2460,027E9126,428E2EB2,C2040184,D15E2460,027D9126,42902EB2,C204018A,E05E2460,027D9126,42922EB2,C20401B9,EF5E2460,02789126,42952EB2,C20401B4,FE5E2460,02769126,42962EB2,C20401A8,0D5F2460,02749126,42952EB2,C204015B*27
$PMTKLOX,1,155,1C5F2460,02749126,42972EB2,C2040148,2B5F2460,02739126,42982EB2,C2040177,3A5F2460,02739126,42962EB2,C2040168,495F2460,026F9126,42962EB2,C2040107,585F2460,026F9126,42942EB2,C2040114,675F2460,026F9126,42952EB2,C204012A*26
$PMTKLOX,1,156,765F2460,026D9126,42962EB2,C204013A,855F2460,02689126,42962EB2,C20401CC,945F2460,02669126,42962EB2,C20401D3,A35F2460,02639126,42972EB2,C20401E0,B25F2460,025D9126,429A2EB2,C20401C2,C15F2460,02579126,429A2EB2,C20401BB*21
$PMTKLOX,1,157,D05F2460,02549126,429C2EB2,C20401AF,DF5F2460,02549126,429B2EB2,C20401A7,EE5F2460,02579126,429B2EB2,C2040195,FD5F2460,02579126,429A2EB2,C2040187,0C602460,025F9126,429A2EB2,C2040141,1B602460,02689126,429A2EB2,C2040161*20
$PMTKLOX,1,158,2A602460,02679126,42972EB2,C2040152,39602460,02689126,42952EB2,C204014C,48602460,026A9126,42912EB2,C204013B,57602460,026F9126,42902EB2,C2040120,66602460,02719126,428F2EB2,C2040110,75602460,02719126,428F2EB2,C2040103*2B
$PMTKLOX,1,159,84602460,02779126,42912EB2,C20401EA,93602460,027E9126,42912EB2,C20501F5,A2602460,02849126,42902EB2,C205013F,B1602460,02879126,42902EB2,C205012F,C0602460,02899126,42912EB2,C2050151,CF602460,02829126,42942EB2,C2060153*2C
$PMTKLOX,1,160,DE602460,02869126,42952EB2,C2060147,ED602460,02899126,42962EB2,C2060178,FC602460,028B9126,42952EB2,C2070169,0B612460,028B9126,42952EB2,C2080190,1A612460,028A9126,42942EB2,C2080181,29612460,02829126,42962EB2,C20801B8*59
$PMTKLOX,1,161,38612460,02869126,42982EB2,C20901A2,47612460,028C9126,429C2EB2,C20A01D0,56612460,028D9126,429E2EB2,C20A01C2,65612460,02909126,429E2EB2,C20A01EC,74612460,028F9126,429E2EB2,C20A01E2,83612460,02929126,429F2EB2,C20A0109*25
$PMTKLOX,1,162,92612460,02939126,42A02EB2,C20B0127,A1612460,02929126,42A22EB2,C20B0117,B0612460,02979126,42A22EB2,C20C0104,BF612460,02969126,42A02EB2,C20C0108,CE612460,02949126,429F2EB2,C20D0145,DD612460,02929126,42A02EB2,C20D016F*20
$PMTKLOX,1,163,EC612460,02919126,42A32EB2,C20D015E,FB612460,02919126,42A22EB2,C20D0148,0A622460,02909126,429F2EB2,C20D0186,19622460,028F9126,429E2EB2,C20D018B,28622460,028C9126,429D2EB2,C20D01BA,37622460,028B9126,429D2EB2,C20D01A2*25
$PMTKLOX,1,164,46622460,02889126,429F2EB2,C20D01D2,55622460,02839126,42A02EB2,C20D01F5,64622460,02839126,42A32EB2,C20E01C4,73622460,02829126,42A22EB2,C20E01D3,82622460,02829126,42A22EB2,C20E0122,91622460,02849126,42A42EB2,C20E0131*5F
$PMTKLOX,1,165,A0622460,02869126,42A32EB2,C20E0105,AF622460,02879126,42A22EB2,C20E010A,BE622460,02859126,42A12EB2,C20E011A,CD622460,02829126,42A02EB2,C20E016F,DC622460,02819126,429E2EB2,C20E0143,EB622460,027F9126,429E2EB2,C20E018A*58
$PMTKLOX,1,166,FA622460,027E9126,429F2EB2,C20E019B,09632460,027A9126,42A02EB2,C20F0153,18632460,02759126,42A02EB2,C20F014D,27632460,02729126,42A12EB2,C20F0174,36632460,026D9126,42A22EB2,C20F0179,45632460,026D9126,42A32EB2,C20F010B*22
$PMTKLOX,1,167,54632460,02719126,42A42EB2,C20F0101,63632460,02749126,42A42EB2,C20F0133,72632460,02769126,42A52EB2,C20F0121,81632460,02789126,42A52EB2,C20F01DC,90632460,027E9126,42A62EB2,C20F01C8,9F632460,02829126,42A62EB2,C20F013B*5A
$PMTKLOX,1,168,AE632460,02879126,42A72EB2,C20F010E,BD632460,028A9126,42A82EB2,C20F011F,CC632460,028F9126,42A92EB2,C20F016A,DB632460,02909126,42AA2EB2,C20F0161,EA632460,02919126,42AC2EB2,C20F0157,F9632460,028C9126,42AF2EB2,C2100145*2E
$PMTKLOX,1,169,08642460,02899126,42B02EB2,C21001A9,17642460,02909126,42AC2EB2,C21001B3,26642460,02919126,42A92EB2,C2110187,35642460,02949126,42A92EB2,C2110191,44642460,02939126,42A92EB2,C21101E7,53642460,028F9126,42A92EB2,C21101EC*2F
$PMTKLOX,1,170,62642460,02909126,42A82EB2,C21101C3,71642460,028D9126,42A82EB2,C21101CD,80642460,028B9126,42A72EB2,C2110135,FFFFFFFF,FFFFFFFF,FFFFFFFF,FFFFFFFF,0500010A,1F000000,0F000000,0000140A,00000000,00000000,00000000,00000000*21
$PMTKLOX,1,171,00000000,00000000,00000000,0000001F,FFFFFFFF,FFFFFFFF,FFFFFFFF,000C8C14,8F642460,02869126,42A72EB2,C2110137,9E642460,02879126,42A82EB2,C2110128,AD642460,02849126,42A62EB2,C2110116,BC642460,02839126,42A62EB2,C2110100*23
$PMTKLOX,1,172,CB642460,02829126,42A72EB2,C2110177,DA642460,02839126,42AB2EB2,C211016B,E9642460,02839126,42AD2EB2,C211015E,F8642460,02829126,42AE2EB2,C211014D,07652460,02839126,42AD2EB2,C21101B1,16652460,02829126,42AD2EB2,C21101A1*58
$PMTKLOX,1,173,25652460,02849126,42AE2EB2,C2110197,34652460,02839126,42B02EB2,C211019F,43652460,02829126,42B02EB2,C21101E9,52652460,02809126,42B12EB2,C21101FB,61652460,027A9126,42B02EB2,C2110133,70652460,027A9126,42B12EB2,C2110123*26
$PMTKLOX,1,174,7F652460,02769126,42B12EB2,C2110120,8E652460,02779126,42B12EB2,C21101D0,9D652460,02769126,42B22EB2,C21101C1,AC652460,02759126,42B22EB2,C21101F3,BB652460,02749126,42B22EB2,C21101E5,CA652460,02759126,42B22EB2,C2110195*25
$PMTKLOX,1,175,D9652460,02799126,42B12EB2,C2110189,E8652460,027D9126,42B12EB2,C21101BC,F7652460,027C9126,42B02EB2,C21101A3,06662460,027F9126,42AF2EB2,C211014D,15662460,02839126,42AC2EB2,C21101A1,24662460,02869126,42AA2EB2,C2110193*5F
$PMTKLOX,1,176,33662460,028A9126,42A82EB2,C211018A,42662460,028D9126,42A72EB2,C21101F3,51662460,028E9126,42A62EB2,C21101E2,60662460,02909126,42A62EB2,C21101CD,6F662460,02929126,42A42EB2,C21001C3,7E662460,02949126,42A32EB2,C21001D3*5A
$PMTKLOX,1,177,8D662460,02979126,42A32EB2,C2100123,9C662460,02999126,42A32EB2,C210013C,AB662460,02999126,42A22EB2,C210010A,BA662460,02979126,42A22EB2,C2100115,C9662460,02969126,42A32EB2,C2100166,D8662460,02989126,42A32EB2,C2100179*5D
$PMTKLOX,1,178,E7662460,029A9126,42A22EB2,C2110144,F6662460,029C9126,42A22EB2,C2110153,05672460,029D9126,42A32EB2,C21101A1,14672460,029F9126,42A32EB2,C21101B2,23672460,02A09126,42A42EB2,C21101BD,32672460,02A19126,42A42EB2,C21101AD*50
$PMTKLOX,1,179,41672460,02A29126,42A32EB2,C21101DA,50672460,029E9126,42A02EB2,C21001F5,5F672460,029D9126,429E2EB2,C21001C7,6E672460,029C9126,429E2EB2,C21001F7,7D672460,029E9126,42A72EB2,C21001DF,8C672460,029D9126,42AD2EB2,C20F0138*2A
$PMTKLOX,1,180,9B672460,029B9126,42AD2EB2,C20F0129,AA672460,02969126,42AC2EB2,C20E0115,B9672460,02909126,42A92EB2,C20E0105,C8672460,028F9126,42A72EB2,C20D0166,D7672460,02909126,42A52EB2,C20D0164,E6672460,02909126,42A32EB2,C20D0153*2A
$PMTKLOX,1,181,F5672460,02929126,42A42EB2,C20D0145,04682460,02939126,42A62EB2,C20D01B8,13682460,02929126,42A42EB2,C20D01AC,22682460,02919126,42A42EB2,C20D019E,31682460,02919126,42A32EB2,C20D018A,40682460,02929126,42A52EB2,C20D01FE*56
$PMTKLOX,1,182,4F682460,02929126,42A72EB2,C20D01F3,5E682460,02919126,42A82EB2,C20D01EE,6D682460,02959126,42AB2EB2,C20D01DA,7C682460,02979126,42AA2EB2,C20D01C8,8B682460,02999126,42AC2EB2,C20D0137,9A682460,029B9126,42AE2EB2,C20D0126*2E
$PMTKLOX,1,183,A9682460,029F9126,42B12EB2,C20D010E,B8682460,02A39126,42AF2EB2,C20D013D,C7682460,02A29126,42AE2EB2,C20D0142,D6682460,02A09126,42AB2EB2,C20D0154,E5682460,029B9126,42AA2EB2,C20D015D,F4682460,02979126,42AD2EB2,C20E0144*2D
$PMTKLOX,1,184,03692460,02969126,42AD2EB2,C20E01B3,12692460,02959126,42AD2EB2,C20E01A1,21692460,02969126,42AF2EB2,C20E0193,30692460,029A9126,42B22EB2,C20E0193,3F692460,029D9126,42B52EB2,C20E019C,4E692460,029E9126,42B62EB2,C20E01ED*2A
$PMTKLOX,1,185,5D692460,029D9126,42B72EB2,C20E01FC,6C692460,029A9126,42B82EB2,C20E01C5,7B692460,02979126,42B82EB2,C20E01DF,8A692460,02979126,42B82EB2,C20E012E,99692460,02909126,42B72EB2,C20E0135,A8692460,02909126,42B52EB2,C20E0106*2B
$PMTKLOX,1,186,B7692460,02929126,42B52EB2,C20E011B,C6692460,02929126,42B62EB2,C20E0169,D5692460,02939126,42B82EB2,C20E0175,E4692460,02949126,42B92EB2,C20E0142,F3692460,02919126,42B82EB2,C20E0151,026A2460,028F9126,42B82EB2,C20E01BD*51
$PMTKLOX,1,187,116A2460,028D9126,42B82EB2,C20E01AC,206A2460,028F9126,42B72EB2,C20E0190,2F6A2460,028E9126,42B82EB2,C20E0191,3E6A2460,028D9126,42B42EB2,C20D018C,4D6A2460,028C9126,42B42EB2,C20D01FE,5C6A2460,028F9126,42B32EB2,C20D01EB*2F
$PMTKLOX,1,188,6B6A2460,028D9126,42AD2EB2,C20D01C0,7A6A2460,028C9126,42AA2EB2,C20D01D7,896A2460,028E9126,42A92EB2,C20D0125,986A2460,028D9126,42A92EB2,C20D0137,A76A2460,02899126,42A72EB2,C20D0102,B66A2460,02899126,42A62EB2,C20D0112*59
$PMTKLOX,1,189,C56A2460,028E9126,42A72EB2,C20D0167,D46A2460,02949126,42AA2EB2,C20D0161,E36A2460,029D9126,42AB2EB2,C20D015E,F26A2460,02A49126,42AC2EB2,C20D0171,016B2460,02AA9126,42AC2EB2,C20D018D,106B2460,02AD9126,42AC2EB2,C20D019B*21
$PMTKLOX,1,190,1F6B2460,02B29126,42AC2EB2,C20D018B,2E6B2460,02C99126,42B62EB2,C20C01DA,3D6B2460,02B79126,42B32EB2,C20D01B3,4C6B2460,02B69126,42B42EB2,C20D01C4,5B6B2460,02B69126,42B62EB2,C20D01D1,6A6B2460,02B19126,42B42EB2,C20D01E5*54
$PMTKLOX,1,191,796B2460,02B19126,42B52EB2,C20D01F7,886B2460,02B29126,42B62EB2,C20D0106,976B2460,02B19126,42B62EB2,C20D011A,A66B2460,02AD9126,42B62EB2,C20D0137,B56B2460,02AD9126,42B52EB2,C20E0124,C46B2460,02AC9126,42B62EB2,C20E0157*53
$PMTKLOX,1,192,D36B2460,02AA9126,42B62EB2,C20E0146,E26B2460,02A89126,42B62EB2,C20E0175,F16B2460,02A89126,42B72EB2,C20E0167,006C2460,02A99126,42B82EB2,C20E019F,0F6C2460,02A89126,42BA2EB2,C20E0193,1E6C2460,02A99126,42BD2EB2,C20E0184*2D
$PMTKLOX,1,193,2D6C2460,02AE9126,42BE2EB2,C20E01B3,3C6C2460,02B19126,42C02EB2,C20E01C3,4B6C2460,02B39126,42C12EB2,C20E01B7,5A6C2460,02B49126,42C12EB2,C20E01A1,696C2460,02B19126,42C02EB2,C20E0196,786C2460,02AD9126,42BF2EB2,C20E01E4*28
$PMTKLOX,1,194,876C2460,02AA9126,42C02EB2,C20E0163,966C2460,02A59126,42BD2EB2,C20E0100,A56C2460,02A59126,42BD2EB2,C20E0133,B46C2460,02A49126,42BB2EB2,C20E0125,C36C2460,02A49126,42B92EB2,C20E0150,D26C2460,02A49126,42B82EB2,C20E0140*54
$PMTKLOX,1,195,E16C2460,02A19126,42B82EB2,C20E0176,F06C2460,029F9126,42B82EB2,C20E0159,FF6C2460,029D9126,42B92EB2,C20E0155,0E6D2460,02A09126,42BA2EB2,C20E019B,1D6D2460,02A29126,42BC2EB2,C20E018C,2C6D2460,02A59126,42BE2EB2,C20E01B8*2C
$PMTKLOX,1,196,3B6D2460,02A69126,42BF2EB2,C20E01AD,4A6D2460,02A49126,42BF2EB2,C20E01DE,596D2460,02A29126,42C02EB2,C20E01B4,686D2460,02A09126,42BF2EB2,C20E01F8,776D2460,029A9126,42BB2EB2,C20E01D9,866D2460,02979126,42B52EB2,C20E012B*29
$PMTKLOX,1,197,956D2460,02959126,42B32EB2,C20E013C,A46D2460,02989126,42B32EB2,C20E0100,B36D2460,029A9126,42B32EB2,C20E0115,C26D2460,02999126,42B22EB2,C20E0166,D16D2460,02989126,42B12EB2,C20E0177,E06D2460,02979126,42B22EB2,C20E014A*57
$PMTKLOX,1,198,EF6D2460,02999126,42B42EB2,C20E014D,FE6D2460,02989126,42B52EB2,C20E015C,0D6E2460,02969126,42B52EB2,C20E01A2,1C6E2460,02969126,42B42EB2,C20E01B2,2B6E2460,02979126,42B52EB2,C20E0185,3A6E2460,02989126,42B42EB2,C20E019A*23
$PMTKLOX,1,199,496E2460,02989126,42B42EB2,C20E01E9,586E2460,02999126,42B12EB2,C20E01FC,676E2460,029A9126,42AD2EB2,C20E01DC,766E2460,029A9126,42AB2EB2,C20E01CB,856E2460,02969126,42A82EB2,C20E0137,946E2460,02979126,42A72EB2,C20E0128*24
$PMTKLOX,1,200,A36E2460,02989126,42A72EB2,C20E0110,B26E2460,02969126,42A52EB2,C20E010D,C16E2460,02989126,42A42EB2,C20E0171,D06E2460,02989126,42A42EB2,C20E0160,DF6E2460,02989126,42A42EB2,C20E016F,EE6E2460,02969126,42A42EB2,C20E0150*5E
$PMTKLOX,1,201,FD6E2460,028F9126,42A32EB2,C20E015D,0C6F2460,028E9126,42A12EB2,C20E01AE,1B6F2460,028D9126,42A22EB2,C20E01B9,2A6F2460,028B9126,42A42EB2,C20E0188,396F2460,028E9126,42A42EB2,C20E019E,486F2460,028E9126,42A32EB2,C20E01E8*26
$PMTKLOX,1,202,576F2460,028F9126,42A42EB2,C20E01F1,666F2460,028A9126,42A42EB2,C20E01C5,756F2460,028A9126,42A42EB2,C20E01D6,846F2460,02899126,42A52EB2,C20E0125,936F2460,028C9126,42A72EB2,C20F0134,A26F2460,028E9126,42A72EB2,C20D0105*21
$PMTKLOX,1,203,B16F2460,028B9126,42A72EB2,C20D0113,C06F2460,028E9126,42A42EB2,C20D0164,CF6F2460,028D9126,42A22EB2,C20D016E,DE6F2460,028A9126,429E2EB2,C20F0146,ED6F2460,02899126,429E2EB2,C2100169,FC6F2460,02889126,429E2EB2,C2110178*24
$PMTKLOX,1,204,0B702460,027F9126,429F2EB2,C2120165,1A702460,02849126,42A52EB2,C21401B3,29702460,02839126,42A52EB2,C2140187,38702460,027F9126,42A42EB2,C215016A,47702460,02859126,42A22EB2,C21601EA,56702460,028E9126,42A02EB2,C21601F2*5E
$PMTKLOX,1,205,65702460,028D9126,429F2EB2,C21601FD,74702460,02919126,429F2EB2,C21701F1,83702460,028F9126,429F2EB2,C2170118,92702460,028C9126,429F2EB2,C217010A,A1702460,028F9126,429F2EB2,C217013A,B0702460,028E9126,429E2EB2,C217012B*22
$PMTKLOX,1,206,BF702460,028D9126,429E2EB2,C2170127,CE702460,028B9126,429D2EB2,C2160152,DD702460,028A9126,429C2EB2,C2160141,EC702460,028C9126,429D2EB2,C2160177,FB702460,028C9126,429E2EB2,C2150160,0A712460,02889126,429F2EB2,C2150195*5A
$PMTKLOX,1,207,19712460,02869126,429F2EB2,C2150188,28712460,02899126,42A22EB2,C215018B,37712460,028D9126,42A52EB2,C2140196,46712460,028C9126,42A52EB2,C21401E6,55712460,028C9126,42A52EB2,C21301F2,64712460,028A9126,42A42EB2,C21301C4*59
$PMTKLOX,1,208,73712460,02899126,42A22EB2,C21301D6,82712460,02889126,42A12EB2,C2130125,91712460,02859126,42A12EB2,C213013B,A0712460,02869126,42A02EB2,C2130108,AF712460,02869126,429F2EB2,C214013F,BE712460,02829126,429E2EB2,C214012B*2B
$PMTKLOX,1,209,CD712460,02799126,429C2EB2,C21501A0,DC712460,02789126,429B2EB2,C21501B7,EB712460,02779126,429B2EB2,C216018C,FA712460,027D9126,429B2EB2,C2170196,09722460,027B9126,429B2EB2,C218016F,18722460,027B9126,429B2EB2,C218017E*53
$PMTKLOX,1,210,27722460,02779126,429B2EB2,C218014D,36722460,02789126,429B2EB2,C2190152,45722460,02779126,429A2EB2,C219012F,54722460,02799126,429A2EB2,C21A0133,63722460,027A9126,429B2EB2,C21A0106,72722460,02779126,429C2EB2,C21A011D*24
$PMTKLOX,1,211,81722460,02779126,429C2EB2,C21B01EF,90722460,02749126,429A2EB2,C21C01FC,9F722460,02719126,429A2EB2,C21D01F7,AE722460,02719126,42992EB2,C21D01C5,BD722460,026C9126,42982EB2,C21D01CA,CC722460,026D9126,42992EB2,C21D01BB*5A
$PMTKLOX,1,212,DB722460,026C9126,42992EB2,C21D01AD,EA722460,026F9126,429A2EB2,C21D019C,F9722460,02749126,429C2EB2,C21D0192,08732460,02749126,429C2EB2,C21D0162,17732460,027D9126,42A02EB2,C21E014B,26732460,02839126,42A22EB2,C21E0186*20
$PMTKLOX,1,213,35732460,02899126,42A52EB2,C21E0198,FFFFFFFF,FFFFFFFF,FFFFFFFF,FFFFFFFF,0600010A,1F000000,0F000000,0000170A,00000000,00000000,00000000,00000000,00000000,00000000,00000000,0000001F,FFFFFFFF,FFFFFFFF,FFFFFFFF,000C8C14*5F
$PMTKLOX,1,214,44732460,028B9126,42A52EB2,C21E01EB,53732460,028C9126,42A62EB2,C21E01F8,62732460,02889126,42A62EB2,C21E01CD,71732460,02829126,42A52EB2,C21E01D7,80732460,02809126,42A32EB2,C21E0122,8F732460,027F9126,42A32EB2,C21E01D2*24
$PMTKLOX,1,215,9E732460,02809126,42A42EB2,C21E013B,AD732460,02819126,42A42EB2,C21E0109,BC732460,02819126,42A42EB2,C21E0118,CB732460,027D9126,42A42EB2,C21E0193,DA732460,027B9126,42A32EB2,C21E0183,E9732460,02779126,42A12EB2,C21E01BE*25
$PMTKLOX,1,216,F8732460,02779126,42A02EB2,C21E01AE,07742460,02759126,429F2EB2,C21E016B,16742460,02729126,429F2EB2,C21E017D,25742460,026B9126,429D2EB2,C21E0155,34742460,02629126,429C2EB2,C21E014C,43742460,025E9126,429C2EB2,C21D0104*59
$PMTKLOX,1,217,52742460,025F9126,429B2EB2,C21D0113,61742460,025E9126,429B2EB2,C21D0121,70742460,025F9126,429A2EB2,C21C0131,7F742460,025D9126,429A2EB2,C21C013C,8E742460,02639126,429C2EB2,C21C01F5,9D742460,02689126,429C2EB2,C21C01ED*21
$PMTKLOX,1,218,AC742460,026B9126,429C2EB2,C21C01DF,BB742460,026C9126,429B2EB2,C21C01C8,CA742460,026B9126,429C2EB2,C21C01B9,D9742460,02669126,429B2EB2,C21C01A0,E8742460,02609126,42992EB2,C21C0195,F7742460,02589126,42982EB2,C21C01B3*53
$PMTKLOX,1,219,06752460,02509126,42972EB2,C21C0144,15752460,02499126,42962EB2,C21C014F,24752460,02499126,42942EB2,C21C017C,33752460,024B9126,42932EB2,C21C016E,42752460,024D9126,42932EB2,C21C0119,51752460,02519126,42932EB2,C21C0116*2F
$PMTKLOX,1,220,60752460,02579126,42932EB2,C21C0121,6F752460,02629126,42922EB2,C21C011A,7E752460,02629126,42912EB2,C21C0108,8D752460,02639126,42902EB2,C21B01FC,9C752460,02649126,428F2EB2,C21B01F5,AB752460,02659126,428F2EB2,C21B01C3*23
$PMTKLOX,1,221,BA752460,02639126,42902EB2,C21B01CB,C9752460,02609126,42902EB2,C21B01BB,D8752460,025D9126,42912EB2,C21B0196,E7752460,02599126,42902EB2,C21B01AC,F6752460,02579126,42902EB2,C21B01B3,05762460,02599126,42902EB2,C21B014D*24
$PMTKLOX,1,222,14762460,025B9126,42922EB2,C21B015C,23762460,02619126,42932EB2,C21B0150,32762460,02659126,42942EB2,C21B0142,41762460,02679126,42952EB2,C21B0132,50762460,02639126,42942EB2,C21B0126,5F762460,02649126,42952EB2,C21B012F*5C
$PMTKLOX,1,223,6E762460,02639126,42952EB2,C21B0119,7D762460,02649126,42952EB2,C21B010D,8C762460,02679126,42942EB2,C21B01FE,9B762460,02689126,42932EB2,C21B01E1,AA762460,02689126,42952EB2,C21A01D7,B9762460,026C9126,42962EB2,C21B01C2*5D
$PMTKLOX,1,224,C8762460,02739126,42982EB2,C21B01A2,D7762460,02739126,42982EB2,C21B01BD,E6762460,02739126,42982EB2,C21B018C,F5762460,02759126,42992EB2,C21B0198,04772460,02749126,42992EB2,C21B0169,13772460,02729126,429A2EB2,C21A017A*5E
$PMTKLOX,1,225,22772460,02749126,429A2EB2,C21A014D,31772460,02759126,429B2EB2,C21A015E,40772460,02739126,429B2EB2,C21A0129,4F772460,02719126,429C2EB2,C21A0123,5E772460,02709126,429C2EB2,C21A0133,6D772460,026E9126,429A2EB2,C21A0118*5F
$PMTKLOX,1,226,7C772460,026D9126,429B2EB2,C21A010B,8B772460,026C9126,429B2EB2,C21A01FD,9A772460,026A9126,429A2EB2,C21A01EB,A9772460,02679126,429A2EB2,C21A01D5,B8772460,02649126,42992EB2,C21A01C4,C7772460,025D9126,42982EB2,C21A0183*27
$PMTKLOX,1,227,D6772460,02599126,42972EB2,C21A0199,E5772460,02579126,42972EB2,C21A01A4,F4772460,02629126,42972EB2,C21A0180,03782460,02879126,429B2EB2,C21A0191,12782460,02899126,429B2EB2,C21A018E,21782460,028C9126,429B2EB2,C21A01B8*5B
$PMTKLOX,1,228,30782460,028C9126,429C2EB2,C21A01AE,3F782460,028D9126,429B2EB2,C21A01A7,4E782460,028E9126,429C2EB2,C21A01D2,5D782460,028E9126,429C2EB2,C21A01C1,6C782460,028E9126,429B2EB2,C21A01F7,7B782460,028D9126,429B2EB2,C21A01E3*50
$PMTKLOX,1,229,8A782460,02899126,429A2EB2,C21A0117,99782460,02859126,42992EB2,C21A010B,A8782460,02839126,42982EB2,C21A013D,B7782460,02809126,42962EB2,C21A012F,C6782460,027B9126,42942EB2,C21A01A7,D5782460,02739126,42922EB2,C21A01BA*2C
$PMTKLOX,1,230,E4782460,02739126,42922EB2,C21A018B,F3782460,02739126,42912EB2,C21A019F,02792460,02719126,428E2EB2,C21A0172,11792460,026F9126,428C2EB2,C21A017D,20792460,026E9126,428C2EB2,C21A014D,2F792460,026C9126,428A2EB2,C21A0146*5F
$PMTKLOX,1,231,3E792460,026A9126,42882EB2,C21A0153,4D792460,02689126,42882EB2,C21A0122,5C792460,026A9126,42862EB2,C219013C,6B792460,026D9126,42842EB2,C219010E,7A792460,026D9126,42832EB2,C2190118,89792460,026D9126,42822EB2,C21901EA*5A
$PMTKLOX,1,232,98792460,026C9126,42822EB2,C21901FA,A7792460,026D9126,42832EB2,C21901C5,B6792460,02689126,42832EB2,C21901D1,C5792460,02649126,42812EB2,C21901AC,D4792460,02699126,427F2EB2,C219014E,E3792460,026B9126,427E2EB2,C219017A*59
$PMTKLOX,1,233,F2792460,02709126,427C2EB2,C2190172,017A2460,026E9126,427B2EB2,C219019B,107A2460,02749126,427E2EB2,C2190195,1F7A2460,02749126,427E2EB2,C219019A,2E7A2460,02729126,427D2EB2,C21901AE,3D7A2460,02709126,427E2EB2,C21901BC*58
$PMTKLOX,1,234,4C7A2460,02719126,42812EB2,C2190133,5B7A2460,02719126,42832EB2,C2190126,6A7A2460,02769126,42862EB2,C2190115,797A2460,02749126,42862EB2,C2190104,887A2460,02739126,42872EB2,C21901F3,977A2460,02729126,42882EB2,C21901E2*22
$PMTKLOX,1,235,A67A2460,02769126,42882EB2,C21901D7,B57A2460,027B9126,42892EB2,C21901C8,C47A2460,027E9126,42882EB2,C21901BD,D37A2460,027F9126,42892EB2,C21901AA,E27A2460,02819126,42882EB2,C2190164,F17A2460,02829126,42882EB2,C2190174*27
$PMTKLOX,1,236,007B2460,02839126,42862EB2,C219018B,0F7B2460,02809126,42842EB2,C2190185,1E7B2460,02809126,42842EB2,C2190194,2D7B2460,02839126,42822EB2,C21901A2,3C7B2460,02849126,42822EB2,C21901B4,4B7B2460,02839126,42812EB2,C21901C7*26
$PMTKLOX,1,237,5A7B2460,02839126,42802EB2,C21901D7,697B2460,02829126,42802EB2,C21901E5,787B2460,02829126,42802EB2,C21801F5,877B2460,02869126,42802EB2,C218010E,967B2460,02859126,42802EB2,C218011C,A57B2460,02869126,42802EB2,C218012C*5E
$PMTKLOX,1,238,B47B2460,02879126,42802EB2,C219013D,C37B2460,02879126,42802EB2,C219014A,D27B2460,02889126,427E2EB2,C21901AA,E17B2460,02869126,42802EB2,C2190169,F07B2460,02839126,42812EB2,C219017C,FF7B2460,02829126,42812EB2,C2190172*2A
$PMTKLOX,1,239,0E7C2460,02829126,42802EB2,C2190185,1D7C2460,02849126,427F2EB2,C219016F,2C7C2460,02849126,427F2EB2,C219015E,3B7C2460,02869126,427E2EB2,C218014B,4A7C2460,028A9126,427E2EB2,C2180136,597C2460,028A9126,427E2EB2,C2180125*2F
$PMTKLOX,1,240,687C2460,028B9126,427F2EB2,C2180114,777C2460,028B9126,427E2EB2,C218010A,867C2460,028B9126,42892EB2,C21A010E,957C2460,028C9126,428E2EB2,C21B011C,A47C2460,028C9126,428D2EB2,C21B012E,B37C2460,028C9126,428D2EB2,C21B0139*25
$PMTKLOX,1,241,C27C2460,028C9126,428D2EB2,C21B0148,D17C2460,028C9126,428C2EB2,C21B015A,E07C2460,028B9126,428D2EB2,C21B016D,EF7C2460,028A9126,428D2EB2,C21B0163,FE7C2460,028B9126,428F2EB2,C21B0171,0D7D2460,028D9126,428F2EB2,C21B0185*5B
$PMTKLOX,1,242,1C7D2460,028E9126,42902EB2,C21B0188,2B7D2460,028E9126,42902EB2,C21B01BF,3A7D2460,028C9126,42912EB2,C21A01AC,497D2460,028A9126,42922EB2,C21A01DA,587D2460,02869126,42942EB2,C21A01C1,677D2460,02879126,42932EB2,C21A01F8*25
$PMTKLOX,1,243,767D2460,02889126,42932EB2,C21A01E6,857D2460,028A9126,42942EB2,C21A0110,947D2460,028D9126,42952EB2,C21A0107,A37D2460,028E9126,42972EB2,C21A0131,B27D2460,028D9126,42982EB2,C21A012C,C17D2460,028A9126,42982EB2,C21A0158*5F
$PMTKLOX,1,244,D07D2460,02889126,42992EB2,C21A014A,DF7D2460,02869126,429A2EB2,C21A0148,EE7D2460,02899126,429A2EB2,C21A0176,FD7D2460,028C9126,42992EB2,C21A0163,0C7E2460,028E9126,42992EB2,C21A0193,1B7E2460,028E9126,42982EB2,C21A0185*21
$PMTKLOX,1,245,2A7E2460,028C9126,42972EB2,C21A01B9,397E2460,028D9126,42972EB2,C21A01AB,487E2460,028D9126,42962EB2,C21A01DB,577E2460,028D9126,42952EB2,C21A01C7,667E2460,028E9126,42932EB2,C21A01F3,757E2460,028E9126,42932EB2,C21A01E0*20
$PMTKLOX,1,246,847E2460,028B9126,42922EB2,C21A0115,937E2460,02889126,42922EB2,C21A0101,A27E2460,02859126,42932EB2,C21A013C,B17E2460,02859126,42922EB2,C21A012E,C07E2460,02869126,42932EB2,C21A015D,CF7E2460,02869126,42932EB2,C21A0152*27
$PMTKLOX,1,247,DE7E2460,02879126,42922EB2,C21A0143,ED7E2460,02869126,42902EB2,C21A0173,FC7E2460,02879126,428E2EB2,C21A017D,0B7F2460,02899126,428E2EB2,C21A0185,1A7F2460,02879126,428D2EB2,C21A0199,297F2460,02899126,428D2EB2,C21A01A4*5D
$PMTKLOX,1,248,387F2460,02899126,428C2EB2,C21A01B4,477F2460,02889126,42892EB2,C21A01CF,567F2460,02809126,428D2EB2,C21A01D2,657F2460,027D9126,428D2EB2,C21A011C,747F2460,02799126,428C2EB2,C21A0108,837F2460,027D9126,428C2EB2,C21A01FB*50
$PMTKLOX,1,249,927F2460,02809126,428B2EB2,C21A0110,A17F2460,027F9126,428A2EB2,C21A01DD,B07F2460,027F9126,428A2EB2,C21A01CC,BF7F2460,02819126,428C2EB2,C21A013B,CE7F2460,02829126,428C2EB2,C21A0149,DD7F2460,02809126,428B2EB2,C21A015F*51
$PMTKLOX,1,250,EC7F2460,02809126,428C2EB2,C21A0169,FB7F2460,027F9126,428C2EB2,C21A0181,0A802460,027F9126,428A2EB2,C21A0189,19802460,027C9126,428A2EB2,C21A0199,28802460,027C9126,42892EB2,C21A01AB,37802460,027F9126,42872EB2,C21901BA*22
$PMTKLOX,1,251,46802460,02819126,42862EB2,C2190134,55802460,02849126,42872EB2,C2190123,64802460,02869126,42882EB2,C219011F,73802460,02899126,42882EB2,C2190107,82802460,02899126,42882EB2,C21901F6,91802460,028B9126,42892EB2,C21901E6*5C
$PMTKLOX,1,252,A0802460,028A9126,42892EB2,C21901D6,AF802460,02899126,428A2EB2,C21901D9,BE802460,02899126,428A2EB2,C21901C8,CD802460,02899126,428F2EB2,C21A01BD,DC802460,028D9126,42902EB2,C21B01B6,EB802460,028E9126,42912EB2,C21B0183*59
$PMTKLOX,1,253,FA802460,028C9126,42912EB2,C21B0190,09812460,028C9126,42922EB2,C21B0161,18812460,028D9126,42922EB2,C21B0171,27812460,028C9126,42942EB2,C21B0149,36812460,02899126,42952EB2,C21B015C,45812460,02859126,42942EB2,C21B0122*27
$PMTKLOX,1,254,54812460,02859126,42942EB2,C21B0133,63812460,02849126,42932EB2,C21B0102,72812460,02849126,42932EB2,C21B0113,81812460,02869126,42942EB2,C21B01E5,90812460,02899126,42942EB2,C21B01FB,9F812460,02899126,42942EB2,C21B01F4*20
$PMTKLOX,1,255,AE812460,02899126,42942EB2,C21B01C5,BD812460,028A9126,42952EB2,C21B01D4,CC812460,028A9126,42942EB2,C21B01A4,DB812460,028D9126,42942EB2,C21B01B4,EA812460,028D9126,42942EB2,C21B0185,FFFFFFFF,FFFFFFFF,FFFFFFFF,FFFFFFFF*5A
$PMTKLOX,1,256,0700010A,1F000000,0F000000,0000160A,00000000,00000000,00000000,00000000,00000000,00000000,00000000,0000001F,FFFFFFFF,FFFFFFFF,FFFFFFFF,000C8C14,F9812460,028D9126,42932EB2,C21B0191,08822460,028F9126,42932EB2,C21B0161*5A
$PMTKLOX,1,257,17822460,02919126,42932EB2,C21B0160,26822460,02949126,42922EB2,C21B0155,35822460,02969126,42912EB2,C21B0147,44822460,02959126,42912EB2,C21B0135,53822460,02949126,428F2EB2,C21B013D,62822460,02929126,428D2EB2,C21B0108*21
$PMTKLOX,1,258,71822460,028F9126,428C2EB2,C21B0107,80822460,02919126,428D2EB2,C21B01E9,8F822460,02949126,428C2EB2,C21A01E3,9E822460,02939126,428A2EB2,C21A01F3,AD822460,02909126,42892EB2,C21A01C0,BC822460,02909126,42892EB2,C21A01D1*55
$PMTKLOX,1,259,CB822460,02929126,42892EB2,C21A01A4,DA822460,02939126,42882EB2,C21A01B5,E9822460,028F9126,42872EB2,C21A0195,F8822460,02899126,42892EB2,C21A018C,07832460,02889126,428A2EB2,C21A0170,16832460,028A9126,428D2EB2,C21A0164*2D
$PMTKLOX,1,260,25832460,02879126,42902EB2,C21A0147,34832460,02809126,42922EB2,C21A0153,43832460,027D9126,42912EB2,C21A01DA,52832460,027B9126,42902EB2,C21A01CC,61832460,02799126,428D2EB2,C21A01E0,70832460,02759126,428C2EB2,C21A01FC*25
$PMTKLOX,1,261,7F832460,02729126,428E2EB2,C21A01F6,8E832460,02769126,428F2EB2,C21A0102,9D832460,02789126,42902EB2,C21A0100,AC832460,027A9126,428F2EB2,C21A012C,BB832460,02859126,42942EB2,C21901DC,CA832460,02879126,42922EB2,C21901A9*5D
$PMTKLOX,1,262,D9832460,02869126,42912EB2,C21901B8,E8832460,02869126,42922EB2,C219018A,F7832460,02849126,42902EB2,C2190195,06842460,02849126,428F2EB2,C219017C,15842460,02849126,428F2EB2,C219016F,24842460,02879126,428F2EB2,C219015D*21
$PMTKLOX,1,263,33842460,02889126,428F2EB2,C2190145,42842460,028B9126,428E2EB2,C2190136,51842460,028B9126,42922EB2,C21A013A,60842460,028B9126,42922EB2,C21A010B,6F842460,028B9126,42922EB2,C21A0104,7E842460,028A9126,42922EB2,C21A0114*26
$PMTKLOX,1,264,8D842460,028A9126,42922EB2,C21A01E7,9C842460,028B9126,42922EB2,C21A01F7,AB842460,028B9126,42922EB2,C21A01C0,BA842460,028B9126,42922EB2,C21A01D1,C9842460,028B9126,42922EB2,C21A01A2,D8842460,028B9126,42922EB2,C21A01B3*5C
$PMTKLOX,1,265,E7842460,028B9126,42922EB2,C21A018C,F6842460,028C9126,42932EB2,C21A019B,05852460,028C9126,42932EB2,C21A0169,14852460,028C9126,42932EB2,C21A0178,23852460,028C9126,42932EB2,C21A014F,32852460,028C9126,42942EB2,C21A0159*22
$PMTKLOX,1,266,41852460,028C9126,42942EB2,C21A012A,50852460,028C9126,42942EB2,C21A013B,5F852460,028D9126,42942EB2,C21A0135,6E852460,028D9126,42942EB2,C21A0104,7D852460,028D9126,42952EB2,C21A0116,8C852460,028D9126,42952EB2,C21A01E7*27
$PMTKLOX,1,267,9B852460,028D9126,42972EB2,C21A01F2,AA852460,02919126,429B2EB2,C21B01D2,B9852460,02969126,429F2EB2,C21C01C5,C8852460,029B9126,42A22EB2,C21C0184,D7852460,029F9126,42A52EB2,C21D0199,E6852460,02A39126,42A62EB2,C21D0197*22
$PMTKLOX,1,268,F5852460,02A69126,42A72EB2,C21E0183,04862460,02A89126,42A62EB2,C21F017F,13862460,02A59126,42A12EB2,C221015C,22862460,02A19126,429E2EB2,C2220155,31862460,029D9126,429B2EB2,C2240179,40862460,029B9126,42982EB2,C225010C*2F
$PMTKLOX,1,269,4F862460,029A9126,42972EB2,C227010F,5E862460,029B9126,42962EB2,C2290110,6D862460,029B9126,42962EB2,C22A0120,7C862460,029C9126,42972EB2,C22C0131,8B862460,029E9126,42972EB2,C22D01C5,9A862460,029D9126,42972EB2,C22C01D6*28
$PMTKLOX,1,270,A9862460,029D9126,42972EB2,C22C01E5,B8862460,029D9126,42972EB2,C22C01F4,C7862460,029D9126,42972EB2,C22C018B,D6862460,029D9126,42972EB2,C22C019A,E5862460,029D9126,42972EB2,C22C01A9,F4862460,029D9126,42962EB2,C22C01B9*59
$PMTKLOX,1,271,03872460,029B9126,42962EB2,C22C0149,12872460,02969126,42952EB2,C22B0151,21872460,02929126,42952EB2,C22A0167,30872460,028F9126,42962EB2,C229016B,3F872460,02909126,42972EB2,C228017B,4E872460,02939126,429B2EB2,C226010B*23
$PMTKLOX,1,272,5D872460,02979126,429E2EB2,C225011A,6C872460,029C9126,42A02EB2,C2230118,7B872460,02A09126,42A22EB2,C2220130,8A872460,029F9126,42A02EB2,C22001FE,99872460,029C9126,429D2EB2,C22001D3,A8872460,029C9126,429C2EB2,C21F01DC*24
$PMTKLOX,1,273,B7872460,029C9126,429B2EB2,C22001FB,C6872460,029A9126,429C2EB2,C220018B,D5872460,02959126,429A2EB2,C2200191,E4872460,02949126,42992EB2,C22001A2,F3872460,02949126,42992EB2,C22001B5,02882460,02949126,42992EB2,C220014B*58
$PMTKLOX,1,274,11882460,02969126,42992EB2,C220015A,20882460,02969126,42992EB2,C221016A,2F882460,02969126,42992EB2,C2210165,3E882460,02969126,42992EB2,C2210174,4D882460,02969126,42992EB2,C2210107,5C882460,02969126,42992EB2,C2210116*5D
$PMTKLOX,1,275,6B882460,02969126,42992EB2,C2210121,7A882460,02969126,42992EB2,C2210130,89882460,02969126,42992EB2,C22101C3,98882460,02969126,42992EB2,C22101D2,A7882460,02969126,42992EB2,C22101ED,B6882460,02969126,42992EB2,C22101FC*5A
$PMTKLOX,1,276,C5882460,02969126,42992EB2,C221018F,D4882460,02969126,42982EB2,C221019F,E3882460,02969126,42982EB2,C22101A8,F2882460,02969126,42982EB2,C22101B9,01892460,02969126,42982EB2,C221014B,10892460,02969126,42982EB2,C220015B*5D
$PMTKLOX,1,277,1F892460,02969126,42982EB2,C2200154,2E892460,02969126,42982EB2,C2200165,3D892460,02979126,42992EB2,C2200176,4C892460,029B9126,429B2EB2,C2200109,5B892460,02A09126,429F2EB2,C2200121,6A892460,02A49126,42A12EB2,C220012A*25
$PMTKLOX,1,278,79892460,02A79126,42A32EB2,C21F0107,88892460,02A79126,42A72EB2,C21E01F3,97892460,02A89126,42AA2EB2,C21D01ED,A6892460,02A59126,42AA2EB2,C21C01D0,B5892460,02A19126,42A72EB2,C21A01CC,C4892460,029C9126,42A22EB2,C2190186*51
$PMTKLOX,1,279,D3892460,02999126,429D2EB2,C21801AA,E2892460,02969126,42992EB2,C217019F,F1892460,02969126,42952EB2,C2170180,008A2460,02949126,42922EB2,C2170177,0F8A2460,02949126,42902EB2,C2180175,1E8A2460,02989126,42912EB2,C21A016B*54
$PMTKLOX,1,280,2D8A2460,029A9126,42932EB2,C21B0159,3C8A2460,029B9126,42962EB2,C21D014A,4B8A2460,02999126,429B2EB2,C21F0130,5A8A2460,02959126,429D2EB2,C2210115,698A2460,02939126,429E2EB2,C2230121,788A2460,02929126,429E2EB2,C2250137*56
$PMTKLOX,1,281,878A2460,02919126,429D2EB2,C22701CA,968A2460,02919126,429A2EB2,C22901D2,A58A2460,02929126,42972EB2,C22B01ED,B48A2460,02949126,42962EB2,C22D01FD,C38A2460,02969126,42982EB2,C22E0185,D28A2460,02989126,42992EB2,C22F019A*53
$PMTKLOX,1,282,E18A2460,02999126,429A2EB2,C22F01AB,F08A2460,02999126,429A2EB2,C22F01BA,FF8A2460,02989126,429A2EB2,C22F01B4,0E8B2460,02989126,429A2EB2,C22F0144,1D8B2460,02969126,429A2EB2,C22F0159,2C8B2460,02929126,429D2EB2,C22E016A*2F
$PMTKLOX,1,283,3B8B2460,028C9126,429F2EB2,C22C0163,4A8B2460,02879126,42A12EB2,C22B0120,598B2460,02849126,42A22EB2,C2290131,688B2460,02819126,42A22EB2,C2280104,778B2460,027D9126,42A02EB2,C22501E8,868B2460,027A9126,429E2EB2,C2220127*51
$PMTKLOX,1,284,958B2460,02789126,429C2EB2,C21F0109,A48B2460,02789126,429C2EB2,C21C013B,B38B2460,027B9126,429D2EB2,C219012B,C28B2460,02889126,42A42EB2,C215019C,D18B2460,02989126,42AE2EB2,C20F018F,E08B2460,029D9126,42AE2EB2,C20B01BF*2B
$PMTKLOX,1,285,EF8B2460,02A29126,42B12EB2,C207019C,FE8B2460,02A69126,42B32EB2,C2040188,0D8C2460,02A69126,42B42EB2,C202017D,1C8C2460,02A79126,42B62EB2,C2FF0093,2B8C2460,02A39126,42B62EB2,C2FD00A2,3A8C2460,02999126,42B42EB2,C2FB008D*2C
$PMTKLOX,1,286,498C2460,02919126,42AE2EB2,C2FD00EA,588C2460,028E9126,42AD2EB2,C2FB00E1,678C2460,028D9126,42AC2EB2,C2F900DE,768C2460,028A9126,42AC2EB2,C2F800C9,858C2460,02889126,42AD2EB2,C2F60037,948C2460,02889126,42A62EB2,C2FA0021*2B
$PMTKLOX,1,287,A38C2460,02889126,42A12EB2,C2FE0015,B28C2460,02849126,429B2EB2,C20201CF,C18C2460,02839126,429A2EB2,C20201BA,D08C2460,02829126,42992EB2,C20301A8,DF8C2460,02829126,429A2EB2,C20301A4,EE8C2460,02829126,429A2EB2,C2030195*2E
$PMTKLOX,1,288,FD8C2460,02829126,429A2EB2,C2030186,0C8D2460,02829126,429A2EB2,C2030176,1B8D2460,02839126,429A2EB2,C2030160,2A8D2460,02839126,429B2EB2,C2030150,398D2460,02839126,429B2EB2,C2030143,488D2460,02839126,429B2EB2,C2030132*23
$PMTKLOX,1,289,578D2460,02839126,429B2EB2,C204012A,668D2460,02849126,429C2EB2,C204011B,758D2460,02849126,429C2EB2,C2040108,848D2460,02849126,429C2EB2,C20401F9,938D2460,02849126,429D2EB2,C20401EF,A28D2460,02859126,429D2EB2,C20401DF*5F
$PMTKLOX,1,290,B18D2460,02859126,429D2EB2,C20401CC,C08D2460,02859126,429D2EB2,C20401BD,CF8D2460,02859126,429E2EB2,C20401B1,DE8D2460,02859126,429F2EB2,C20401A1,ED8D2460,02889126,42A22EB2,C20501A3,FC8D2460,028C9126,42A52EB2,C20701B3*28
$PMTKLOX,1,291,0B8E2460,028F9126,42A82EB2,C2090147,1A8E2460,028F9126,42AB2EB2,C20B0157,298E2460,028C9126,42AA2EB2,C20F0162,388E2460,02889126,42A82EB2,C2120168,478E2460,02829126,42A62EB2,C2160117,568E2460,027C9126,42A32EB2,C21901F2*2B
$PMTKLOX,1,292,658E2460,02799126,42A12EB2,C21D01C2,748E2460,027C9126,42A22EB2,C22001E8,838E2460,027F9126,42A32EB2,C2240119,928E2460,02829126,42A22EB2,C22701F7,A18E2460,02869126,42A22EB2,C22A01CD,B08E2460,02899126,42A12EB2,C22C01D6*2A
$PMTKLOX,1,293,BF8E2460,028A9126,42A12EB2,C22B01DD,CE8E2460,028B9126,42A02EB2,C22B01AC,DD8E2460,028B9126,42A02EB2,C22B01BF,EC8E2460,028B9126,42A02EB2,C22B018E,FB8E2460,028B9126,429F2EB2,C22901A4,0A8F2460,02899126,429D2EB2,C226015B*2F
$PMTKLOX,1,294,198F2460,02899126,429D2EB2,C2260148,288F2460,02899126,429D2EB2,C2260179,378F2460,02899126,429D2EB2,C2260166,468F2460,028A9126,429D2EB2,C2260114,558F2460,02899126,429D2EB2,C2250107,648F2460,02899126,429D2EB2,C2220131*2C
$PMTKLOX,1,295,738F2460,02899126,429D2EB2,C2220126,828F2460,02899126,429D2EB2,C22201D7,918F2460,02899126,429D2EB2,C22201C4,A08F2460,02899126,429D2EB2,C22201F5,AF8F2460,02899126,429D2EB2,C22201FA,BE8F2460,02899126,429D2EB2,C22201EB*52
$PMTKLOX,1,296,CD8F2460,02899126,429D2EB2,C2220198,DC8F2460,02899126,429D2EB2,C2220189,EB8F2460,02899126,429D2EB2,C22201BE,FA8F2460,02899126,429D2EB2,C22201AF,09902460,02899126,429D2EB2,C2220143,18902460,028B9126,429C2EB2,C2210152*2A
$PMTKLOX,1,297,27902460,028B9126,429C2EB2,C221016D,36902460,028B9126,429C2EB2,C221017C,45902460,028B9126,429C2EB2,C221010F,54902460,028B9126,429C2EB2,C221011E,63902460,028C9126,429C2EB2,C221012E,72902460,028C9126,429C2EB2,C221013F*52
$PMTKLOX,1,298,81902460,028C9126,429C2EB2,C22101CC,90902460,028D9126,429C2EB2,C21F01E2,9F902460,028E9126,429E2EB2,C21F01EC,FFFFFFFF,FFFFFFFF,FFFFFFFF,FFFFFFFF,0800010A,1F000000,0F000000,0000190A,00000000,00000000,00000000,00000000*26
$PMTKLOX,1,299,00000000,00000000,00000000,01FFFFFF,FFFFFFFF,FFFFFFFF,FFFFFFFF,00FC8C1C,AE902460,028E9126,429E2EB2,C21F01DD,BD902460,028E9126,429E2EB2,C21F01CE,CC902460,028E9126,429E2EB2,C21F01BF,DB902460,028E9126,429E2EB2,C21F01A8*28
$PMTKLOX,1,300,EA902460,028E9126,429E2EB2,C21F0199,F9902460,028D9126,429E2EB2,C21F0189,08912460,028C9126,429C2EB2,C21E017B,17912460,028C9126,429C2EB2,C21E0164,26912460,028B9126,429D2EB2,C21E0153,35912460,028B9126,429D2EB2,C21E0140*59
$PMTKLOX,1,301,44912460,028B9126,429D2EB2,C21E0131,53912460,028B9126,429D2EB2,C21E0126,62912460,028B9126,429C2EB2,C21E0116,71912460,028B9126,429D2EB2,C21E0104,80912460,028A9126,429C2EB2,C21E01F5,8F912460,028A9126,429B2EB2,C21D01FE*5A
$PMTKLOX,1,302,9E912460,028B9126,429A2EB2,C21C01EE,AD912460,028A9126,429B2EB2,C21B01DA,BC912460,02889126,429D2EB2,C21A01CE,CB912460,028A9126,429E2EB2,C21901BB,DA912460,02829126,429D2EB2,C21801A0,E9912460,027F9126,429D2EB2,C2170161*59
$PMTKLOX,1,303,F8912460,027D9126,429D2EB2,C2170172,07922460,028A9126,42A52EB2,C2170141,16922460,028A9126,42A52EB2,C2170150,25922460,028F9126,42A72EB2,C2170164,34922460,028F9126,42A22EB2,C2160171,43922460,02999126,42AA2EB2,C215011B*58
$PMTKLOX,1,304,52922460,029A9126,42A82EB2,C214010A,61922460,02919126,42A22EB2,C213013F,70922460,02899126,429F2EB2,C2110109,7F922460,028C9126,42A12EB2,C211013D,8E922460,028E9126,42A22EB2,C21001CC,9D922460,028D9126,42A12EB2,C21001DF*5B
$PMTKLOX,1,305,AC922460,028C9126,42A02EB2,C20F01F1,BB922460,028C9126,429F2EB2,C20F01D9,CA922460,028D9126,42A02EB2,C2100189,D9922460,028B9126,42A12EB2,C210019D,E8922460,028C9126,42A42EB2,C21001AE,F7922460,028B9126,42A32EB2,C21001B1*21
$PMTKLOX,1,306,06932460,02899126,42A42EB2,C2110145,15932460,02859126,42A22EB2,C212015F,24932460,028A9126,42A22EB2,C2120161,33932460,02859126,42A12EB2,C214017C,42932460,02849126,42A02EB2,C214010D,51932460,02809126,429F2EB2,C2140125*5B
$PMTKLOX,1,307,60932460,027C9126,429F2EB2,C21401E8,6F932460,02799126,429F2EB2,C21401E2,7E932460,02789126,429F2EB2,C21401F2,8D932460,02789126,42A02EB2,C214013E,9C932460,02789126,42A12EB2,C214012E,AB932460,02799126,42A22EB2,C214011B*27
$PMTKLOX,1,308,BA932460,02779126,42A32EB2,C2140105,C9932460,02769126,42A42EB2,C2140170,D8932460,02779126,42A32EB2,C2140167,E7932460,02799126,42A32EB2,C2140156,F6932460,02799126,42A32EB2,C2140147,05942460,027B9126,42A22EB2,C21401B0*55
$PMTKLOX,1,309,14942460,027C9126,42A02EB2,C21401A4,23942460,027B9126,429E2EB2,C21401AA,16C32560,02259126,42732EB2,C225014B,86D52560,02939126,42E72EB2,C2BF0074,68DE2560,02AF9126,42AD2EB2,C2280171,E6DE2560,025F9126,42D52EB2,C2C1009F*56
$PMTKLOX,1,310,D4E12560,026E9026,429D2EB2,C2C400EF,1AE72560,02649126,42522EB2,C2B8009F,29E72560,02699126,42492EB2,C2BA00B8,38E72560,026E9126,42452EB2,C2BB00A3,47E72560,02719126,42482EB2,C2BC00C9,E0E72560,02B19126,42412EB2,C2BA00A1*5E
$PMTKLOX,1,311,EFE72560,02939126,424C2EB2,C2C100FA,FEE72560,02889126,42532EB2,C2C700E9,7CE82560,026B9126,425E2EB2,C2BA00F7,8BE82560,02869126,42522EB2,C2BF00E4,9AE82560,02719126,42722EB2,C2C80055,A9E82560,025F9126,42882EB2,C2D100AB*24
$PMTKLOX,1,312,40EE2560,02629126,42A62EB2,C2B9003F,4FEE2560,02689126,42AB2EB2,C2BD0033,5EEE2560,02679126,42AC2EB2,C2C10056,12EF2560,02479126,42862EB2,C2B80068,40F12560,02429226,42A62EB2,C2B90003,54F82560,02769126,42952EB2,C21D01BF*58
$PMTKLOX,1,313,2E022660,02749126,42A22EB2,C21F010B,3D022660,02769126,42A02EB2,C21D011A,4C022660,02789126,429C2EB2,C21C0158,1A052660,026B9126,425B2EB2,C2BC007C,29052660,025E9126,42862EB2,C2D600CD,E0052660,02109126,42552EB2,C2B900F6*5B
$PMTKLOX,1,314,ED072660,02A49126,429F2EB2,C223011C,FC072660,02A89126,42A02EB2,C2280135,0B082660,02AE9126,42A02EB2,C22901CA,B0082660,02EC9026,42642EB2,C2B80066,BF082660,023E9126,42662EB2,C2BC00BC,70092660,022F9126,428E2EB2,C2B9008E*5E
$PMTKLOX,1,315,3F102660,02BA9126,42AF2EB2,C25E018A,4E102660,02B09126,42A82EB2,C24C01E4,5D102660,02A09126,42A42EB2,C23B019C,6C102660,02989126,42A42EB2,C2360198,7B102660,02989126,42A32EB2,C232018C,8A102660,02999126,42A32EB2,C232017C*22
$PMTKLOX,1,316,6A122660,02799126,42482EB2,C2BA001C,79122660,02699126,42592EB2,C2C20076,88122660,02639126,42642EB2,C2CA00B8,97122660,02679126,426C2EB2,C2D000B1,A6122660,02689126,426E2EB2,C2D2008F,B5122660,02669126,426F2EB2,C2D20093*5E
$PMTKLOX,1,317,2C202660,02449026,427C2EB2,C2B80062,3B202660,02849026,427E2EB2,C2C000CF,14232660,02199026,42F42EB2,C2C000F4,C6312660,02A29126,427C2EB2,C2FF0039,D5312660,029C9126,42802EB2,C208011E,E4312660,02829126,429F2EB2,C2300116*24
$PMTKLOX,1,318,F3312660,02819126,42A02EB2,C230013D,02322660,02809126,429E2EB2,C23001F0,07372660,02419126,42802EB2,C22A0135,81372660,02859126,42A42EB2,C2300149,90372660,02899126,42A22EB2,C22C014E,9F372660,028F9126,429D2EB2,C2240170*2D
$PMTKLOX,1,319,AE372660,02909126,429A2EB2,C223015E,BD372660,02909126,42992EB2,C223014E,32382660,02849126,42A22EB2,C21901DB,41382660,02779126,42A12EB2,C2190158,50382660,02709126,42A02EB2,C21C014A,5F382660,026E9126,429F2EB2,C21B0163*55
$PMTKLOX,1,320,6E382660,026A9126,429F2EB2,C21B0156,2A402660,02AC9026,428D2EB2,C2BA001F,39402660,02BE9026,428D2EB2,C2C20066,48402660,02C59026,42952EB2,C2C8007E,7E462660,02DC9026,42B12EB2,C2B80003,8D462660,02DC9026,42AF2EB2,C2B800EE*22
$PMTKLOX,1,321,9C462660,02E49026,42B22EB2,C2B800DA,AB462660,02E29026,42B52EB2,C2B800EC,D8482660,02679126,428E2EB2,C2050192,3F4A2660,02799126,42A82EB2,C2220168,D14A2660,026A9126,42AC2EB2,C20C01BF,E04A2660,02689126,42AA2EB2,C20E0188*21
$PMTKLOX,1,322,EF4A2660,02689126,42AB2EB2,C20E0186,FE4A2660,02699126,42AA2EB2,C2100189,884B2660,027E9126,42A12EB2,C21E01EC,974B2660,02849126,42A02EB2,C2200136,A64B2660,02889126,42A12EB2,C2230109,E54C2660,02939126,429F2EB2,C225016E*59
$PMTKLOX,1,323,F44C2660,02989126,429F2EB2,C2260177,034D2660,02959126,429E2EB2,C227018C,124D2660,02979126,42A02EB2,C22801AE,214D2660,02979126,42A12EB2,C228019C,8A4D2660,027D9126,428D2EB2,C21101C8,994D2660,02859126,42972EB2,C21F0137*5A
$PMTKLOX,1,324,A84D2660,02959126,42952EB2,C224012F,B74D2660,029B9126,42902EB2,C21E0101,C64D2660,029E9126,428E2EB2,C21B016E,D54D2660,029D9126,428A2EB2,C2170176,004F2660,02C19126,42412EB2,C2B90099,0F4F2660,02BA9126,423F2EB2,C2BD0097*26
$PMTKLOX,1,325,1E4F2660,02B89126,423F2EB2,C2BE0087,2D4F2660,02B89126,42402EB2,C2BE00CB,3C4F2660,02B89126,42412EB2,C2BE00DB,BA4F2660,02B79126,424F2EB2,C2B8005A,C94F2660,02B09126,424D2EB2,C2B8002C,D84F2660,02B39126,424E2EB2,C2B70032*5E
$PMTKLOX,1,326,E74F2660,02B29126,424F2EB2,C2B7000D,F64F2660,02B29126,424F2EB2,C2B7001C,6E502660,02989126,425C2EB2,C2B800AD,7D502660,02A59126,425E2EB2,C2B80081,8C502660,02A59126,42612EB2,C2B70040,9B502660,02A59126,42632EB2,C2B70055*22
$PMTKLOX,1,327,AA502660,02AC9126,425E2EB2,C2B70050,28512660,02989126,42542EB2,C2B800E2,37512660,02989126,42532EB2,C2B700F5,46512660,029E9126,42542EB2,C2B70085,55512660,02A09126,42572EB2,C2B700AB,64512660,02A39126,42582EB2,C2B70096*5A
$PMTKLOX,1,328,C8522660,02649126,42992EB2,C22B01A2,28632660,02AD9126,427F2EB2,C2B700C1,78642660,02A79126,42912EB2,C2B8007D,87642660,02A99126,428F2EB2,C2B80092,96642660,02AA9126,428D2EB2,C2B80082,14682660,02CF9026,42922EB2,C2B80077*2E
$PMTKLOX,1,329,23682660,02D49026,428E2EB2,C2BE0041,D4682660,02A69126,42A62EB2,C2B900EA,E3682660,028C9126,42A62EB2,C2B900F7,6C6C2660,02879026,42862EB2,C2BC0053,AC722660,02B79026,42AF2EB2,C2BA0092,BB722660,02B39026,42B32EB2,C2C200E5*50
$PMTKLOX,1,330,CA722660,02BD9026,42B82EB2,C2CC009F,D9722660,02C69026,42B92EB2,C2D300E9,F9742660,02659126,42AA2EB2,C21301BF,E6832660,02779126,42952EB2,C2BB00D3,F5832660,02759126,42982EB2,C2BB00CF,36882660,028A9126,42692EB2,C2B8000A*5C
$PMTKLOX,1,331,F0882660,029E9126,427C2EB2,C2B900CC,A4892660,02B69126,427C2EB2,C2B900B1,C08B2660,025E9126,42AD2EB2,C208015E,908E2660,02989026,42AB2EB2,C2B9007A,9F8E2660,02569026,42692EB2,C2BF007F,7E912660,02749026,42BE2EB2,C2BB0070*5D
$PMTKLOX,1,332,B6952660,02CD9026,42802EB2,C2B80038,B4972660,02169126,426A2EB2,C2BB000B,C3972660,02739126,42402EB2,C2C90041,D2972660,028E9126,42992EB2,C2E1005C,E1972660,027E9126,429E2EB2,C2E6009F,DC9C2660,02209126,42BA2EB2,C2BC0089*25
$PMTKLOX,1,333,D2A62660,02599126,42D12EB2,C2C100D2,68A72660,02789126,42942EB2,C2B80074,77A72660,026C9126,42902EB2,C2B9007A,86A72660,026E9126,428E2EB2,C2BA0094,EEA82660,028B9126,42A02EB2,C2B9003B,FDA82660,02599126,42912EB2,C2BB00C9*26
$PMTKLOX,1,334,0DAB2660,02759126,42982EB2,C21B01BE,1CAB2660,02729126,42942EB2,C21801A7,38AD2660,029E9126,42A62EB2,C2300173,DAAD2660,02BB9026,427E2EB2,C2BA00E6,E9AD2660,02109126,42982EB2,C2C000E3,F8AD2660,02149126,42952EB2,C2C400FF*23
$PMTKLOX,1,335,C2B02660,024A9126,42692EB2,C2B90007,D1B02660,02309126,425E2EB2,C2B90059,CAB52660,02359126,42A82EB2,C20F0103,3AB72660,029F9026,42932EB2,C2BB00D4,B6BC2660,020C9126,42C12EB2,C2BA0092,C5BC2660,025B9126,42DE2EB2,C2C800DB*26
$PMTKLOX,1,336,D4BC2660,02649126,42DC2EB2,C2CF00F0,E3BC2660,02389126,42C12EB2,C2E000A9,72CA2660,02DE9026,42732EB2,C2BA0041,09CB2660,02689126,42A32EB2,C20C01EB,18CB2660,025F9126,42A72EB2,C20A01CF,27CB2660,027B9126,42A42EB2,C21901C4*5C
$PMTKLOX,1,337,55CC2660,02579126,42AE2EB2,C20B0185,64CC2660,02609126,42A72EB2,C2080189,73CC2660,02639126,42A52EB2,C209019E,82CC2660,02659126,42A42EB2,C2080169,91CC2660,025A9126,42A92EB2,C2060146,FFFFFFFF,FFFFFFFF,FFFFFFFF,FFFFFFFF*5B
$PMTKLOX,1,338,FFFFFFFF,FFFFFFFF,FFFFFFFF,FFFFFFFF,FFFFFFFF,FFFFFFFF,FFFFFFFF,FFFFFFFF,FFFFFFFF,FFFFFFFF,FFFFFFFF,FFFFFFFF,FFFFFFFF,FFFFFFFF,FFFFFFFF,FFFFFFFF,FFFFFFFF,FFFFFFFF,FFFFFFFF,FFFFFFFF,FFFFFFFF,FFFFFFFF,FFFFFFFF,FFFFFFFF*50
$PMTKLOX,1,339,FFFFFFFF,FFFFFFFF,FFFFFFFF,FFFFFFFF,FFFFFFFF,FFFFFFFF,FFFFFFFF,FFFFFFFF,FFFFFFFF,FFFFFFFF,FFFFFFFF,FFFFFFFF,FFFFFFFF,FFFFFFFF,FFFFFFFF,FFFFFFFF,FFFFFFFF,FFFFFFFF,FFFFFFFF,FFFFFFFF,FFFFFFFF,FFFFFFFF,FFFFFFFF,FFFFFFFF*51
$PMTKLOX,1,340,FFFFFFFF,FFFFFFFF,FFFFFFFF,FFFFFFFF,FFFFFFFF,FFFFFFFF,FFFFFFFF,FFFFFFFF,FFFFFFFF,FFFFFFFF,FFFFFFFF,FFFFFFFF,FFFFFFFF,FFFFFFFF,FFFFFFFF,FFFFFFFF,FFFFFFFF,FFFFFFFF,FFFFFFFF,FFFFFFFF,FFFFFFFF,FFFFFFFF,FFFFFFFF,FFFFFFFF*5F
$PMTKLOX,1,341,FFFFFFFF,FFFFFFFF,FFFFFFFF,FFFFFFFF,FFFFFFFF,FFFFFFFF,FFFFFFFF,FFFFFFFF*5E
$PMTKLOX,2*47
$PMTK001,622,3*36
