$PMTK001,314,3*36
$PMTKLOX,0,427*58
$PMTKLOX,1,0,0100010A,1F000000,0F000000,0000100A,00000000,00000000,00000000,00000000,00000000,00000000,00000000,0000001F,FFFFFFFF,FFFFFFFF,FFFFFFFF,000C8C14,D1421C60,026E9126,429A2EB2,C20301B0,E0421C60,02689126,42982EB2,C2030185*59
$PMTKLOX,1,1,EF421C60,02619126,429B2EB2,C2040187,FE421C60,025F9126,429C2EB2,C20401AF,0D431C60,02649126,429A2EB2,C2040160,1C431C60,02659126,42992EB2,C2040173,2B431C60,02629126,42992EB2,C2040143,3A431C60,025E9126,42972EB2,C2040160*20
$PMTKLOX,1,2,E5431C60,02729126,429D2EB2,C2080195,F4431C60,026E9126,429E2EB2,C208019B,03441C60,026C9126,429B2EB2,C209016D,FC971D60,02329126,427E2EB2,C2D00023,0B981D60,02729126,42892EB2,C2D1006D,1A981D60,027B9126,428B2EB2,C2D20074*5E
$PMTKLOX,1,3,29981D60,026F9126,428A2EB2,C2D20052,38981D60,024F9126,42852EB2,C2D3006D,47981D60,025D9126,428B2EB2,C2D50008,56981D60,02489126,42872EB2,C2D50000,65981D60,02239126,42832EB2,C2D6005F,74981D60,02FA9026,42802EB2,C2D70094*22
$PMTKLOX,1,4,83981D60,02FB9026,42802EB2,C2D8006D,E89B1D60,02609126,42A62EB2,C2E30082,F79B1D60,025F9126,42A52EB2,C2E300A1,069C1D60,02609126,42A42EB2,C2E30069,159C1D60,025E9126,42A12EB2,C2E30041,249C1D60,02599126,429E2EB2,C2E30048*58
$PMTKLOX,1,5,339C1D60,02519126,429B2EB2,C2E30052,429C1D60,024D9126,42982EB2,C2E3003C,519C1D60,02499126,42952EB2,C2E40021,609C1D60,02489126,42942EB2,C2E40010,6F9C1D60,02479126,42942EB2,C2E40010,7E9C1D60,02439126,42922EB2,C2E40003*20
$PMTKLOX,1,6,8D9C1D60,02449126,42902EB2,C2E400F5,9C9C1D60,02499126,42922EB2,C2E400EB,AB9C1D60,02569126,42972EB2,C2E400C6,BA9C1D60,025D9126,429F2EB2,C2E400D4,C99C1D60,02669126,42A32EB2,C2E500A1,D89C1D60,02739126,42AB2EB2,C2E500AD*23
$PMTKLOX,1,7,E79C1D60,02829126,42A02EB2,C2E50068,F69C1D60,028A9126,429D2EB2,C2E5004C,059D1D60,028B9126,429C2EB2,C2E500BE,149D1D60,028B9126,429F2EB2,C2E500AC,239D1D60,02869126,429E2EB2,C2E50097,329D1D60,02719126,429D2EB2,C2E50072*59
$PMTKLOX,1,8,419D1D60,02669126,429B2EB2,C2E60013,509D1D60,02629126,429D2EB2,C2E60000,5F9D1D60,025E9126,429F2EB2,C2E60031,6E9D1D60,025F9126,429F2EB2,C2E60001,7D9D1D60,02629126,429D2EB2,C2E6002D,8C9D1D60,025B9126,429B2EB2,C2E600E3*2D
$PMTKLOX,1,9,9B9D1D60,025B9126,42982EB2,C2E600F7,AA9D1D60,025B9126,42982EB2,C2E600C6,B99D1D60,025D9126,42992EB2,C2E600D2,C89D1D60,025B9126,429D2EB2,C2E600A1,D79D1D60,02569126,429F2EB2,C2E600B1,E69D1D60,02529126,429D2EB2,C2E60086*28
$PMTKLOX,1,10,F59D1D60,02529126,429C2EB2,C2E60094,049E1D60,02589126,429B2EB2,C2E6006B,139E1D60,02589126,429C2EB2,C2E6007B,229E1D60,025A9126,429A2EB2,C2E6004E,319E1D60,02599126,429A2EB2,C2E6005E,409E1D60,025A9126,42992EB2,C2E6002F*12
$PMTKLOX,1,11,4F9E1D60,026B9126,42932EB2,C2E6001B,5E9E1D60,02739126,428F2EB2,C2E6000E,6D9E1D60,02859126,428A2EB2,C2E600CE,7C9E1D60,02829126,428D2EB2,C2E600DF,8B9E1D60,027C9126,42902EB2,C2E600CB,9A9E1D60,02799126,42912EB2,C2E600DE*11
$PMTKLOX,1,12,A99E1D60,02769126,42912EB2,C2E600E2,B89E1D60,02749126,42932EB2,C2E600F3,C79E1D60,02739126,42922EB2,C2E6008A,D69E1D60,02689126,42972EB2,C2E70084,E59E1D60,02679126,429C2EB2,C2E700B3,F49E1D60,02669126,429D2EB2,C2E700A2*10
$PMTKLOX,1,13,039F1D60,02689126,429E2EB2,C2E70059,129F1D60,026A9126,429D2EB2,C2E70049,219F1D60,02639126,429D2EB2,C2E70073,309F1D60,02579126,42A02EB2,C2E7006B,3F9F1D60,02519126,429F2EB2,C2E7005D,72F01E60,023F9126,42D62EB2,C2B80004*11
$PMTKLOX,1,14,81F01E60,02449126,42D92EB2,C2B80083,90F01E60,021F9126,42CB2EB2,C2BA00D9,9FF01E60,02049126,42C22EB2,C2BE00C0,AEF01E60,02F89026,42BF2EB2,C2C3000C,BDF01E60,02F99026,42BB2EB2,C2C5001C,CCF01E60,02F69026,42B82EB2,C2C50061*6D
$PMTKLOX,1,15,DBF01E60,02F69026,42B62EB2,C2C50078,EAF01E60,02FB9026,42B62EB2,C2C60047,F9F01E60,02009126,42BA2EB2,C2C600A2,08F11E60,02079126,42BC2EB2,C2C60053,17F11E60,02139126,42BD2EB2,C2C70058,26F11E60,02349126,42B92EB2,C2C7004A*11
$PMTKLOX,1,16,35F11E60,02369126,42B92EB2,C2C80054,44F11E60,023B9126,42B82EB2,C2C80029,53F11E60,023F9126,42B92EB2,C2C8003B,62F11E60,02559126,42B62EB2,C2CC006B,71F11E60,02629126,42A82EB2,C2D1004C,80F11E60,02779126,429F2EB2,C2D4009A*16
$PMTKLOX,1,17,8FF11E60,02819126,429E2EB2,C2D50063,9EF11E60,02829126,429B2EB2,C2D50074,ADF11E60,02829126,429A2EB2,C2D50046,BCF11E60,02809126,429A2EB2,C2D50055,CBF11E60,027E9126,42982EB2,C2D500DE,DAF11E60,027B9126,429A2EB2,C2D500C8*6A
$PMTKLOX,1,18,E9F11E60,02769126,429A2EB2,C2D500F6,F8F11E60,026D9126,42982EB2,C2D500FE,07F21E60,02669126,42962EB2,C2D50007,16F21E60,02629126,42932EB2,C2D50017,25F21E60,02629126,42932EB2,C2D50024,34F21E60,02629126,42962EB2,C2D50030*1A
$PMTKLOX,1,19,43F21E60,02609126,42992EB2,C2D5004A,52F21E60,02649126,429B2EB2,C2D5005D,61F21E60,02639126,429B2EB2,C2D50069,70F21E60,025D9126,429B2EB2,C2D50046,7FF21E60,02569126,429C2EB2,C2D50045,8EF21E60,02579126,429A2EB2,C2D500B3*1D
$PMTKLOX,1,20,9DF21E60,027F9126,429D2EB2,C2D6008C,ACF21E60,028D9126,429F2EB2,C2D6004D,BBF21E60,02959126,42A12EB2,C2D7007D,CAF21E60,02909126,42A02EB2,C2D70008,D9F21E60,02869126,429E2EB2,C2D70033,E8F21E60,02809126,429E2EB2,C2D70004*6E
$PMTKLOX,1,21,F7F21E60,02799126,429F2EB2,C2D800EC,06F31E60,02729126,42A02EB2,C2D80028,15F31E60,02709126,42A02EB2,C2D80039,24F31E60,026E9126,429B2EB2,C2D8002D,33F31E60,026E9126,42902EB2,C2D80031,42F31E60,026B9126,428D2EB2,C2D80058*6F
$PMTKLOX,1,22,51F31E60,02649126,42872EB2,C2D9004F,60F31E60,02629126,42832EB2,C2DA007F,6FF31E60,02609126,42852EB2,C2DA0074,7EF31E60,02619126,42882EB2,C2DA0069,8DF31E60,02619126,428B2EB2,C2DA0099,9CF31E60,025E9126,428E2EB2,C2DA00B2*17
$PMTKLOX,1,23,ABF31E60,02629126,42952EB2,C2DB00A3,BAF31E60,025E9126,42992EB2,C2DB0082,C9F31E60,025D9126,429A2EB2,C2DB00F1,D8F31E60,025D9126,429A2EB2,C2DB00E0,E7F31E60,02589126,429A2EB2,C2DB00DA,F6F31E60,02559126,429C2EB2,C2DB00C0*16
$PMTKLOX,1,24,05F41E60,02509126,429B2EB2,C2DB0036,14F41E60,024B9126,429C2EB2,C2DB003B,23F41E60,02499126,429A2EB2,C2DB0008,32F41E60,02629126,42A72EB2,C2DC0008,41F41E60,02659126,42AB2EB2,C2DC0070,50F41E60,02699126,42AB2EB2,C2DC006D*17
$PMTKLOX,1,25,5FF41E60,02699126,42A92EB2,C2DC0060,6EF41E60,026D9126,42A72EB2,C2DC005B,7DF41E60,026C9126,42A62EB2,C2DC0048,8CF41E60,026D9126,42A62EB2,C2DC00B8,9BF41E60,026A9126,42A62EB2,C2DC00A8,AAF41E60,026A9126,42A82EB2,C2DC0097*16
$PMTKLOX,1,26,B9F41E60,026C9126,42A92EB2,C2DC0083,C8F41E60,026D9126,42A92EB2,C2DC00F3,D7F41E60,02719126,42A92EB2,C2DC00F0,E6F41E60,02799126,42A32EB2,C2DE00C1,F5F41E60,02809126,429E2EB2,C2DF0017,04F51E60,027F9126,429C2EB2,C2E40021*6A
$PMTKLOX,1,27,13F51E60,027A9126,42992EB2,C2E40036,22F51E60,02879126,428B2EB2,C2E700EB,31F51E60,02979126,427E2EB2,C2E90013,40F51E60,029A9126,427A2EB2,C2EA0068,4FF51E60,02999126,42772EB2,C2EB0068,5EF51E60,02959126,42782EB2,C2EB007A*14
$PMTKLOX,1,28,6DF51E60,02929126,42762EB2,C2EB0040,7CF51E60,02949126,42752EB2,C2EB0054,8BF51E60,02959126,42782EB2,C2EB00AF,9AF51E60,02919126,427A2EB2,C2EB00B8,A9F51E60,028D9126,427B2EB2,C2EB0096,B8F51E60,02829126,42812EB2,C2EC0075*62
$PMTKLOX,1,29,C7F51E60,027B9126,42862EB2,C2EE00F6,D6F51E60,027E9126,42842EB2,C2EE00E0,E5F51E60,027E9126,42852EB2,C2EE00D2,F4F51E60,027D9126,42852EB2,C2EF00C1,03F61E60,027C9126,42842EB2,C2EF0035,12F61E60,027E9126,42832EB2,C2EF0021*65
$PMTKLOX,1,30,21F61E60,02819126,42832EB2,C2EF00ED,30F61E60,027E9126,42832EB2,C2EF0003,3FF61E60,027A9126,42852EB2,C2EF000E,4EF61E60,026D9126,42882EB2,C2F0007A,5DF61E60,02679126,428A2EB2,C2F00061,6CF61E60,02659126,428A2EB2,C2F00052*6F
$PMTKLOX,1,31,7BF61E60,02679126,42892EB2,C2F00044,8AF61E60,02739126,42862EB2,C2F000AE,99F61E60,02799126,42852EB2,C2F000B4,A8F61E60,02769126,42822EB2,C2F0008D,B7F61E60,02779126,42832EB2,C2F10093,C6F61E60,02799126,42862EB2,C2F100E9*6E
$PMTKLOX,1,32,D5F61E60,02769126,42862EB2,C2F100F5,E4F61E60,02789126,42852EB2,C2F100C9,F3F61E60,02739126,428D2EB2,C2F100DD,02F71E60,02709126,42912EB2,C2F20031,11F71E60,02729126,428F2EB2,C2F2003E,20F71E60,028A9126,42832EB2,C2F300FA*16
$PMTKLOX,1,33,2FF71E60,02879126,42872EB2,C2F400FB,3EF71E60,02989126,427D2EB2,C2F5000E,4DF71E60,029E9126,427C2EB2,C2F60079,5CF71E60,02A49126,427E2EB2,C2F70051,6BF71E60,029F9126,42852EB2,C2F800A9,7AF71E60,029C9126,42872EB2,C2F900B8*6C
$PMTKLOX,1,34,89F71E60,02959126,42912EB2,C2FA0057,98F71E60,02969126,428F2EB2,C2FA005B,A7F71E60,02959126,42902EB2,C2FA0078,B6F71E60,02929126,42902EB2,C2FB006F,C5F71E60,028F9126,42912EB2,C2FB0000,D4F71E60,02829126,42942EB2,C2FC001E*14
$PMTKLOX,1,35,E3F71E60,02759126,42962EB2,C2FC00DC,F2F71E60,02719126,42962EB2,C2FC00C9,01F81E60,026E9126,42982EB2,C2FD0025,10F81E60,026C9126,42982EB2,C2FD0036,1FF81E60,02689126,42982EB2,C2FD003D,2EF81E60,02659126,42962EB2,C2FE000C*17
$PMTKLOX,1,36,3DF81E60,02679126,42952EB2,C2FE001E,4CF81E60,02679126,42982EB2,C2FE0062,5BF81E60,02689126,42992EB2,C2FE007B,6AF81E60,02699126,429B2EB2,C20001B6,79F81E60,02669126,429B2EB2,C20101AB,88F81E60,02659126,42992EB2,C201015B*6B
$PMTKLOX,1,37,97F81E60,026B9126,42992EB2,C2030148,A6F81E60,026F9126,429C2EB2,C2030178,B5F81E60,026D9126,429E2EB2,C204016C,C4F81E60,027A9126,429F2EB2,C204010B,D3F81E60,027A9126,429F2EB2,C204011C,E2F81E60,027E9126,429E2EB2,C2050129*17
$PMTKLOX,1,38,F1F81E60,02829126,429F2EB2,C20501C7,00F91E60,02869126,429C2EB2,C2060133,0FF91E60,02889126,42982EB2,C2070137,1EF91E60,02879126,42982EB2,C2070129,2DF91E60,02859126,428D2EB2,C207010D,3CF91E60,028D9126,428A2EB2,C208011C*1A
$PMTKLOX,1,39,4BF91E60,02889126,42882EB2,C209016D,5AF91E60,02859126,42852EB2,C209017C,69F91E60,028E9126,42812EB2,C2090140,78F91E60,028C9126,42802EB2,C2090152,87F91E60,02829126,42852EB2,C20A01A5,96F91E60,027E9126,42892EB2,C20B0145*60
$PMTKLOX,1,40,A5F91E60,02789126,428B2EB2,C20B0172,B4F91E60,02749126,428B2EB2,C20C0168,C3F91E60,02729126,428D2EB2,C20C011F,D2F91E60,02719126,428E2EB2,C20C010E,E1F91E60,02699126,42982EB2,C20E0131,F0F91E60,02669126,429A2EB2,C2110132*6C
$PMTKLOX,1,41,FFF91E60,02629126,429A2EB2,C2110139,0EFA1E60,02629126,429E2EB2,C21101CF,1DFA1E60,02689126,429D2EB2,C21201D6,2CFA1E60,026B9126,429B2EB2,C21301E3,3BFA1E60,026B9126,429B2EB2,C21401F3,4AFA1E60,026C9126,42992EB2,C2140187*12
$PMTKLOX,1,42,59FA1E60,02739126,42982EB2,C2160188,68FA1E60,02759126,42972EB2,C21601B0,77FA1E60,02759126,42972EB2,C21601AF,FFFFFFFF,FFFFFFFF,FFFFFFFF,FFFFFFFF,0200010A,1F000000,0F000000,0000130A,00000000,00000000,00000000,00000000*11
$PMTKLOX,1,43,00000000,00000000,00000000,0000001F,FFFFFFFF,FFFFFFFF,FFFFFFFF,000C8C14,86FA1E60,02729126,42952EB2,C217015A,95FA1E60,02719126,42942EB2,C217014B,A4FA1E60,02719126,42952EB2,C217017B,B3FA1E60,02709126,42932EB2,C217016B*15
$PMTKLOX,1,44,C2FA1E60,02709126,42932EB2,C217011A,D1FA1E60,026F9126,42922EB2,C2170117,E0FA1E60,02729126,42942EB2,C217013D,EFFA1E60,02749126,42952EB2,C2170135,FEFA1E60,026F9126,42952EB2,C2180130,0DFB1E60,02699126,42972EB2,C21801C6*13
$PMTKLOX,1,45,1CFB1E60,02699126,42972EB2,C21701D8,2BFB1E60,02669126,42982EB2,C21701EF,3AFB1E60,026F9126,42982EB2,C21601F6,49FB1E60,027A9126,42972EB2,C215019C,58FB1E60,02819126,42952EB2,C2140175,67FB1E60,027D9126,42942EB2,C21401B7*6B
$PMTKLOX,1,46,76FB1E60,02809126,42942EB2,C214015B,85FB1E60,02809126,42942EB2,C21301AF,94FB1E60,02809126,42932EB2,C21101BB,A3FB1E60,027F9126,42922EB2,C2110172,B2FB1E60,027B9126,42942EB2,C2110161,C1FB1E60,02789126,42962EB2,C2110113*6C
$PMTKLOX,1,47,D0FB1E60,02749126,42962EB2,C210010F,DFFB1E60,02749126,42982EB2,C20F0111,EEFB1E60,02759126,42992EB2,C20F0120,FDFB1E60,02749126,42992EB2,C20F0132,0CFC1E60,02749126,429A2EB2,C20F01C7,1BFC1E60,02749126,429C2EB2,C20F01D6*16
$PMTKLOX,1,48,2AFC1E60,02739126,429B2EB2,C20F01E7,39FC1E60,02729126,429B2EB2,C20F01F5,48FC1E60,02789126,429C2EB2,C20F0189,57FC1E60,027A9126,429B2EB2,C20F0193,66FC1E60,02779126,429B2EB2,C20F01AF,75FC1E60,02779126,429B2EB2,C20F01BC*64
$PMTKLOX,1,49,84FC1E60,02789126,429B2EB2,C20F0142,93FC1E60,02789126,429B2EB2,C20F0155,A2FC1E60,02779126,429B2EB2,C20F016B,B1FC1E60,02779126,429B2EB2,C20F0178,C0FC1E60,02749126,429A2EB2,C2100114,CFFC1E60,02719126,429A2EB2,C210011E*1C
$PMTKLOX,1,50,DEFC1E60,02709126,429A2EB2,C210010E,EDFC1E60,026C9126,429B2EB2,C2100120,FCFC1E60,026E9126,429B2EB2,C2100133,0BFD1E60,026D9126,429C2EB2,C21001C1,1AFD1E60,026E9126,429D2EB2,C21001D2,29FD1E60,02709126,429D2EB2,C21001FF*10
$PMTKLOX,1,51,38FD1E60,02719126,429D2EB2,C21001EF,47FD1E60,026D9126,429E2EB2,C210018F,56FD1E60,026C9126,429E2EB2,C210019F,65FD1E60,026B9126,429D2EB2,C21001A8,74FD1E60,026A9126,429D2EB2,C21001B8,83FD1E60,02699126,429C2EB2,C210014D*17
$PMTKLOX,1,52,92FD1E60,02689126,429D2EB2,C210015C,A1FD1E60,02659126,429B2EB2,C2100164,B0FD1E60,02659126,42992EB2,C2100177,BFFD1E60,02629126,42982EB2,C210017E,CEFD1E60,02609126,429A2EB2,C210010F,DDFD1E60,025D9126,429C2EB2,C2100127*69
$PMTKLOX,1,53,ECFD1E60,02629126,429C2EB2,C2100129,FBFD1E60,02629126,429C2EB2,C210013E,0AFE1E60,02649126,429D2EB2,C21001CB,19FE1E60,02639126,429F2EB2,C21001DD,28FE1E60,025D9126,42A12EB2,C21001EC,37FE1E60,025D9126,42A32EB2,C21001F1*11
$PMTKLOX,1,54,46FE1E60,025B9126,42A42EB2,C2100181,55FE1E60,025B9126,42A52EB2,C2100193,64FE1E60,02579126,42A42EB2,C21001AF,73FE1E60,025B9126,42A12EB2,C21001B1,82FE1E60,02619126,42A02EB2,C210017B,91FE1E60,02729126,429D2EB2,C2110147*10
$PMTKLOX,1,55,A0FE1E60,027A9126,429A2EB2,C2110179,AFFE1E60,027C9126,42992EB2,C2110173,BEFE1E60,027C9126,429A2EB2,C2110161,CDFE1E60,027E9126,42992EB2,C2110113,DCFE1E60,02809126,429A2EB2,C21101FF,EBFE1E60,02829126,429A2EB2,C21101CA*15
$PMTKLOX,1,56,FAFE1E60,02819126,429A2EB2,C21101D8,09FF1E60,027F9126,429B2EB2,C21101D5,18FF1E60,027E9126,429C2EB2,C21201C1,27FF1E60,02809126,429B2EB2,C2120107,36FF1E60,02819126,429C2EB2,C2120110,45FF1E60,02809126,429D2EB2,C2120163*14
$PMTKLOX,1,57,54FF1E60,027F9126,429E2EB2,C212018E,63FF1E60,027E9126,429E2EB2,C21201B8,72FF1E60,027E9126,429C2EB2,C21201AB,81FF1E60,027E9126,429A2EB2,C212015E,90FF1E60,027E9126,429B2EB2,C212014E,9FFF1E60,027F9126,429A2EB2,C2120141*15
$PMTKLOX,1,58,AEFF1E60,02809126,42962EB2,C2120183,BDFF1E60,02819126,42962EB2,C2120191,CCFF1E60,02839126,42962EB2,C21201E2,DBFF1E60,02809126,42982EB2,C21201F8,EAFF1E60,02829126,42992EB2,C21201CA,F9FF1E60,02889126,42972EB2,C21201DD*1A
$PMTKLOX,1,59,08001F60,028C9126,42962EB2,C21201D7,17001F60,028C9126,42942EB2,C21201CA,26001F60,028C9126,42922EB2,C21201FD,35001F60,028B9126,42912EB2,C21201EA,44001F60,02879126,42922EB2,C2120194,53001F60,027F9126,42942EB2,C212017D*1F
$PMTKLOX,1,60,62001F60,026D9126,42982EB2,C2130153,71001F60,02699126,42992EB2,C2130145,80001F60,025E9126,429E2EB2,C2130184,8F001F60,02649126,42A42EB2,C213018B,9E001F60,02729126,429B2EB2,C21301B3,AD001F60,02899126,42922EB2,C2130172*15
$PMTKLOX,1,61,BC001F60,028D9126,42922EB2,C2130167,CB001F60,028A9126,42922EB2,C2130117,DA001F60,02839126,42942EB2,C2130109,E9001F60,027B9126,42962EB2,C21301C0,F8001F60,02799126,42972EB2,C21301D2,07011F60,02749126,429A2EB2,C213012C*16
$PMTKLOX,1,62,16011F60,02719126,429C2EB2,C213013E,25011F60,026F9126,429D2EB2,C2130112,34011F60,02779126,429F2EB2,C2130119,43011F60,027C9126,429E2EB2,C2130164,52011F60,02829126,429E2EB2,C213018B,61011F60,02829126,429E2EB2,C21401BF*6C
$PMTKLOX,1,63,70011F60,02829126,429E2EB2,C21401AE,7F011F60,027F9126,429E2EB2,C214015C,8E011F60,027A9126,429E2EB2,C21401A8,9D011F60,02709126,429D2EB2,C21401B2,AC011F60,026B9126,429D2EB2,C2140198,BB011F60,02689126,429C2EB2,C214018D*69
$PMTKLOX,1,64,CA011F60,02679126,429B2EB2,C21401F4,D9011F60,026B9126,42982EB2,C21401E8,E8011F60,02709126,42962EB2,C21401CC,F7011F60,02719126,42972EB2,C21401D3,06021F60,02709126,42982EB2,C214012F,15021F60,026D9126,42982EB2,C2140121*6E
$PMTKLOX,1,65,24021F60,02719126,42982EB2,C214010C,33021F60,02779126,42962EB2,C2140113,42021F60,027D9126,42942EB2,C214016A,51021F60,028B9126,42902EB2,C214018B,60021F60,028B9126,428D2EB2,C21401A7,6F021F60,02859126,428C2EB2,C21401A7*10
$PMTKLOX,1,66,7E021F60,027F9126,428B2EB2,C214014B,8D021F60,02709126,428E2EB2,C21401B2,9C021F60,02679126,42972EB2,C21401AD,AB021F60,02639126,42972EB2,C214019E,BA021F60,02659126,42972EB2,C2140189,C9021F60,02639126,42982EB2,C21401F3*11
$PMTKLOX,1,67,D8021F60,026F9126,429A2EB2,C21401EC,E7021F60,02789126,429A2EB2,C21401C4,F6021F60,027C9126,429A2EB2,C21401D1,05031F60,027B9126,42982EB2,C2140126,14031F60,02759126,42972EB2,C2140136,23031F60,02709126,42962EB2,C2140105*14
$PMTKLOX,1,68,32031F60,02699126,42972EB2,C215010D,41031F60,02629126,429C2EB2,C215017E,50031F60,025C9126,429F2EB2,C2150152,5F031F60,025B9126,42A02EB2,C2150165,6E031F60,02599126,42A02EB2,C2150156,7D031F60,02589126,429F2EB2,C215017B*1F
$PMTKLOX,1,69,8C031F60,025A9126,429F2EB2,C2150188,9B031F60,025C9126,429E2EB2,C2150198,AA031F60,025D9126,429E2EB2,C21501A8,B9031F60,02629126,429D2EB2,C2150187,C8031F60,02639126,429B2EB2,C21501F1,D7031F60,02629126,429A2EB2,C21501EE*63
$PMTKLOX,1,70,E6031F60,02619126,42992EB2,C21501DF,F5031F60,02609126,429A2EB2,C21501CE,04041F60,02619126,429B2EB2,C2150138,13041F60,025F9126,429A2EB2,C2150110,22041F60,025E9126,429B2EB2,C2150121,31041F60,025F9126,42982EB2,C2150130*12
$PMTKLOX,1,71,40041F60,025E9126,42982EB2,C2150140,4F041F60,025C9126,429A2EB2,C215014F,5E041F60,025C9126,429C2EB2,C2150158,6D041F60,025F9126,429C2EB2,C2150168,7C041F60,02609126,429D2EB2,C2150147,8B041F60,02629126,429F2EB2,C21501B0*6A
$PMTKLOX,1,72,9A041F60,02619126,429F2EB2,C21501A2,A9041F60,02649126,42A02EB2,C21501AB,B8041F60,02679126,42A42EB2,C21501BD,C7041F60,026B9126,42A62EB2,C21501CC,D6041F60,026C9126,42A82EB2,C21501D4,E5041F60,026C9126,42A82EB2,C21501E7*69
$PMTKLOX,1,73,F4041F60,026B9126,42A92EB2,C21501F0,03051F60,02689126,42A82EB2,C2150104,12051F60,02629126,42A62EB2,C2150111,21051F60,02619126,42A52EB2,C2150122,30051F60,025B9126,42A32EB2,C215010F,3F051F60,025E9126,42A02EB2,C2160105*17
$PMTKLOX,1,74,4E051F60,025F9126,429E2EB2,C216014B,5D051F60,025F9126,429F2EB2,C2160159,6C051F60,025F9126,42A02EB2,C2160157,7B051F60,02609126,42A02EB2,C216017F,8A051F60,02619126,42A12EB2,C216018E,99051F60,02659126,42A32EB2,C216019B*6D
$PMTKLOX,1,75,A8051F60,026B9126,42A52EB2,C21601A2,B7051F60,02729126,42A62EB2,C21601A7,C6051F60,02839126,42A92EB2,C2170129,D5051F60,02819126,42AA2EB2,C217013B,E4051F60,02809126,42AC2EB2,C217010D,F3051F60,02959126,42AE2EB2,C217010D*13
$PMTKLOX,1,76,02061F60,02949126,42AA2EB2,C21801F5,11061F60,02959126,42A92EB2,C21801E4,20061F60,02969126,42AC2EB2,C21801D3,2F061F60,02989126,42AC2EB2,C21801D2,3E061F60,02939126,42AB2EB2,C21801CF,4D061F60,028D9126,42AA2EB2,C21801A3*6D
$PMTKLOX,1,77,5C061F60,02889126,42A62EB2,C21801BB,6B061F60,02789126,42A32EB2,C2190178,7A061F60,02689126,42A42EB2,C219017E,89061F60,02629126,42A22EB2,C2190181,98061F60,02619126,42A22EB2,C2190193,A7061F60,025F9126,42A22EB2,C2190192*6C
$PMTKLOX,1,78,B6061F60,02609126,42A22EB2,C21901BC,C5061F60,025E9126,42A22EB2,C21901F1,D4061F60,025C9126,42A12EB2,C21901E1,E3061F60,025A9126,42A12EB2,C21901D0,F2061F60,025D9126,42A12EB2,C21901C6,01071F60,025E9126,42A02EB2,C2190136*65
$PMTKLOX,1,79,10071F60,02679126,42A22EB2,C219011C,1F071F60,027A9126,42A62EB2,C219010A,2E071F60,027D9126,42A62EB2,C21A013F,3D071F60,027A9126,42A62EB2,C21A012B,4C071F60,02799126,42A92EB2,C21A0156,5B071F60,027E9126,42A92EB2,C21B0147*1F
$PMTKLOX,1,80,6A071F60,02879126,42A62EB2,C21B0180,79071F60,02879126,42A62EB2,C21B0193,88071F60,02859126,42A92EB2,C21C0168,97071F60,02829126,42AA2EB2,C21C0173,A6071F60,027E9126,42AC2EB2,C21C01B8,B5071F60,027F9126,42AB2EB2,C21D01AC*1D
$PMTKLOX,1,81,C4071F60,02819126,42AC2EB2,C21D0124,D3071F60,027E9126,42AC2EB2,C21B01CA,E2071F60,02759126,42A92EB2,C21901F7,F1071F60,02739126,42A32EB2,C21801E9,00081F60,02729126,42A32EB2,C2180116,0F081F60,026B9126,429F2EB2,C218013C*65
$PMTKLOX,1,82,1E081F60,02689126,429E2EB2,C2170120,2D081F60,02689126,429B2EB2,C2150114,3C081F60,02689126,429A2EB2,C2150104,4B081F60,02629126,42972EB2,C2130172,5A081F60,025D9126,42952EB2,C211015C,69081F60,02529126,42942EB2,C2110161*62
$PMTKLOX,1,83,78081F60,024D9126,42932EB2,C2100169,87081F60,024B9126,42932EB2,C2100190,96081F60,024B9126,42902EB2,C20F019D,A5081F60,024A9126,42912EB2,C20E01AF,B4081F60,024E9126,42912EB2,C20E01BA,C3081F60,02509126,42912EB2,C20E01D3*65
$PMTKLOX,1,84,D2081F60,024C9126,428F2EB2,C20D01C3,E1081F60,02499126,42902EB2,C20D01EA,F0081F60,024C9126,42902EB2,C20E01FD,FF081F60,024A9126,428E2EB2,C20F01EB,0E091F60,02449126,428D2EB2,C20F0116,1D091F60,02399126,428C2EB2,C2100166*64
$PMTKLOX,1,85,2C091F60,02389126,428F2EB2,C2100155,FFFFFFFF,FFFFFFFF,FFFFFFFF,FFFFFFFF,0300010A,1F000000,0F000000,0000120A,00000000,00000000,00000000,00000000,00000000,00000000,00000000,0000001F,FFFFFFFF,FFFFFFFF,FFFFFFFF,000C8C14*1D
$PMTKLOX,1,86,3B091F60,02389126,42922EB2,C210015F,4A091F60,02399126,42942EB2,C2100129,59091F60,023C9126,42942EB2,C210013F,68091F60,023F9126,42912EB2,C2110109,77091F60,02439126,42912EB2,C2120169,86091F60,02409126,42912EB2,C212019B*1B
$PMTKLOX,1,87,95091F60,02449126,42902EB2,C213018C,A4091F60,024D9126,42902EB2,C21201B5,B3091F60,02509126,42912EB2,C21201BE,C2091F60,02579126,42942EB2,C21201CD,D1091F60,025B9126,42932EB2,C21101D6,E0091F60,025B9126,42942EB2,C21001E1*61
$PMTKLOX,1,88,EF091F60,02589126,42972EB2,C21001EE,FE091F60,02589126,429B2EB2,C21001F3,0D0A1F60,02599126,429C2EB2,C2110104,1C0A1F60,025D9126,429C2EB2,C2110111,2B0A1F60,02569126,429C2EB2,C211012D,3A0A1F60,02519126,429B2EB2,C210013D*13
$PMTKLOX,1,89,490A1F60,025A9126,429B2EB2,C2100145,580A1F60,025E9126,429B2EB2,C2100150,670A1F60,02629126,429C2EB2,C2100154,760A1F60,02619126,429C2EB2,C2100146,850A1F60,02659126,429B2EB2,C21001B6,940A1F60,02689126,429C2EB2,C21001AD*14
$PMTKLOX,1,90,A30A1F60,026B9126,429D2EB2,C2100198,B20A1F60,026C9126,429E2EB2,C210018D,C10A1F60,026B9126,429E2EB2,C21001F9,D00A1F60,026C9126,429D2EB2,C21001EC,DF0A1F60,026A9126,429D2EB2,C21001E5,EE0A1F60,026B9126,429B2EB2,C21001D3*61
$PMTKLOX,1,91,FD0A1F60,026B9126,429C2EB2,C21001C7,0C0B1F60,026C9126,429D2EB2,C2100131,1B0B1F60,02669126,429F2EB2,C210012E,2A0B1F60,02669126,42A12EB2,C2100121,390B1F60,02659126,42A22EB2,C2100132,480B1F60,02659126,42A42EB2,C2100145*19
$PMTKLOX,1,92,570B1F60,02659126,42A52EB2,C210015B,660B1F60,025F9126,42A62EB2,C2100153,750B1F60,02599126,42A52EB2,C2100145,840B1F60,02569126,42A52EB2,C21001BB,930B1F60,02569126,42A32EB2,C21001AA,A20B1F60,025A9126,42A32EB2,C2100197*63
$PMTKLOX,1,93,B10B1F60,02609126,42A12EB2,C21001BC,C00B1F60,025F9126,42A22EB2,C20F01EE,CF0B1F60,02629126,42A02EB2,C20F01DE,DE0B1F60,02649126,42A02EB2,C20F01C9,ED0B1F60,02619126,429E2EB2,C20F01C1,FC0B1F60,02609126,429D2EB2,C20F01D2*1B
$PMTKLOX,1,94,0B0C1F60,02649126,429C2EB2,C20F0127,1A0C1F60,02689126,429C2EB2,C20F013A,290C1F60,02679126,429B2EB2,C20F0101,380C1F60,02619126,429B2EB2,C20F0116,470C1F60,02599126,429C2EB2,C20F0156,560C1F60,02589126,429C2EB2,C20F0146*1C
$PMTKLOX,1,95,650C1F60,02569126,429B2EB2,C20F017C,740C1F60,02599126,429C2EB2,C20E0164,830C1F60,025C9126,429C2EB2,C20E0196,920C1F60,02689126,429A2EB2,C20F01B4,A10C1F60,02709126,42982EB2,C20F019D,B00C1F60,02749126,42972EB2,C20F0187*64
$PMTKLOX,1,96,BF0C1F60,02769126,42972EB2,C20F018A,CE0C1F60,02789126,42972EB2,C20F01F5,DD0C1F60,027C9126,42972EB2,C20F01E2,EC0C1F60,02829126,42992EB2,C20F0123,FB0C1F60,02849126,42992EB2,C20F0132,0A0D1F60,027F9126,42992EB2,C20F0139*65
$PMTKLOX,1,97,190D1F60,025E9126,429E2EB2,C20D010E,280D1F60,02519126,429E2EB2,C20D0130,370D1F60,024F9126,429D2EB2,C20D0132,460D1F60,02509126,429C2EB2,C20D015D,550D1F60,02559126,429B2EB2,C20D014C,640D1F60,025A9126,429B2EB2,C20D0172*64
$PMTKLOX,1,98,730D1F60,025F9126,429D2EB2,C20C0167,820D1F60,025E9126,42A02EB2,C20C01AA,910D1F60,025B9126,42A12EB2,C20B01BA,A00D1F60,02569126,42A22EB2,C20B0185,AF0D1F60,02519126,42A22EB2,C20B018D,BE0D1F60,024E9126,42A22EB2,C20B0183*6B
$PMTKLOX,1,99,CD0D1F60,024B9126,42A12EB2,C20B01F6,DC0D1F60,02489126,42A12EB2,C20B01E4,EB0D1F60,02459126,42A02EB2,C20B01DF,FA0D1F60,02459126,429E2EB2,C20B01F0,090E1F60,02449126,429F2EB2,C20B0100,180E1F60,02499126,429E2EB2,C20B011D*11
$PMTKLOX,1,100,270E1F60,024C9126,429E2EB2,C20B0127,360E1F60,024F9126,42A02EB2,C20B010B,450E1F60,02529126,42A12EB2,C20B0164,540E1F60,02559126,42A22EB2,C20B0171,630E1F60,025D9126,42A22EB2,C20A014F,720E1F60,025F9126,42A12EB2,C20A015F*26
$PMTKLOX,1,101,810E1F60,02609126,42A12EB2,C20A0193,900E1F60,025E9126,42A12EB2,C20A01BC,9F0E1F60,025B9126,42A22EB2,C20A01B5,AE0E1F60,025D9126,42A12EB2,C20A0181,BD0E1F60,02609126,42A12EB2,C20A01AF,CC0E1F60,02619126,42A12EB2,C20A01DF*27
$PMTKLOX,1,102,DB0E1F60,02609126,42A12EB2,C20A01C9,EA0E1F60,02649126,42A22EB2,C20A01FF,F90E1F60,02669126,42A02EB2,C20A01EC,080F1F60,02659126,42A02EB2,C20A011F,170F1F60,02659126,429F2EB2,C20A013F,260F1F60,02659126,429F2EB2,C20A010E*20
$PMTKLOX,1,103,350F1F60,025F9126,429E2EB2,C20A0126,440F1F60,02609126,429F2EB2,C20A0169,530F1F60,02619126,429F2EB2,C209017C,620F1F60,025F9126,429E2EB2,C2090172,710F1F60,02599126,429D2EB2,C2090164,800F1F60,02559126,429D2EB2,C2090199*25
$PMTKLOX,1,104,8F0F1F60,02569126,429E2EB2,C2090196,9E0F1F60,02529126,429D2EB2,C2090180,AD0F1F60,02509126,429D2EB2,C20901B1,BC0F1F60,024E9126,429D2EB2,C20901BE,CB0F1F60,024A9126,429C2EB2,C20901CC,DA0F1F60,02489126,42A12EB2,C20901E2*59
$PMTKLOX,1,105,E90F1F60,02539126,42A22EB2,C20901C9,F80F1F60,02519126,42A22EB2,C20901DA,07101F60,02509126,42A12EB2,C2090138,16101F60,02509126,429F2EB2,C2090117,25101F60,02649126,42A02EB2,C208012E,34101F60,02689126,42A02EB2,C2080133*5A
$PMTKLOX,1,106,43101F60,026E9126,429D2EB2,C208017F,52101F60,02709126,429D2EB2,C2080170,61101F60,02719126,429F2EB2,C207014F,70101F60,026F9126,42A22EB2,C207017D,7F101F60,02649126,42A52EB2,C207017E,8E101F60,026A9126,42A62EB2,C2070182*24
$PMTKLOX,1,107,9D101F60,026D9126,42A72EB2,C2070197,AC101F60,026A9126,42A72EB2,C20701A1,BB101F60,02639126,42AA2EB2,C20701B2,CA101F60,025F9126,42A92EB2,C20701FC,D9101F60,02619126,42A72EB2,C20701DF,E8101F60,025E9126,42A42EB2,C20701D2*23
$PMTKLOX,1,108,F7101F60,02639126,42A02EB2,C20601F5,06111F60,02689126,429D2EB2,C2060133,15111F60,02699126,429E2EB2,C2060122,24111F60,026A9126,429D2EB2,C2070112,33111F60,026C9126,429C2EB2,C2070102,42111F60,026C9126,429C2EB2,C2070173*2A
$PMTKLOX,1,109,51111F60,02689126,429B2EB2,C2070163,60111F60,02619126,429C2EB2,C207015C,6F111F60,02609126,429B2EB2,C2070155,7E111F60,025C9126,429B2EB2,C2070178,8D111F60,025C9126,429E2EB2,C207018E,9C111F60,025C9126,429E2EB2,C207019F*50
$PMTKLOX,1,110,AB111F60,025D9126,429E2EB2,C20701A9,BA111F60,02619126,429E2EB2,C2070184,C9111F60,02649126,429E2EB2,C20701F2,D8111F60,02659126,429E2EB2,C20701E2,E7111F60,02699126,429E2EB2,C20701D1,F6111F60,02699126,429E2EB2,C20701C0*5A
$PMTKLOX,1,111,05121F60,02669126,429D2EB2,C207013C,14121F60,02679126,429C2EB2,C207012D,23121F60,02659126,429D2EB2,C2070119,32121F60,02619126,429E2EB2,C2080100,41121F60,025E9126,429E2EB2,C208014C,50121F60,025B9126,429E2EB2,C2080158*26
$PMTKLOX,1,112,5F121F60,025C9126,429D2EB2,C2080153,6E121F60,02629126,429E2EB2,C208015F,7D121F60,02689126,429D2EB2,C2080145,8C121F60,02659126,429C2EB2,C20701B7,9B121F60,02629126,429D2EB2,C20701A6,AA121F60,02609126,429F2EB2,C2060196*27
$PMTKLOX,1,113,B9121F60,025F9126,429E2EB2,C20501B8,C8121F60,02649126,429B2EB2,C20501F7,D7121F60,02669126,42992EB2,C20301EE,E6121F60,02679126,429A2EB2,C20301DD,F5121F60,026B9126,429A2EB2,C20301C2,04131F60,026B9126,429A2EB2,C2030132*59
$PMTKLOX,1,114,13131F60,02699126,429B2EB2,C2030126,22131F60,02699126,429C2EB2,C2030110,31131F60,02699126,429B2EB2,C2030104,40131F60,02629126,429C2EB2,C2030179,4F131F60,025D9126,429F2EB2,C202014B,5E131F60,025C9126,429E2EB2,C2010159*23
$PMTKLOX,1,115,6D131F60,025D9126,429E2EB2,C201016B,7C131F60,025F9126,429C2EB2,C201017A,8B131F60,02619126,429A2EB2,C20101B5,9A131F60,02639126,42992EB2,C20101A5,A9131F60,02689126,42972EB2,C2010193,B8131F60,02699126,42972EB2,C2010183*24
$PMTKLOX,1,116,C7131F60,02699126,42972EB2,C20101FC,D6131F60,026D9126,42962EB2,C20101E8,E5131F60,026F9126,42962EB2,C20101D9,F4131F60,026F9126,42982EB2,C20101C6,03141F60,026D9126,42992EB2,C2010135,12141F60,026F9126,429A2EB2,C2010125*23
$PMTKLOX,1,117,21141F60,02719126,42992EB2,C201010B,30141F60,02749126,42972EB2,C2010111,3F141F60,02749126,42962EB2,C200011E,4E141F60,02789126,42902EB2,C2000165,5D141F60,02799126,428F2EB2,C2000168,6C141F60,02779126,428D2EB2,C2FF00AB*5B
$PMTKLOX,1,118,7B141F60,02729126,428C2EB2,C2FE00B9,8A141F60,02679126,42932EB2,C2FE0042,99141F60,02629126,42982EB2,C2FE005F,A8141F60,02549126,429F2EB2,C2FD005C,B7141F60,025D9126,429F2EB2,C2FD004A,C6141F60,025F9126,429F2EB2,C2FD0039*2F
$PMTKLOX,1,119,D5141F60,02679126,42A02EB2,C2FD002D,E4141F60,026A9126,42A02EB2,C2FE0012,F3141F60,026C9126,429F2EB2,C2FF003D,02151F60,026A9126,429E2EB2,C2000134,11151F60,02659126,42A02EB2,C2010117,20151F60,02679126,42A02EB2,C2010124*55
$PMTKLOX,1,120,2F151F60,02669126,429F2EB2,C2010115,3E151F60,02689126,429F2EB2,C201010A,4D151F60,02659126,429F2EB2,C2010174,5C151F60,02629126,429F2EB2,C2010162,6B151F60,025E9126,42A12EB2,C2000156,7A151F60,025C9126,42A22EB2,C2000146*22
$PMTKLOX,1,121,89151F60,025A9126,42A32EB2,C20001B2,98151F60,02589126,42A32EB2,C20001A1,A7151F60,02599126,42A12EB2,C200019D,B6151F60,02599126,42A02EB2,C200018D,C5151F60,02599126,42A02EB2,C20001FE,D4151F60,025B9126,429E2EB2,C20001D3*25
$PMTKLOX,1,122,E3151F60,025C9126,429C2EB2,C20001E1,F2151F60,025C9126,429C2EB2,C20001F0,01161F60,02619126,429A2EB2,C200013B,10161F60,02629126,42982EB2,C200012B,1F161F60,02619126,42972EB2,C2000128,2E161F60,02699126,42952EB2,C2000113*20
$PMTKLOX,1,123,3D161F60,02709126,42932EB2,C200011F,4C161F60,02729126,42912EB2,C2FF0090,5B161F60,027D9126,428C2EB2,C200016B,6A161F60,028A9126,42872EB2,C20001A6,79161F60,02919126,42852EB2,C20001AC,88161F60,028D9126,42882EB2,C200014C*58
$PMTKLOX,1,124,97161F60,02799126,42962EB2,C20001B9,A6161F60,02709126,429C2EB2,C2FF0075,B5161F60,02619126,42A22EB2,C2FD004B,C4161F60,026B9126,42A02EB2,C2FD0032,D3161F60,02739126,429A2EB2,C2FC0006,E2161F60,02849126,42952EB2,C2FA00C9*26
$PMTKLOX,1,125,F1161F60,02929126,428C2EB2,C2F800D7,00171F60,02969126,42892EB2,C2F70029,0F171F60,028E9126,428F2EB2,C2F70038,1E171F60,028C9126,42902EB2,C2F70034,2D171F60,028D9126,42902EB2,C2F70006,3C171F60,027D9126,42962EB2,C2F600E0*23
$PMTKLOX,1,126,4B171F60,027D9126,42982EB2,C2F5009A,5A171F60,027C9126,42962EB2,C2F50084,69171F60,02799126,42952EB2,C2F400B0,78171F60,02829126,42942EB2,C2F4005B,87171F60,027C9126,42922EB2,C2F4005C,96171F60,02829126,428C2EB2,C2F400AD*5F
$PMTKLOX,1,127,A5171F60,027D9126,428C2EB2,C2F30066,B4171F60,027F9126,428E2EB2,C2F10075,C3171F60,027E9126,428B2EB2,C2F20005,D2171F60,027D9126,428C2EB2,C2F20010,E1171F60,027F9126,428D2EB2,C2F30021,FFFFFFFF,FFFFFFFF,FFFFFFFF,FFFFFFFF*5E
$PMTKLOX,1,128,0400010A,1F000000,0F000000,0000150A,00000000,00000000,00000000,00000000,00000000,00000000,00000000,0000001F,FFFFFFFF,FFFFFFFF,FFFFFFFF,000C8C14,F0171F60,02829126,428E2EB2,C2F300CE,FF171F60,027F9126,42902EB2,C2F40025*56
$PMTKLOX,1,129,0E181F60,02789126,42922EB2,C2F400DE,1D181F60,02839126,428D2EB2,C2F50028,2C181F60,02879126,428B2EB2,C2F5001B,3B181F60,02869126,428A2EB2,C2F4000D,4A181F60,027E9126,428F2EB2,C2F40081,59181F60,02809126,428D2EB2,C2F4006E*54
$PMTKLOX,1,130,68181F60,02809126,428D2EB2,C2F4005F,77181F60,027E9126,428E2EB2,C2F400BD,86181F60,02729126,42962EB2,C2F40058,95181F60,026C9126,429A2EB2,C2F3005E,A4181F60,026F9126,429A2EB2,C2F3006C,B3181F60,026C9126,429B2EB2,C2F20078*5C
$PMTKLOX,1,131,C2181F60,02659126,429A2EB2,C2F30000,D1181F60,02619126,429B2EB2,C2F20017,E0181F60,025A9126,429F2EB2,C2F20019,EF181F60,025B9126,42A12EB2,C2F30028,FE181F60,025C9126,42A32EB2,C2F3003C,0D191F60,025D9126,42A72EB2,C2F400CC*24
$PMTKLOX,1,132,1C191F60,02649126,42A82EB2,C2F500EA,2B191F60,02609126,42A82EB2,C2F500D9,3A191F60,025B9126,42A62EB2,C2F400FC,49191F60,02619126,429E2EB2,C2F5008C,58191F60,02669126,42982EB2,C2F5009C,67191F60,02609126,42992EB2,C2F600A7*58
$PMTKLOX,1,133,76191F60,025A9126,429A2EB2,C2F6008F,85191F60,024D9126,42A42EB2,C2F60055,94191F60,024D9126,42A62EB2,C2F60046,A3191F60,024D9126,42A72EB2,C2F60070,B2191F60,02519126,42A52EB2,C2F6007F,C1191F60,02529126,42A22EB2,C2F70009*26
$PMTKLOX,1,134,D0191F60,02589126,429F2EB2,C2F7002F,DF191F60,02649126,429B2EB2,C2F70018,EE191F60,02659126,42982EB2,C2F7002B,FD191F60,02629126,42982EB2,C2F7003F,0C1A1F60,02669126,42972EB2,C2F800C9,1B1A1F60,025D9126,429D2EB2,C2F800EF*25
$PMTKLOX,1,135,2A1A1F60,02679126,429D2EB2,C2FA00E6,391A1F60,02739126,42992EB2,C2FB00E4,481A1F60,02749126,429B2EB2,C2FC0097,571A1F60,02779126,429A2EB2,C2FD008B,661A1F60,02789126,42962EB2,C2FE00BA,751A1F60,02719126,429C2EB2,C2FF00AB*5F
$PMTKLOX,1,136,841A1F60,026C9126,429C2EB2,C2FF0047,931A1F60,02749126,42972EB2,C20001BD,A21A1F60,02739126,42952EB2,C2000189,B11A1F60,02779126,42922EB2,C2000199,C01A1F60,02729126,42942EB2,C2FF0015,CF1A1F60,02779126,42932EB2,C2FE0019*25
$PMTKLOX,1,137,DE1A1F60,02799126,42932EB2,C2FE0006,ED1A1F60,027E9126,42982EB2,C2FE0039,FC1A1F60,027B9126,42982EB2,C2FE002D,0B1B1F60,027C9126,42992EB2,C2FE00DD,1A1B1F60,02779126,429C2EB2,C2FE00C2,291B1F60,02769126,429B2EB2,C2FE00F7*5F
$PMTKLOX,1,138,381B1F60,026E9126,429E2EB2,C2FF00FA,471B1F60,026F9126,429D2EB2,C2FF0087,561B1F60,026D9126,429E2EB2,C2FF0097,651B1F60,026A9126,429D2EB2,C2FF00A0,741B1F60,02669126,429D2EB2,C2000143,831B1F60,025B9126,42A22EB2,C20001B6*29
$PMTKLOX,1,139,921B1F60,02549126,42A42EB2,C20001AE,A11B1F60,02539126,42A42EB2,C200019A,B01B1F60,024F9126,42A52EB2,C2000196,BF1B1F60,024C9126,42A42EB2,C200019B,CE1B1F60,02479126,42A12EB2,C20001E4,DD1B1F60,02479126,42A22EB2,C2FF000A*51
$PMTKLOX,1,140,EC1B1F60,02449126,42A32EB2,C20001C7,FB1B1F60,02449126,42A32EB2,C20001D0,0A1C1F60,024A9126,42A12EB2,C200012A,191C1F60,024D9126,42A02EB2,C201013E,281C1F60,024C9126,42A22EB2,C201010C,371C1F60,024B9126,42A52EB2,C2020110*5F
$PMTKLOX,1,141,461C1F60,024D9126,42A62EB2,C2020164,551C1F60,024F9126,42A82EB2,C203017A,641C1F60,02519126,42AB2EB2,C2030156,731C1F60,02519126,42AD2EB2,C2040140,821C1F60,025D9126,42AC2EB2,C20501BD,911C1F60,02649126,42A82EB2,C2060190*21
$PMTKLOX,1,142,A01C1F60,026C9126,42A32EB2,C20501A1,AF1C1F60,026B9126,42A32EB2,C20501A9,BE1C1F60,02739126,42A12EB2,C20401A3,CD1C1F60,02719126,42A22EB2,C20401D1,DC1C1F60,02719126,429D2EB2,C20501FE,EB1C1F60,026A9126,429C2EB2,C20501D3*24
$PMTKLOX,1,143,FA1C1F60,02679126,429C2EB2,C20401CE,091D1F60,02669126,429C2EB2,C204013D,181D1F60,02659126,429D2EB2,C204012E,271D1F60,02639126,429E2EB2,C2040114,361D1F60,026D9126,429A2EB2,C2030108,451D1F60,026D9126,429A2EB2,C202017A*25
$PMTKLOX,1,144,541D1F60,026B9126,429A2EB2,C201016E,631D1F60,026D9126,429C2EB2,C2010159,721D1F60,02679126,42A52EB2,C2020178,811D1F60,02629126,42AA2EB2,C2020181,901D1F60,02649126,42A92EB2,C2020195,9F1D1F60,02679126,42A72EB2,C2020197*24
$PMTKLOX,1,145,AE1D1F60,02669126,42A72EB2,C20201A7,BD1D1F60,026E9126,42A42EB2,C20201BF,CC1D1F60,02709126,42A22EB2,C20101D5,DB1D1F60,02709126,42A12EB2,C20101C1,EA1D1F60,02749126,42A02EB2,C20001F4,F91D1F60,02799126,429E2EB2,C20001D4*27
$PMTKLOX,1,146,081E1F60,02799126,429F2EB2,C2010126,171E1F60,027A9126,429E2EB2,C200013A,261E1F60,027B9126,429E2EB2,C200010A,351E1F60,027D9126,429E2EB2,C200011F,441E1F60,027C9126,42A02EB2,C2000151,531E1F60,027A9126,429D2EB2,C200017D*24
$PMTKLOX,1,147,621E1F60,027A9126,429D2EB2,C200014C,711E1F60,027D9126,429D2EB2,C2000158,801E1F60,027F9126,429C2EB2,C20001AA,8F1E1F60,02809126,429A2EB2,C200015C,9E1E1F60,02829126,429B2EB2,C200014E,AD1E1F60,02859126,429C2EB2,C200017D*21
$PMTKLOX,1,148,BC1E1F60,02869126,429D2EB2,C200016E,CB1E1F60,02879126,429F2EB2,C2FF00E4,DA1E1F60,02889126,429E2EB2,C2FF00FB,E91E1F60,02869126,429D2EB2,C2FF00C5,F81E1F60,02889126,429D2EB2,C2FF00DA,071F1F60,02869126,429D2EB2,C2FF002A*53
$PMTKLOX,1,149,161F1F60,02889126,429C2EB2,C2FF0034,251F1F60,02839126,429B2EB2,C2FF000B,341F1F60,02809126,429B2EB2,C2FF0019,431F1F60,02819126,429C2EB2,C2FF0068,521F1F60,028A9126,429C2EB2,C2FF0072,611F1F60,02909126,429D2EB2,C20001A4*2B
$PMTKLOX,1,150,701F1F60,028E9126,429D2EB2,C20001AB,7F1F1F60,02899126,429F2EB2,C20001A1,8E1F1F60,02879126,429F2EB2,C200015E,9D1F1F60,02849126,429F2EB2,C200014E,AC1F1F60,02839126,429F2EB2,C2000178,BB1F1F60,02829126,429E2EB2,C200016F*5A
$PMTKLOX,1,151,CA1F1F60,027F9126,429E2EB2,C20001E3,D91F1F60,027F9126,429D2EB2,C20001F3,E81F1F60,027F9126,429B2EB2,C20001C4,F71F1F60,027D9126,429B2EB2,C20001D9,06201F60,027E9126,429A2EB2,C2000115,15201F60,027F9126,42982EB2,C2000105*5D
$PMTKLOX,1,152,24201F60,027F9126,42982EB2,C2000134,33201F60,027E9126,42962EB2,C200012C,42201F60,027D9126,42932EB2,C2FF00A5,51201F60,02819126,42932EB2,C2FF004A,60201F60,02859126,42942EB2,C2FF0078,6F201F60,02849126,42932EB2,C2FF0071*23
$PMTKLOX,1,153,7E201F60,02849126,42942EB2,C2FE0066,8D201F60,02839126,42952EB2,C2FE0093,9C201F60,02839126,42962EB2,C2FE0081,AB201F60,02829126,42962EB2,C2FE00B7,BA201F60,02839126,42972EB2,C2FE00A6,C9201F60,02869126,42972EB2,C2FE00D0*26
$PMTKLOX,1,154,D8201F60,02869126,42972EB2,C2FE00C1,E7201F60,02869126,42972EB2,C2FE00FE,F6201F60,02889126,42972EB2,C2FE00E1,05211F60,028C9126,42982EB2,C2FE0018,14211F60,028F9126,42972EB2,C2FE0005,23211F60,028F9126,42982EB2,C2FE003D*23
$PMTKLOX,1,155,32211F60,02909126,42982EB2,C2FE0033,41211F60,028F9126,42992EB2,C2FF005F,50211F60,02939126,429A2EB2,C2FF0051,5F211F60,02939126,42992EB2,C2FF005D,6E211F60,028E9126,42952EB2,C2FF007D,7D211F60,028C9126,42942EB2,C2FF006D*26
$PMTKLOX,1,156,8C211F60,028C9126,42942EB2,C2FF009C,9B211F60,028B9126,42952EB2,C2FE008C,AA211F60,02839126,429E2EB2,C2000141,B9211F60,02849126,42A12EB2,C200016A,C8211F60,02849126,42A32EB2,C2000119,D7211F60,02879126,42A52EB2,C2000103*5C
$PMTKLOX,1,157,E6211F60,02879126,42A52EB2,C2000132,F5211F60,02849126,42A22EB2,C2000125,04221F60,02829126,42A12EB2,C20001D2,13221F60,02819126,42A32EB2,C20001C4,22221F60,02809126,42A32EB2,C20001F4,31221F60,02819126,42A22EB2,C20001E7*5D
$PMTKLOX,1,158,40221F60,02809126,42A32EB2,C2010197,4F221F60,02819126,42A32EB2,C2010199,5E221F60,02819126,42A32EB2,C2010188,6D221F60,02819126,42A42EB2,C20101BC,7C221F60,027F9126,42A52EB2,C2010152,8B221F60,027D9126,42A52EB2,C20101A7*54
$PMTKLOX,1,159,9A221F60,027C9126,42A62EB2,C20101B4,A9221F60,02809126,42A82EB2,C2010175,B8221F60,02819126,42A62EB2,C2020168,C7221F60,02809126,42A62EB2,C2020116,D6221F60,02809126,42A62EB2,C2020107,E5221F60,02809126,42A52EB2,C2020137*57
$PMTKLOX,1,160,F4221F60,02819126,42A22EB2,C2020120,03231F60,02839126,42A32EB2,C20301D4,12231F60,02859126,42A42EB2,C20301C4,21231F60,02869126,42A22EB2,C20301F2,30231F60,02879126,429F2EB2,C20301DF,3F231F60,02899126,429C2EB2,C20301DD*26
$PMTKLOX,1,161,4E231F60,02869126,429C2EB2,C20301A3,5D231F60,02869126,429B2EB2,C20301B7,6C231F60,02849126,429A2EB2,C2030185,7B231F60,02859126,42992EB2,C2030190,8A231F60,02879126,42982EB2,C2030162,99231F60,02879126,429B2EB2,C2030172*27
$PMTKLOX,1,162,A8231F60,028A9126,429C2EB2,C2030149,B7231F60,02899126,429B2EB2,C2030152,C6231F60,02859126,429A2EB2,C203012E,D5231F60,02829126,42992EB2,C2030139,E4231F60,02869126,429A2EB2,C203010F,F3231F60,02879126,42992EB2,C203011A*5F
$PMTKLOX,1,163,02241F60,028B9126,429A2EB2,C20301E3,11241F60,028E9126,429D2EB2,C20401F5,20241F60,028D9126,429E2EB2,C20401C4,2F241F60,028E9126,429E2EB2,C20401C8,3E241F60,028F9126,429F2EB2,C20401D9,4D241F60,028A9126,429C2EB2,C20401AC*5E
$PMTKLOX,1,164,5C241F60,02899126,429D2EB2,C20401BF,6B241F60,028C9126,429C2EB2,C204018C,7A241F60,02909126,429C2EB2,C2040181,89241F60,02929126,429D2EB2,C2040171,98241F60,02949126,429C2EB2,C2040167,A7241F60,02949126,429B2EB2,C204015F*22
$PMTKLOX,1,165,B6241F60,02939126,429B2EB2,C2040149,C5241F60,028F9126,42992EB2,C2040124,D4241F60,02909126,429B2EB2,C2040128,E3241F60,02889126,429D2EB2,C2040101,F2241F60,02839126,429E2EB2,C2040118,01251F60,02899126,429E2EB2,C20401E0*5C
$PMTKLOX,1,166,10251F60,02899126,429F2EB2,C20401F0,1F251F60,02859126,429E2EB2,C20401F2,2E251F60,02849126,429F2EB2,C20401C3,3D251F60,02879126,429E2EB2,C20401D2,4C251F60,02869126,42A02EB2,C204019C,5B251F60,02889126,42A22EB2,C2040187*5D
$PMTKLOX,1,167,6A251F60,02889126,42A12EB2,C20501B4,79251F60,028A9126,42A12EB2,C20501A5,88251F60,02919126,42A12EB2,C205014F,97251F60,02959126,42A12EB2,C2050154,A6251F60,02959126,42A02EB2,C2050164,B5251F60,028E9126,42A02EB2,C205016C*25
$PMTKLOX,1,168,C4251F60,028E9126,42A12EB2,C205011C,D3251F60,02939126,42A22EB2,C2050115,E2251F60,02999126,42A42EB2,C2050128,F1251F60,02999126,42A72EB2,C2050138,00261F60,029E9126,42AA2EB2,C20501C0,0F261F60,029A9126,42AA2EB2,C20501CB*57
$PMTKLOX,1,169,1E261F60,02969126,42A92EB2,C20501D5,2D261F60,02969126,42AA2EB2,C20501E5,3C261F60,02979126,42AC2EB2,C20501F3,4B261F60,02949126,42B02EB2,C2060198,5A261F60,02929126,42B12EB2,C206018E,69261F60,02909126,42B22EB2,C20701BD*2F
$PMTKLOX,1,170,78261F60,028E9126,42B12EB2,C20801BE,87261F60,02909126,42B12EB2,C208015F,96261F60,028F9126,42B22EB2,C2080152,FFFFFFFF,FFFFFFFF,FFFFFFFF,FFFFFFFF,0500010A,1F000000,0F000000,0000140A,00000000,00000000,00000000,00000000*5A
$PMTKLOX,1,171,00000000,00000000,00000000,0000001F,FFFFFFFF,FFFFFFFF,FFFFFFFF,000C8C14,A5261F60,028F9126,42B32EB2,C2080160,B4261F60,02909126,42B62EB2,C208016B,C3261F60,02939126,42BA2EB2,C2080113,D2261F60,02969126,42BB2EB2,C2080106*23
$PMTKLOX,1,172,E1261F60,02999126,42BC2EB2,C208013D,F0261F60,029A9126,42BC2EB2,C208012F,FF261F60,029C9126,42BC2EB2,C2090127,0E271F60,029F9126,42BE2EB2,C20901D6,1D271F60,02A39126,42BF2EB2,C20901F8,2C271F60,02A79126,42C02EB2,C20901B2*5C
$PMTKLOX,1,173,3B271F60,02AE9126,42C02EB2,C20901AC,4A271F60,02B69126,42C02EB2,C20901C5,59271F60,02BB9126,42BE2EB2,C20A01A6,68271F60,02BC9126,42BA2EB2,C20A0194,77271F60,02BA9126,42BB2EB2,C20A018C,86271F60,02A79126,42B32EB2,C209016B*5D
$PMTKLOX,1,174,95271F60,02A29126,42B12EB2,C209017F,A4271F60,02A09126,42AE2EB2,C2090153,B3271F60,029C9126,42AB2EB2,C209017D,C2271F60,02969126,42A92EB2,C2090104,D1271F60,02929126,42A92EB2,C2090113,E0271F60,02919126,42AA2EB2,C2090122*21
$PMTKLOX,1,175,EF271F60,028D9126,42AA2EB2,C2090131,FE271F60,028A9126,42AA2EB2,C2090127,0D281F60,02899126,42AB2EB2,C20901D9,1C281F60,02849126,42A92EB2,C20901C7,2B281F60,027E9126,42A82EB2,C209010B,3A281F60,02789126,42A82EB2,C209011C*5F
$PMTKLOX,1,176,49281F60,02759126,42A62EB2,C209016C,58281F60,027C9126,42A82EB2,C209017A,67281F60,027C9126,42A92EB2,C2090144,76281F60,027C9126,42A92EB2,C2090155,85281F60,02799126,42AB2EB2,C20901A1,94281F60,027B9126,42AE2EB2,C20901B7*5A
$PMTKLOX,1,177,A3281F60,027B9126,42B02EB2,C209019E,B2281F60,027D9126,42B22EB2,C209018B,C1281F60,027B9126,42B22EB2,C20901FE,D0281F60,02839126,42B42EB2,C2090111,DF281F60,02979126,42B72EB2,C2080108,EE281F60,029E9126,42B32EB2,C2080134*5F
$PMTKLOX,1,178,FD281F60,02A69126,42B02EB2,C209011D,0C291F60,02AC9126,42AF2EB2,C20901F8,1B291F60,02AE9126,42AF2EB2,C20901ED,2A291F60,02AC9126,42AF2EB2,C20901DE,39291F60,02AA9126,42B02EB2,C20801D5,48291F60,02A59126,42B02EB2,C20801AB*2B
$PMTKLOX,1,179,57291F60,029D9126,42B12EB2,C2070182,66291F60,02949126,42B22EB2,C20701B9,75291F60,028E9126,42B12EB2,C20701B3,84291F60,028E9126,42B32EB2,C2070140,93291F60,028B9126,42B22EB2,C208015C,A2291F60,028A9126,42B02EB2,C208016E*53
$PMTKLOX,1,180,B1291F60,02899126,42B12EB2,C208017F,C0291F60,028A9126,42B52EB2,C2080109,CF291F60,028A9126,42B62EB2,C2080105,DE291F60,028B9126,42B62EB2,C2080115,ED291F60,028C9126,42B72EB2,C2080120,FC291F60,028E9126,42B82EB2,C208013C*2C
$PMTKLOX,1,181,0B2A1F60,02919126,42BA2EB2,C20801D5,1A2A1F60,02929126,42B62EB2,C20901CA,292A1F60,02929126,42B42EB2,C20A01F8,382A1F60,02939126,42B32EB2,C20A01EF,472A1F60,02969126,42B12EB2,C20A0197,562A1F60,02989126,42B02EB2,C20B0188*2D
$PMTKLOX,1,182,652A1F60,02999126,42AD2EB2,C20C01A0,742A1F60,02959126,42AD2EB2,C20D01BC,832A1F60,02909126,42AC2EB2,C20D014F,922A1F60,028E9126,42AC2EB2,C20D0140,A12A1F60,028A9126,42AB2EB2,C20D0170,B02A1F60,028C9126,42A92EB2,C20D0165*55
$PMTKLOX,1,183,BF2A1F60,028D9126,42A82EB2,C20D016A,CE2A1F60,028C9126,42A72EB2,C20D0115,DD2A1F60,028A9126,42A62EB2,C20D0101,EC2A1F60,02889126,42A72EB2,C20D0133,FB2A1F60,02869126,42A52EB2,C20D0128,0A2B1F60,02849126,42A52EB2,C20D01DA*2F
$PMTKLOX,1,184,192B1F60,02869126,42A82EB2,C20D01C6,282B1F60,02889126,42AB2EB2,C20D01FA,372B1F60,02889126,42A82EB2,C20D01E6,462B1F60,02879126,42A72EB2,C20D0197,552B1F60,02899126,42A52EB2,C20D0188,642B1F60,028A9126,42A42EB2,C20D01BB*51
$PMTKLOX,1,185,732B1F60,028B9126,42A32EB2,C20D01AA,822B1F60,028D9126,42A32EB2,C20D015D,912B1F60,028C9126,42A12EB2,C20D014D,A02B1F60,028F9126,42A42EB2,C20D017A,AF2B1F60,028E9126,42A42EB2,C20D0174,BE2B1F60,02909126,42A62EB2,C20D0179*29
$PMTKLOX,1,186,CD2B1F60,02919126,42A72EB2,C20D010A,DC2B1F60,02949126,42A82EB2,C20D0111,EB2B1F60,02989126,42AB2EB2,C20D0129,FA2B1F60,02989126,42AE2EB2,C20D013D,092C1F60,029A9126,42B02EB2,C20D01D5,182C1F60,029F9126,42B52EB2,C20D01C4*53
$PMTKLOX,1,187,272C1F60,02A49126,42B72EB2,C20D01C2,362C1F60,02A69126,42BB2EB2,C20D01DD,452C1F60,02A39126,42BB2EB2,C20E01A8,542C1F60,02A09126,42BB2EB2,C20E01BA,632C1F60,029E9126,42BC2EB2,C20E01B4,722C1F60,029B9126,42BA2EB2,C20E01A6*2D
$PMTKLOX,1,188,812C1F60,029B9126,42B82EB2,C20E0157,902C1F60,029B9126,42B82EB2,C20E0146,9F2C1F60,029C9126,42B72EB2,C20E0141,AE2C1F60,029B9126,42B52EB2,C20E0175,BD2C1F60,02999126,42B52EB2,C20E0164,CC2C1F60,02959126,42B52EB2,C20E0119*26
$PMTKLOX,1,189,DB2C1F60,02939126,42B62EB2,C20E010B,EA2C1F60,02949126,42B42EB2,C20F013E,F92C1F60,02959126,42B32EB2,C20F012B,082D1F60,029A9126,42B12EB2,C20F01D6,172D1F60,029D9126,42AE2EB2,C20F01D1,262D1F60,029D9126,42AC2EB2,C20F01E2*5A
$PMTKLOX,1,190,352D1F60,029D9126,42AC2EB2,C20F01F1,442D1F60,02A09126,42AE2EB2,C20F01BF,532D1F60,02A09126,42AD2EB2,C20F01AB,622D1F60,02A49126,42AE2EB2,C2100182,712D1F60,02A79126,42AD2EB2,C20F018E,802D1F60,02A89126,42A92EB2,C210016B*54
$PMTKLOX,1,191,8F2D1F60,02A99126,42A52EB2,C2100169,9E2D1F60,02A69126,42A42EB2,C2100176,AD2D1F60,02A59126,42A32EB2,C2100141,BC2D1F60,02A79126,42A22EB2,C2100153,CB2D1F60,02A79126,42A02EB2,C2100126,DA2D1F60,02A79126,429E2EB2,C2100109*53
$PMTKLOX,1,192,E92D1F60,02AA9126,429D2EB2,C2100134,F82D1F60,02AB9126,429D2EB2,C2100124,072E1F60,02AC9126,429C2EB2,C21001DE,162E1F60,02AB9126,429A2EB2,C21001CE,252E1F60,02A79126,42992EB2,C21001F2,342E1F60,02A29126,42982EB2,C21001E7*54
$PMTKLOX,1,193,432E1F60,02969126,429B2EB2,C21101A6,522E1F60,02979126,429C2EB2,C21101B1,612E1F60,02939126,429F2EB2,C2110185,702E1F60,028C9126,42A12EB2,C21201B6,7F2E1F60,028A9126,42A12EB2,C21301BE,8E2E1F60,02869126,42A22EB2,C2130140*28
$PMTKLOX,1,194,9D2E1F60,02849126,42A12EB2,C2130152,AC2E1F60,027F9126,429F2EB2,C21401A1,BB2E1F60,02799126,429E2EB2,C21401B1,CA2E1F60,02789126,429F2EB2,C21401C0,D92E1F60,02789126,42A02EB2,C21401EC,E82E1F60,02789126,429E2EB2,C21401E3*54
$PMTKLOX,1,195,F72E1F60,027C9126,42A02EB2,C21401C6,062F1F60,02799126,42A12EB2,C2140132,152F1F60,027B9126,42A22EB2,C2140120,242F1F60,02819126,42A52EB2,C21401EC,332F1F60,02769126,429F2EB2,C2140136,422F1F60,02719126,429D2EB2,C2150143*53
$PMTKLOX,1,196,512F1F60,02729126,429D2EB2,C2150153,602F1F60,02759126,429B2EB2,C2150163,6F2F1F60,02799126,429B2EB2,C2160163,7E2F1F60,02799126,429C2EB2,C2160175,8D2F1F60,02749126,429C2EB2,C217018A,9C2F1F60,02749126,429F2EB2,C2170198*29
$PMTKLOX,1,197,AB2F1F60,02769126,42A32EB2,C2170191,BA2F1F60,02759126,42A72EB2,C2170187,C92F1F60,02789126,42A72EB2,C21701F9,D82F1F60,02779126,42A42EB2,C21701E4,E72F1F60,02779126,42A32EB2,C21701DC,F62F1F60,02759126,42A22EB2,C21701CE*53
$PMTKLOX,1,198,05301F60,02719126,42A42EB2,C2170120,14301F60,02719126,42A52EB2,C2170130,23301F60,02729126,42A62EB2,C2170107,32301F60,02799126,42A52EB2,C217011E,41301F60,02829126,42A62EB2,C2170195,50301F60,02819126,42A62EB2,C2170187*23
$PMTKLOX,1,199,5F301F60,02829126,42A52EB2,C2170188,6E301F60,02889126,42A72EB2,C21701B1,7D301F60,028C9126,42A92EB2,C21701A8,8C301F60,028F9126,42A92EB2,C217015A,9B301F60,028E9126,42AA2EB2,C217014F,AA301F60,02879126,42A42EB2,C2170179*22
$PMTKLOX,1,200,B9301F60,02829126,42A12EB2,C2180165,C8301F60,02849126,42A02EB2,C2190112,D7301F60,02859126,42A12EB2,C21A010E,E6301F60,028A9126,42A12EB2,C21A0130,F5301F60,028D9126,42A22EB2,C21A0127,04311F60,028C9126,42A32EB2,C21A01D7*58
$PMTKLOX,1,201,13311F60,028E9126,42A32EB2,C21901C1,22311F60,028A9126,42A12EB2,C21901F6,31311F60,02899126,42A02EB2,C21901E7,40311F60,02869126,42A12EB2,C2190198,4F311F60,02869126,42A22EB2,C2190194,5E311F60,02829126,42A02EB2,C2180182*24
$PMTKLOX,1,202,6D311F60,027E9126,429B2EB2,C2190177,7C311F60,027F9126,429B2EB2,C2190167,8B311F60,02849126,429B2EB2,C219016B,9A311F60,02849126,429C2EB2,C219017D,A9311F60,02869126,429F2EB2,C219014F,B8311F60,02839126,429D2EB2,C2190159*23
$PMTKLOX,1,203,C7311F60,02839126,429E2EB2,C2190125,D6311F60,02839126,429E2EB2,C2190134,E5311F60,02869126,429D2EB2,C2190101,F4311F60,028A9126,429C2EB2,C219011D,03321F60,02879126,429A2EB2,C21901E2,12321F60,02909126,429D2EB2,C21A01E0*20
$PMTKLOX,1,204,21321F60,028E9126,429E2EB2,C21A01CE,30321F60,02919126,429E2EB2,C21A01C0,3F321F60,02919126,429B2EB2,C21901C9,4E321F60,02919126,42992EB2,C21901BA,5D321F60,02889126,429C2EB2,C21801B4,6C321F60,02899126,429B2EB2,C2180183*21
$PMTKLOX,1,205,7B321F60,02849126,429D2EB2,C2170190,8A321F60,02839126,429B2EB2,C2170160,99321F60,02819126,429C2EB2,C2170176,A8321F60,027B9126,42992EB2,C21601B9,B7321F60,027C9126,429A2EB2,C21601A2,C6321F60,027E9126,429B2EB2,C21601D0*5B
$PMTKLOX,1,206,D5321F60,02849126,42A12EB2,C2160103,E4321F60,028B9126,42A22EB2,C217013F,F3321F60,02909126,429F2EB2,C217010E,02331F60,028C9126,429E2EB2,C21601E2,11331F60,02859126,429E2EB2,C21601F8,20331F60,02869126,429C2EB2,C21601C8*58
$PMTKLOX,1,207,2F331F60,028C9126,42962EB2,C21601C7,3E331F60,028D9126,42972EB2,C21601D6,4D331F60,028D9126,42972EB2,C21601A5,5C331F60,028C9126,42952EB2,C21601B7,6B331F60,028F9126,42942EB2,C2150181,7A331F60,02929126,42942EB2,C215018D*5F
$PMTKLOX,1,208,89331F60,028E9126,42912EB2,C2150167,98331F60,028E9126,42912EB2,C2150176,A7331F60,02919126,428F2EB2,C2150148,B6331F60,02909126,428E2EB2,C2150159,C5331F60,02919126,428E2EB2,C215012B,D4331F60,02909126,428C2EB2,C2150139*29
$PMTKLOX,1,209,E3331F60,02909126,42912EB2,C2150113,F2331F60,02919126,42912EB2,C2150103,01341F60,027F9126,42942EB2,C216011F,10341F60,02809126,42942EB2,C21601F1,1F341F60,027C9126,42922EB2,C2170105,2E341F60,027A9126,42922EB2,C2170132*2E
$PMTKLOX,1,210,3D341F60,02739126,42942EB2,C2180121,4C341F60,027D9126,42972EB2,C218015D,5B341F60,02799126,42972EB2,C219014F,6A341F60,02749126,42992EB2,C219017D,79341F60,02739126,42992EB2,C2190169,88341F60,02749126,42982EB2,C219019E*24
$PMTKLOX,1,211,97341F60,02719126,42982EB2,C2180185,A6341F60,02709126,42972EB2,C21801BA,B5341F60,026D9126,429A2EB2,C21801B9,C4341F60,02759126,429C2EB2,C21701D9,D3341F60,02749126,429E2EB2,C21601CC,E2341F60,02759126,429E2EB2,C21601FC*5C
$PMTKLOX,1,212,F1341F60,02769126,429E2EB2,C21601EC,00351F60,02789126,429E2EB2,C2160112,0F351F60,02789126,42A02EB2,C2160123,1E351F60,027B9126,429E2EB2,C216010F,2D351F60,027B9126,429C2EB2,C217013F,3C351F60,02789126,429A2EB2,C217012B*5D
$PMTKLOX,1,213,4B351F60,02799126,42992EB2,C217015E,FFFFFFFF,FFFFFFFF,FFFFFFFF,FFFFFFFF,0600010A,1F000000,0F000000,0000170A,00000000,00000000,00000000,00000000,00000000,00000000,00000000,0000001F,FFFFFFFF,FFFFFFFF,FFFFFFFF,000C8C14*24
$PMTKLOX,1,214,5A351F60,02749126,429A2EB2,C2170141,69351F60,02779126,429B2EB2,C2170170,78351F60,02789126,429A2EB2,C217016F,87351F60,027A9126,429B2EB2,C2170193,96351F60,027A9126,429A2EB2,C2170183,A5351F60,027B9126,42992EB2,C21701B2*5D
$PMTKLOX,1,215,B4351F60,027A9126,42972EB2,C21701AC,C3351F60,02749126,42972EB2,C21801DA,D2351F60,026D9126,42952EB2,C21801D0,E1351F60,02679126,42952EB2,C21801E9,F0351F60,02619126,42932EB2,C21801F8,FF351F60,02659126,42942EB2,C21801F4*25
$PMTKLOX,1,216,0E361F60,02669126,42952EB2,C2180104,1D361F60,026B9126,42952EB2,C218011A,2C361F60,026F9126,42952EB2,C2170120,3B361F60,02699126,42972EB2,C2170133,4A361F60,02689126,42982EB2,C217014C,59361F60,02699126,42982EB2,C217015E*5D
$PMTKLOX,1,217,68361F60,026B9126,42972EB2,C2170162,77361F60,026E9126,42972EB2,C2170178,86361F60,02729126,42982EB2,C216019B,95361F60,02739126,42992EB2,C2160188,A4361F60,02729126,42992EB2,C21601B8,B3361F60,02739126,429B2EB2,C21601AC*21
$PMTKLOX,1,218,C2361F60,02799126,429C2EB2,C21601D0,D1361F60,027C9126,429D2EB2,C21601C7,E0361F60,02789126,429C2EB2,C21601F3,EF361F60,02769126,429B2EB2,C21601F5,FE361F60,026F9126,42982EB2,C21601FE,0D371F60,026A9126,42972EB2,C2160106*2E
$PMTKLOX,1,219,1C371F60,02669126,42972EB2,C216011B,2B371F60,02649126,42972EB2,C216012E,3A371F60,02649126,42972EB2,C216013F,49371F60,02699126,42962EB2,C2160140,58371F60,02699126,42952EB2,C2160152,67371F60,026F9126,42962EB2,C2160168*2D
$PMTKLOX,1,220,76371F60,02729126,42952EB2,C2160167,85371F60,02759126,42962EB2,C2160190,94371F60,02779126,42962EB2,C2160183,A3371F60,02799126,42962EB2,C21601BA,B2371F60,027A9126,42942EB2,C21601AA,C1371F60,027C9126,42942EB2,C21601DF*23
$PMTKLOX,1,221,D0371F60,02819126,42942EB2,C2160133,DF371F60,02829126,42932EB2,C2160138,EE371F60,028A9126,42942EB2,C2160106,FD371F60,028F9126,42942EB2,C2160110,0C381F60,02959126,42922EB2,C21601F2,1B381F60,02969126,42922EB2,C21601E6*26
$PMTKLOX,1,222,2A381F60,02909126,42942EB2,C21601D7,39381F60,028A9126,42952EB2,C21601DF,48381F60,02869126,42982EB2,C21601AF,57381F60,02899126,42982EB2,C21601BF,66381F60,02889126,42972EB2,C2160180,75381F60,02859126,42962EB2,C216019F*58
$PMTKLOX,1,223,84381F60,02809126,42952EB2,C2160168,93381F60,027E9126,42932EB2,C2160187,A2381F60,026D9126,42932EB2,C21601A5,B1381F60,02629126,42922EB2,C21601B8,C0381F60,025B9126,42922EB2,C21601F0,CF381F60,025A9126,42932EB2,C21601FF*5B
$PMTKLOX,1,224,DE381F60,02589126,42922EB2,C21601ED,ED381F60,02579126,42922EB2,C21601D1,FC381F60,02569126,42912EB2,C21601C2,0B391F60,02539126,428F2EB2,C216012F,1A391F60,024B9126,428E2EB2,C2160127,29391F60,02469126,42902EB2,C2160107*5E
$PMTKLOX,1,225,38391F60,02439126,428F2EB2,C216010C,47391F60,02429126,428F2EB2,C2160172,56391F60,02439126,428E2EB2,C2160163,65391F60,02449126,428C2EB2,C2160155,74391F60,02429126,428E2EB2,C2160140,83391F60,02419126,42912EB2,C21601AB*5F
$PMTKLOX,1,226,92391F60,02359126,42952EB2,C21401C8,A1391F60,022F9126,42962EB2,C21401E2,B0391F60,022C9126,42932EB2,C21401F5,BF391F60,02259126,42912EB2,C21401F1,CE391F60,02249126,42902EB2,C2140180,DD391F60,02269126,42912EB2,C2140190*5A
$PMTKLOX,1,227,EC391F60,02309126,42972EB2,C21301B6,FB391F60,023B9126,429B2EB2,C21301A6,0A3A1F60,02409126,429C2EB2,C2130128,193A1F60,02409126,429B2EB2,C213013C,283A1F60,023E9126,429C2EB2,C2130174,373A1F60,023F9126,429B2EB2,C213016D*26
$PMTKLOX,1,228,463A1F60,02449126,429B2EB2,C2130167,553A1F60,02449126,429D2EB2,C2130172,643A1F60,02489126,429E2EB2,C213014C,733A1F60,024D9126,429C2EB2,C212015D,823A1F60,024B9126,429B2EB2,C21201AD,913A1F60,024A9126,429C2EB2,C21201B8*54
$PMTKLOX,1,229,A03A1F60,02469126,429B2EB2,C2130183,AF3A1F60,02409126,429B2EB2,C212018B,BE3A1F60,023B9126,429B2EB2,C21201E1,CD3A1F60,023A9126,42992EB2,C2120191,DC3A1F60,023F9126,42992EB2,C2120185,EB3A1F60,02419126,42982EB2,C21201CD*2E
$PMTKLOX,1,230,FA3A1F60,02429126,42982EB2,C21201DF,093B1F60,02439126,42992EB2,C212012D,183B1F60,02449126,42992EB2,C212013B,273B1F60,02449126,42982EB2,C2120105,363B1F60,02409126,42972EB2,C212011F,453B1F60,02429126,42972EB2,C212016E*5B
$PMTKLOX,1,231,543B1F60,024B9126,42972EB2,C2120176,633B1F60,02549126,42982EB2,C2120151,723B1F60,02539126,42972EB2,C2120148,813B1F60,02509126,42972EB2,C21201B8,903B1F60,024D9126,42972EB2,C21201B4,9F3B1F60,024E9126,42962EB2,C21201B9*23
$PMTKLOX,1,232,AE3B1F60,02579126,42962EB2,C2120191,BD3B1F60,02619126,42942EB2,C21301B7,CC3B1F60,026E9126,42972EB2,C21301CA,DB3B1F60,02799126,42982EB2,C21401C2,EA3B1F60,027A9126,42972EB2,C21401FF,F93B1F60,027A9126,42972EB2,C21401EC*5F
$PMTKLOX,1,233,083C1F60,027D9126,42972EB2,C214011D,173C1F60,027E9126,42972EB2,C2140101,263C1F60,027C9126,42972EB2,C2140132,353C1F60,027B9126,42962EB2,C2140127,443C1F60,027B9126,42952EB2,C2140155,533C1F60,027C9126,42972EB2,C2140147*21
$PMTKLOX,1,234,623C1F60,027E9126,42972EB2,C2140174,713C1F60,027F9126,42982EB2,C2140169,803C1F60,027D9126,42972EB2,C2140195,8F3C1F60,027D9126,42972EB2,C214019A,9E3C1F60,027C9126,42972EB2,C214018A,AD3C1F60,027C9126,42952EB2,C21401BB*5F
$PMTKLOX,1,235,BC3C1F60,027B9126,42942EB2,C21401AC,CB3C1F60,027B9126,42932EB2,C21401DC,DA3C1F60,027D9126,42922EB2,C21401CA,E93C1F60,027E9126,42902EB2,C21401F8,F83C1F60,027F9126,428D2EB2,C21401F5,073D1F60,027E9126,428C2EB2,C214010B*23
$PMTKLOX,1,236,163D1F60,02839126,428B2EB2,C21401E0,253D1F60,02859126,428A2EB2,C21401D4,343D1F60,02819126,42892EB2,C21401C2,433D1F60,02809126,42882EB2,C21401B5,523D1F60,02819126,42882EB2,C21401A5,613D1F60,02859126,42892EB2,C2140193*22
$PMTKLOX,1,237,703D1F60,02849126,42882EB2,C2140182,7F3D1F60,02859126,42882EB2,C214018C,8E3D1F60,02819126,42892EB2,C2140178,9D3D1F60,027B9126,428B2EB2,C2140193,AC3D1F60,02759126,428C2EB2,C21401AB,BB3D1F60,02759126,428D2EB2,C21301BA*58
$PMTKLOX,1,238,CA3D1F60,02779126,428E2EB2,C21301CA,D93D1F60,02779126,428D2EB2,C21301DA,E83D1F60,02789126,428D2EB2,C21301E4,F73D1F60,027A9126,428A2EB2,C21301FE,063E1F60,027D9126,42882EB2,C2130109,153E1F60,02809126,42872EB2,C21301E8*28
$PMTKLOX,1,239,243E1F60,02829126,42852EB2,C21301D9,333E1F60,02829126,42832EB2,C21301C8,423E1F60,027E9126,42852EB2,C2130143,513E1F60,027D9126,42872EB2,C2140156,603E1F60,027C9126,42872EB2,C2140166,6F3E1F60,027B9126,42862EB2,C214016F*52
$PMTKLOX,1,240,7E3E1F60,027B9126,42882EB2,C2140170,8D3E1F60,027B9126,42882EB2,C2140183,9C3E1F60,027A9126,42872EB2,C214019C,AB3E1F60,027C9126,42842EB2,C21401AE,BA3E1F60,027C9126,42812EB2,C21401BA,C93E1F60,027E9126,42802EB2,C21401CA*25
$PMTKLOX,1,241,D83E1F60,027E9126,42812EB2,C21401DA,E73E1F60,027C9126,42802EB2,C21401E6,F63E1F60,027C9126,42822EB2,C21401F5,053F1F60,027C9126,42852EB2,C2140100,143F1F60,027B9126,42842EB2,C2140117,233F1F60,027D9126,42852EB2,C2140127*22
$PMTKLOX,1,242,323F1F60,027D9126,42862EB2,C2140135,413F1F60,027F9126,42862EB2,C2140144,503F1F60,02839126,428A2EB2,C21401A5,5F3F1F60,027F9126,428E2EB2,C2130155,6E3F1F60,027B9126,428E2EB2,C2130160,7D3F1F60,02779126,428D2EB2,C213017C*21
$PMTKLOX,1,243,8C3F1F60,02759126,428D2EB2,C213018F,9B3F1F60,02779126,428F2EB2,C2130198,AA3F1F60,02779126,428E2EB2,C21301A8,B93F1F60,02769126,428F2EB2,C21301BB,C83F1F60,02779126,428F2EB2,C21301CB,D73F1F60,02799126,428F2EB2,C21301DA*20
$PMTKLOX,1,244,E63F1F60,027C9126,428F2EB2,C21301EE,F53F1F60,027C9126,428F2EB2,C21301FD,04401F60,027E9126,428E2EB2,C2130170,13401F60,027B9126,428F2EB2,C2130163,22401F60,027A9126,428E2EB2,C2130152,31401F60,027B9126,428D2EB2,C2130143*58
$PMTKLOX,1,245,40401F60,027F9126,428D2EB2,C2130136,4F401F60,02839126,428D2EB2,C21301C5,5E401F60,02849126,428C2EB2,C21301D2,6D401F60,02849126,428B2EB2,C21301E6,7C401F60,02869126,428B2EB2,C21301F5,8B401F60,02889126,428C2EB2,C212010A*20
$PMTKLOX,1,246,9A401F60,02879126,428C2EB2,C2120114,A9401F60,02849126,428B2EB2,C2120123,B8401F60,02819126,428C2EB2,C2120130,C7401F60,02849126,428C2EB2,C212014A,D6401F60,028C9126,42902EB2,C213014E,E5401F60,028D9126,42902EB2,C213017C*23
$PMTKLOX,1,247,F4401F60,028D9126,42902EB2,C213016D,03411F60,02919126,42922EB2,C2130185,12411F60,02909126,42932EB2,C2130194,21411F60,028C9126,42912EB2,C21301B9,30411F60,028C9126,42922EB2,C21301AB,3F411F60,028A9126,42942EB2,C21301A4*22
$PMTKLOX,1,248,4E411F60,02899126,42952EB2,C21301D7,5D411F60,02889126,42932EB2,C21301C3,6C411F60,02899126,42912EB2,C21301F1,7B411F60,02869126,428F2EB2,C21201F6,8A411F60,02899126,428D2EB2,C212010A,99411F60,02879126,428D2EB2,C2120117*2D
$PMTKLOX,1,249,A8411F60,02869126,428E2EB2,C2120124,B7411F60,02879126,428E2EB2,C212013A,C6411F60,02899126,428E2EB2,C2120145,D5411F60,02889126,428F2EB2,C2110155,E4411F60,02859126,42912EB2,C2110177,F3411F60,02859126,42902EB2,C2110161*28
$PMTKLOX,1,250,02421F60,02899126,42922EB2,C212019E,11421F60,02889126,42982EB2,C2130187,20421F60,02849126,429B2EB2,C21501BF,2F421F60,02839126,429C2EB2,C21501B0,3E421F60,02819126,429A2EB2,C21501A5,4D421F60,02819126,429A2EB2,C21501D6*22
$PMTKLOX,1,251,5C421F60,02849126,429A2EB2,C21501C2,6B421F60,02859126,429A2EB2,C21501F4,7A421F60,02839126,42992EB2,C21501E0,89421F60,02819126,42982EB2,C2150110,98421F60,02809126,42982EB2,C2150100,A7421F60,027F9126,42972EB2,C21501CF*5A
$PMTKLOX,1,252,B6421F60,02809126,42972EB2,C2150121,C5421F60,02829126,42992EB2,C215015E,D4421F60,02809126,42992EB2,C215014D,E3421F60,027E9126,429C2EB2,C2150181,F2421F60,02829126,429D2EB2,C215016D,01431F60,02839126,429C2EB2,C215019F*20
$PMTKLOX,1,253,10431F60,02859126,429B2EB2,C215018F,1F431F60,02839126,429A2EB2,C2150187,2E431F60,02849126,429B2EB2,C21501B0,3D431F60,02839126,429B2EB2,C21501A4,4C431F60,027D9126,429A2EB2,C215012A,5B431F60,02789126,42972EB2,C2150135*21
$PMTKLOX,1,254,6A431F60,02769126,42952EB2,C2150108,79431F60,02769126,42932EB2,C214011C,88431F60,02779126,42912EB2,C21401EE,97431F60,02789126,42902EB2,C21401FF,A6431F60,027C9126,42922EB2,C21401C8,B5431F60,027D9126,42922EB2,C21401DA*26
$PMTKLOX,1,255,C4431F60,02809126,42912EB2,C2140155,D3431F60,02819126,42912EB2,C2140143,E2431F60,02819126,428E2EB2,C214016D,F1431F60,027F9126,42902EB2,C2130199,00441F60,02779126,42932EB2,C2130164,FFFFFFFF,FFFFFFFF,FFFFFFFF,FFFFFFFF*21
$PMTKLOX,1,256,0700010A,1F000000,0F000000,0000160A,00000000,00000000,00000000,00000000,00000000,00000000,00000000,0000001F,FFFFFFFF,FFFFFFFF,FFFFFFFF,000C8C14,0F441F60,027C9126,42942EB2,C2130167,1E441F60,027F9126,42962EB2,C2130177*27
$PMTKLOX,1,257,2D441F60,027D9126,42972EB2,C2120146,3C441F60,027A9126,42992EB2,C213015F,4B441F60,02789126,42992EB2,C213012A,5A441F60,02779126,429A2EB2,C2120136,69441F60,02789126,42992EB2,C2120109,78441F60,02789126,429A2EB2,C212011B*25
$PMTKLOX,1,258,87441F60,027B9126,429C2EB2,C21201E1,96441F60,027A9126,429D2EB2,C21201F0,A5441F60,02799126,429E2EB2,C21201C3,B4441F60,027A9126,429F2EB2,C21201D0,C3441F60,02789126,42A02EB2,C212019A,D2441F60,02779126,429D2EB2,C21301B8*2A
$PMTKLOX,1,259,E1441F60,02769126,429B2EB2,C213018C,F0441F60,02769126,42992EB2,C213019F,FF441F60,02759126,42972EB2,C213019D,0E451F60,02719126,42962EB2,C2130168,1D451F60,026F9126,42952EB2,C2130166,2C451F60,02749126,42962EB2,C213014F*2F
$PMTKLOX,1,260,3B451F60,027B9126,42972EB2,C2130156,4A451F60,02839126,42992EB2,C21201D0,59451F60,02869126,42992EB2,C21201C6,68451F60,028C9126,42982EB2,C21201FC,77451F60,028F9126,42972EB2,C21201EF,86451F60,028F9126,42972EB2,C212011E*21
$PMTKLOX,1,261,95451F60,028E9126,42962EB2,C212010D,A4451F60,02949126,42972EB2,C2120127,B3451F60,02969126,42962EB2,C2120133,C2451F60,02949126,42952EB2,C2120143,D1451F60,02929126,42942EB2,C2120157,E0451F60,02949126,42952EB2,C2120161*20
$PMTKLOX,1,262,EF451F60,02959126,42952EB2,C212016F,FE451F60,02939126,42932EB2,C212017E,0D461F60,02939126,42912EB2,C212018C,1C461F60,02969126,428D2EB2,C2120184,2B461F60,02989126,428A2EB2,C21201BA,3A461F60,02959126,42882EB2,C21201A4*5C
$PMTKLOX,1,263,49461F60,02909126,42872EB2,C21201DD,58461F60,028B9126,428C2EB2,C21201DC,67461F60,02889126,42922EB2,C21301FF,76461F60,02889126,42952EB2,C21301E9,85461F60,02869126,42932EB2,C2130112,94461F60,02869126,42912EB2,C2130101*24
$PMTKLOX,1,264,A3461F60,02889126,428F2EB2,C2130126,B2461F60,028A9126,428D2EB2,C2130137,C1461F60,028B9126,428E2EB2,C2130146,D0461F60,028B9126,428C2EB2,C2130155,DF461F60,028B9126,428A2EB2,C213015C,EE461F60,028A9126,428E2EB2,C2130168*5E
$PMTKLOX,1,265,FD461F60,02899126,428E2EB2,C2130178,0C471F60,028B9126,428D2EB2,C2130189,1B471F60,02889126,42922EB2,C2130182,2A471F60,02829126,42972EB2,C21301BC,39471F60,02829126,42982EB2,C21301A0,48471F60,027F9126,42962EB2,C2130122*5B
$PMTKLOX,1,266,57471F60,027E9126,42962EB2,C213013C,66471F60,027D9126,42962EB2,C213010E,75471F60,027E9126,42952EB2,C213011D,84471F60,027E9126,42942EB2,C21301ED,93471F60,02839126,42912EB2,C2130102,A2471F60,028E9126,42922EB2,C213013D*5E
$PMTKLOX,1,267,B1471F60,02909126,42942EB2,C2130136,C0471F60,02909126,42942EB2,C2120146,CF471F60,028E9126,42922EB2,C2120151,DE471F60,02909126,42932EB2,C212015F,ED471F60,028E9126,42942EB2,C2120175,FC471F60,02919126,42962EB2,C2120179*24
$PMTKLOX,1,268,0B481F60,02919126,42972EB2,C2120180,1A481F60,028F9126,42962EB2,C212018E,29481F60,02919126,42972EB2,C21201A2,38481F60,02919126,42992EB2,C21201BD,47481F60,02919126,429A2EB2,C21201C1,56481F60,02919126,429B2EB2,C21201D1*2B
$PMTKLOX,1,269,65481F60,02929126,429C2EB2,C21201E6,74481F60,02929126,429A2EB2,C21201F1,83481F60,02909126,429A2EB2,C2120104,92481F60,028F9126,42982EB2,C2120108,A1481F60,028E9126,42962EB2,C2120134,B0481F60,02909126,42932EB2,C212013E*53
$PMTKLOX,1,270,BF481F60,028E9126,42902EB2,C212012C,CE481F60,028C9126,428F2EB2,C2120140,DD481F60,028B9126,42902EB2,C212014B,EC481F60,02899126,42972EB2,C212017F,FB481F60,02889126,429A2EB2,C2120164,0A491F60,028B9126,42982EB2,C2120195*5F
$PMTKLOX,1,271,19491F60,028C9126,42942EB2,C212018D,28491F60,028F9126,42932EB2,C21101BB,37491F60,02909126,42942EB2,C21101BC,46491F60,02889126,42972EB2,C21101D6,55491F60,02869126,42992EB2,C21101C5,64491F60,02849126,429B2EB2,C21101F4*23
$PMTKLOX,1,272,73491F60,02839126,429E2EB2,C21101E1,82491F60,02819126,42A12EB2,C211012D,91491F60,02809126,42A42EB2,C211013A,A0491F60,02809126,42A42EB2,C211010B,AF491F60,02809126,42A32EB2,C2110103,BE491F60,02819126,42A62EB2,C2110116*24
$PMTKLOX,1,273,CD491F60,02829126,42A62EB2,C2110166,DC491F60,02839126,42A32EB2,C2110173,EB491F60,02839126,42A52EB2,C2110142,FA491F60,02859126,42A62EB2,C2110156,094A1F60,02879126,42A42EB2,C21101A6,184A1F60,02889126,42A52EB2,C21101B9*5C
$PMTKLOX,1,274,274A1F60,02879126,42A52EB2,C2110189,364A1F60,02869126,42A62EB2,C211019A,454A1F60,02869126,42A62EB2,C21101E9,544A1F60,02879126,42A52EB2,C21101FA,634A1F60,028A9126,42A22EB2,C21101C7,724A1F60,028D9126,42A02EB2,C21101D3*5F
$PMTKLOX,1,275,814A1F60,02939126,429E2EB2,C2110100,904A1F60,02979126,429F2EB2,C2110114,9F4A1F60,02999126,429F2EB2,C2110115,AE4A1F60,029C9126,429E2EB2,C2110120,BD4A1F60,029C9126,429A2EB2,C2110137,CC4A1F60,02989126,42952EB2,C211014D*23
$PMTKLOX,1,276,DB4A1F60,02999126,42932EB2,C211015D,EA4A1F60,02999126,42942EB2,C211016B,F94A1F60,029B9126,42932EB2,C211017D,084B1F60,029A9126,42912EB2,C211018E,174B1F60,029D9126,428D2EB2,C211018A,264B1F60,029E9126,42902EB2,C21001A4*5B
$PMTKLOX,1,277,354B1F60,029F9126,42912EB2,C21001B7,444B1F60,02A29126,42962EB2,C21001FC,534B1F60,02A19126,42962EB2,C21001E8,624B1F60,02999126,429B2EB2,C21001EC,714B1F60,02939126,42A32EB2,C21001CD,804B1F60,028E9126,42A22EB2,C2110121*27
$PMTKLOX,1,278,8F4B1F60,028C9126,42A12EB2,C211012F,9E4B1F60,028B9126,42A22EB2,C211013A,AD4B1F60,028D9126,42A02EB2,C211010D,BC4B1F60,028D9126,42A12EB2,C212011E,CB4B1F60,028A9126,42A02EB2,C213016E,DA4B1F60,028C9126,429D2EB2,C2140143*2C
$PMTKLOX,1,279,E94B1F60,028C9126,429D2EB2,C2150171,F84B1F60,028B9126,429B2EB2,C2150161,074C1F60,028A9126,429A2EB2,C2150199,164C1F60,02879126,429B2EB2,C2150184,254C1F60,028A9126,429D2EB2,C21501BC,344C1F60,02899126,429D2EB2,C21601AD*56
$PMTKLOX,1,280,434C1F60,02869126,429D2EB2,C21501D6,524C1F60,02869126,429C2EB2,C21501C6,614C1F60,02889126,42992EB2,C21401FF,704C1F60,02889126,42992EB2,C21401EE,7F4C1F60,02879126,42982EB2,C21401EF,8E4C1F60,02879126,42992EB2,C214011F*2B
$PMTKLOX,1,281,9D4C1F60,02889126,42982EB2,C2140102,AC4C1F60,02899126,42992EB2,C2140133,BB4C1F60,02889126,429A2EB2,C2140126,CA4C1F60,02899126,42992EB2,C2140155,D94C1F60,02899126,429A2EB2,C2140145,E84C1F60,028A9126,42992EB2,C2140174*53
$PMTKLOX,1,282,F74C1F60,028B9126,42992EB2,C214016A,064D1F60,028A9126,42982EB2,C214019A,154D1F60,028C9126,42982EB2,C214018F,244D1F60,028C9126,42962EB2,C21401B0,334D1F60,028C9126,42962EB2,C21401A7,424D1F60,028C9126,42962EB2,C21401D6*2F
$PMTKLOX,1,283,514D1F60,02929126,42952EB2,C21401D8,604D1F60,02989126,42952EB2,C21401E3,6F4D1F60,02969126,42962EB2,C21401E1,7E4D1F60,02959126,42972EB2,C21401F2,8D4D1F60,02959126,42982EB2,C214010E,9C4D1F60,02969126,42982EB2,C214011C*51
$PMTKLOX,1,284,AB4D1F60,02919126,429A2EB2,C214012E,BA4D1F60,02919126,42992EB2,C214013C,C94D1F60,02939126,42992EB2,C214014D,D84D1F60,02939126,429B2EB2,C214015E,E74D1F60,02969126,429C2EB2,C2140163,F64D1F60,02969126,429C2EB2,C2140172*56
$PMTKLOX,1,285,054E1F60,02969126,429D2EB2,C2140183,144E1F60,02929126,429F2EB2,C2140194,234E1F60,02909126,42A12EB2,C214019F,324E1F60,028F9126,42A22EB2,C2140192,414E1F60,028F9126,42A52EB2,C21401E6,504E1F60,028E9126,42A82EB2,C21401FB*2E
$PMTKLOX,1,286,5F4E1F60,028F9126,42A82EB2,C21401F5,6E4E1F60,028F9126,42A72EB2,C21401CB,7D4E1F60,028F9126,42A62EB2,C21401D9,8C4E1F60,028B9126,42A72EB2,C214012D,9B4E1F60,028A9126,42A62EB2,C214013A,AA4E1F60,028A9126,42A52EB2,C2140108*2D
$PMTKLOX,1,287,B94E1F60,02889126,42A52EB2,C2140119,C84E1F60,02859126,42A52EB2,C2140165,D74E1F60,02839126,42A62EB2,C214017F,E64E1F60,02809126,42A62EB2,C214014D,F54E1F60,02829126,42A52EB2,C214015F,044F1F60,02839126,42A32EB2,C21401A8*28
$PMTKLOX,1,288,134F1F60,02849126,42A12EB2,C21401BA,224F1F60,02849126,42A12EB2,C214018B,314F1F60,02819126,42A02EB2,C214019C,404F1F60,02849126,429F2EB2,C21401D7,4F4F1F60,02859126,429E2EB2,C21401D8,5E4F1F60,02829126,429D2EB2,C21401CD*5A
$PMTKLOX,1,289,6D4F1F60,02819126,429C2EB2,C21401FC,7C4F1F60,02829126,429B2EB2,C21401E9,8B4F1F60,02819126,429A2EB2,C214011C,9A4F1F60,02829126,42982EB2,C214010C,A94F1F60,02839126,42962EB2,C2140130,B84F1F60,02859126,42952EB2,C2140124*5D
$PMTKLOX,1,290,C74F1F60,02869126,42952EB2,C213015F,D64F1F60,02839126,42972EB2,C2130149,E54F1F60,02829126,42982EB2,C2130174,F44F1F60,02839126,42972EB2,C213016B,03501F60,02839126,42962EB2,C2130182,12501F60,02839126,42942EB2,C2130191*57
$PMTKLOX,1,291,21501F60,02839126,42932EB2,C21301A5,30501F60,02829126,42912EB2,C21301B7,3F501F60,02849126,428D2EB2,C21301A2,4E501F60,02889126,428C2EB2,C21301DE,5D501F60,02899126,428A2EB2,C21301CA,6C501F60,028D9126,42892EB2,C21301FC*2B
$PMTKLOX,1,292,7B501F60,02919126,428A2EB2,C21301F4,8A501F60,028F9126,428E2EB2,C213011F,99501F60,028E9126,428E2EB2,C213010D,A8501F60,028E9126,428D2EB2,C213013F,B7501F60,028E9126,428E2EB2,C2130123,C6501F60,028D9126,428E2EB2,C2130151*57
$PMTKLOX,1,293,D5501F60,028E9126,42922EB2,C213015D,E4501F60,02909126,42932EB2,C2130173,F3501F60,02929126,42942EB2,C2130161,02511F60,02909126,42962EB2,C2130191,11511F60,028F9126,42982EB2,C2130193,20511F60,028E9126,429A2EB2,C21301A1*2B
$PMTKLOX,1,294,2F511F60,028F9126,429B2EB2,C21301AE,3E511F60,028C9126,429D2EB2,C21301BA,4D511F60,028C9126,429F2EB2,C21301CB,5C511F60,028A9126,429F2EB2,C21301DC,6B511F60,02889126,42A02EB2,C21301D6,7A511F60,02879126,429E2EB2,C21301F6*51
$PMTKLOX,1,295,89511F60,02889126,429F2EB2,C213010B,98511F60,02889126,429F2EB2,C213011A,A7511F60,028A9126,429E2EB2,C2130126,B6511F60,028A9126,429C2EB2,C2130135,C5511F60,02899126,429B2EB2,C2130142,D4511F60,02889126,429A2EB2,C2130153*56
$PMTKLOX,1,296,E3511F60,02889126,42992EB2,C2130167,F2511F60,02879126,42982EB2,C2130178,01521F60,02879126,42972EB2,C2130187,10521F60,02879126,42952EB2,C2130194,1F521F60,02889126,42962EB2,C2130197,2E521F60,028A9126,42972EB2,C21301A5*55
$PMTKLOX,1,297,3D521F60,028B9126,42972EB2,C21301B7,4C521F60,028A9126,42992EB2,C21301C9,5B521F60,028D9126,429A2EB2,C21301DA,6A521F60,028B9126,429B2EB2,C21301EC,79521F60,028B9126,42992EB2,C21301FD,88521F60,028A9126,42992EB2,C213010D*2B
$PMTKLOX,1,298,97521F60,02899126,429A2EB2,C2130112,A6521F60,028A9126,429B2EB2,C2130121,B5521F60,028B9126,429C2EB2,C2130134,FFFFFFFF,FFFFFFFF,FFFFFFFF,FFFFFFFF,0800010A,1F000000,0F000000,0000190A,00000000,00000000,00000000,00000000*22
$PMTKLOX,1,299,00000000,00000000,00000000,0000001F,FFFFFFFF,FFFFFFFF,FFFFFFFF,000C8C14,C4521F60,028A9126,429C2EB2,C2130144,D3521F60,028C9126,429B2EB2,C2130152,E2521F60,028D9126,429A2EB2,C2130163,F1521F60,028B9126,429A2EB2,C2130176*26
$PMTKLOX,1,300,00531F60,02889126,429A2EB2,C2130185,0F531F60,02899126,429A2EB2,C213018B,1E531F60,02889126,429B2EB2,C213019A,2D531F60,02869126,429B2EB2,C21301A7,3C531F60,02879126,429C2EB2,C21301B0,4B531F60,02879126,429B2EB2,C21301C0*5F
$PMTKLOX,1,301,5A531F60,02889126,42982EB2,C21301DD,69531F60,02899126,42972EB2,C21301E0,78531F60,028B9126,42952EB2,C21301F1,87531F60,028D9126,42972EB2,C212010B,96531F60,02909126,42982EB2,C2120108,A5531F60,028F9126,429A2EB2,C2120126*23
$PMTKLOX,1,302,B4531F60,028B9126,429C2EB2,C2120135,C3531F60,02899126,429D2EB2,C2120141,D2531F60,02889126,429D2EB2,C2120151,E1531F60,028B9126,429C2EB2,C2120160,F0531F60,028C9126,429C2EB2,C2120176,FF531F60,028C9126,429C2EB2,C2120179*24
$PMTKLOX,1,303,0E541F60,028D9126,429B2EB2,C2120189,1D541F60,028C9126,429B2EB2,C212019B,2C541F60,028B9126,42992EB2,C21201AF,3B541F60,028B9126,42982EB2,C21201B9,4A541F60,02889126,42982EB2,C21201CB,59541F60,02859126,42992EB2,C21201D4*5C
$PMTKLOX,1,304,68541F60,02819126,429B2EB2,C21201E3,77541F60,027E9126,429C2EB2,C2120104,86541F60,027D9126,429B2EB2,C21201F1,95541F60,027A9126,429B2EB2,C21201E5,A4541F60,02779126,429D2EB2,C21201DF,B3541F60,02779126,429A2EB2,C21201CF*5F
$PMTKLOX,1,305,C2541F60,027A9126,429B2EB2,C21201B2,D1541F60,027C9126,429B2EB2,C21201A7,E0541F60,027E9126,42992EB2,C2120196,EF541F60,027C9126,429B2EB2,C2120199,FE541F60,027D9126,429C2EB2,C212018E,0D551F60,027F9126,429C2EB2,C212017E*21
$PMTKLOX,1,306,1C551F60,02819126,429B2EB2,C2120196,2B551F60,02839126,429B2EB2,C21201A3,3A551F60,02849126,429C2EB2,C21201B2,49551F60,02849126,429B2EB2,C21201C6,58551F60,02849126,429B2EB2,C21201D7,67551F60,02849126,429A2EB2,C21201E9*5B
$PMTKLOX,1,307,76551F60,02869126,42992EB2,C21201F9,85551F60,02879126,42982EB2,C212010A,94551F60,02899126,42982EB2,C2120115,A3551F60,02899126,42992EB2,C2120123,B2551F60,028B9126,429B2EB2,C2120132,C1551F60,028D9126,429B2EB2,C2120147*23
$PMTKLOX,1,308,D0551F60,028C9126,429B2EB2,C2120157,DF551F60,02889126,429C2EB2,C212015B,EE551F60,02859126,429F2EB2,C2120164,FD551F60,02849126,42A02EB2,C2120149,0C561F60,02869126,42A12EB2,C21201B8,1B561F60,02869126,42A02EB2,C21201AE*57
$PMTKLOX,1,309,2A561F60,028A9126,429F2EB2,C21201AC,39561F60,028D9126,429F2EB2,C21201B8,48561F60,028F9126,429F2EB2,C21201CB,57561F60,02909126,429D2EB2,C21201C9,66561F60,028C9126,429D2EB2,C21201E4,75561F60,028E9126,429D2EB2,C21201F5*50
$PMTKLOX,1,310,84561F60,028D9126,429D2EB2,C2120107,93561F60,028B9126,429D2EB2,C2120116,A2561F60,028A9126,429D2EB2,C2120126,B1561F60,028D9126,429E2EB2,C2120131,C0561F60,02939126,42A02EB2,C2120160,CF561F60,029B9126,42A22EB2,C2120165*58
$PMTKLOX,1,311,DE561F60,029D9126,42A32EB2,C2120173,ED561F60,02A29126,42A42EB2,C2120178,FC561F60,029E9126,42A32EB2,C2120152,0B571F60,02989126,42A22EB2,C21201A3,1A571F60,028E9126,42A12EB2,C21201A7,29571F60,028D9126,42A12EB2,C2120197*24
$PMTKLOX,1,312,38571F60,028C9126,42A22EB2,C2120184,47571F60,028A9126,42A32EB2,C21201FC,56571F60,02899126,42A42EB2,C21201E9,65571F60,028D9126,42A52EB2,C21201DF,74571F60,028E9126,42A42EB2,C21201CC,83571F60,02909126,42A42EB2,C2120125*23
$PMTKLOX,1,313,92571F60,028D9126,42A22EB2,C212012F,A1571F60,02719126,42992EB2,C21201DB,B0571F60,026D9126,429A2EB2,C21201D5,BF571F60,026E9126,429A2EB2,C21201D9,CE571F60,026C9126,42982EB2,C21201A8,DD571F60,02709126,42992EB2,C21101A5*59
$PMTKLOX,1,314,EC571F60,02709126,42992EB2,C2110194,FB571F60,026D9126,429B2EB2,C211019C,0A581F60,026A9126,429C2EB2,C2120161,19581F60,02699126,429B2EB2,C2120176,28581F60,02699126,429A2EB2,C2120146,37581F60,026A9126,429B2EB2,C212015B*23
$PMTKLOX,1,315,46581F60,026B9126,429C2EB2,C212012C,55581F60,026D9126,429B2EB2,C212013E,64581F60,02709126,429A2EB2,C2120113,73581F60,02719126,429A2EB2,C2120105,82581F60,02719126,429A2EB2,C21201F4,91581F60,02769126,429C2EB2,C21101E5*5B
$PMTKLOX,1,316,A0581F60,027A9126,429E2EB2,C21101DA,AF581F60,027C9126,429E2EB2,C21101D3,BE581F60,027C9126,429F2EB2,C21101C3,CD581F60,027E9126,42A02EB2,C211018D,DC581F60,02839126,42A12EB2,C2110160,EB581F60,02829126,42A22EB2,C2110155*5A
$PMTKLOX,1,317,FA581F60,027E9126,42A32EB2,C21101B9,09591F60,027E9126,42A32EB2,C211014B,18591F60,027F9126,42A32EB2,C211015B,27591F60,02849126,42A42EB2,C2110198,36591F60,02879126,42A52EB2,C211018B,45591F60,02899126,42A42EB2,C21101F7*5F
$PMTKLOX,1,318,54591F60,02889126,42A32EB2,C21101E0,63591F60,02899126,42A12EB2,C21101D4,72591F60,02889126,429E2EB2,C21101FB,81591F60,028B9126,429A2EB2,C211010F,90591F60,02929126,429A2EB2,C2110107,9F591F60,02919126,429B2EB2,C211010A*50
$PMTKLOX,1,319,AE591F60,02919126,429A2EB2,C211013A,BD591F60,02889126,429B2EB2,C2110131,CC591F60,027E9126,429E2EB2,C21001B2,DB591F60,02779126,429E2EB2,C21001AC,EA591F60,02759126,429E2EB2,C210019F,F9591F60,02719126,429B2EB2,C210018D*57
$PMTKLOX,1,320,085A1F60,026D9126,429C2EB2,C2100164,175A1F60,02659126,429C2EB2,C2100173,265A1F60,025B9126,429E2EB2,C20D0163,355A1F60,026A9126,42A12EB2,C20C017F,445A1F60,02719126,42A12EB2,C20B0112,535A1F60,02749126,42A02EB2,C20B0101*5D
$PMTKLOX,1,321,625A1F60,02739126,42A02EB2,C20B0137,715A1F60,02729126,42A02EB2,C20B0125,805A1F60,02709126,42A12EB2,C20B01D7,8F5A1F60,02759126,42A22EB2,C20B01DE,9E5A1F60,027B9126,42A22EB2,C20B01C1,AD5A1F60,027C9126,42A22EB2,C20B01F5*23
$PMTKLOX,1,322,BC5A1F60,027C9126,42A32EB2,C20B01E5,CB5A1F60,02809126,42A22EB2,C20B016F,DA5A1F60,028A9126,42A32EB2,C20B0175,E95A1F60,028E9126,42A22EB2,C20A0142,F85A1F60,028F9126,42A12EB2,C20A0151,075B1F60,028E9126,42A12EB2,C20A01AE*24
$PMTKLOX,1,323,165B1F60,028B9126,42A12EB2,C20A01BA,255B1F60,02889126,42A32EB2,C20A0188,345B1F60,02899126,42A32EB2,C20A0198,435B1F60,02839126,42A42EB2,C20A01E2,525B1F60,02839126,42A32EB2,C20A01F4,615B1F60,02899126,42A62EB2,C20A01C8*5C
$PMTKLOX,1,324,705B1F60,028B9126,42A72EB2,C20A01DA,7F5B1F60,028F9126,42A82EB2,C20A01DE,8E5B1F60,02909126,42A92EB2,C2090132,9D5B1F60,02999126,42A92EB2,C2090128,AC5B1F60,029B9126,42A82EB2,C209011A,BB5B1F60,02999126,42A92EB2,C209010E*5B
$PMTKLOX,1,325,CA5B1F60,02949126,42AB2EB2,C2090170,D95B1F60,02929126,42AC2EB2,C2090162,E85B1F60,028C9126,42AD2EB2,C209014C,F75B1F60,028A9126,42AD2EB2,C2090155,065C1F60,028A9126,42AE2EB2,C20901A0,155C1F60,028D9126,42AE2EB2,C20901B4*5E
$PMTKLOX,1,326,245C1F60,028E9126,42AE2EB2,C2090186,335C1F60,028F9126,42AE2EB2,C2090190,425C1F60,028C9126,42AF2EB2,C20901E3,515C1F60,02909126,42B02EB2,C20901F3,605C1F60,02909126,42AB2EB2,C20901D9,6F5C1F60,02909126,42A32EB2,C20901DE*20
$PMTKLOX,1,327,7E5C1F60,02879126,42A22EB2,C20A01DA,8D5C1F60,02859126,42A12EB2,C20B0129,9C5C1F60,02799126,429F2EB2,C20C01FD,AB5C1F60,02739126,429C2EB2,C20D01C2,BA5C1F60,02789126,42982EB2,C20F01DE,C95C1F60,02799126,42952EB2,C21001BE*5A
$PMTKLOX,1,328,D85C1F60,027A9126,42942EB2,C21101AC,E75C1F60,02759126,42962EB2,C211019E,F65C1F60,02759126,42972EB2,C211018E,055D1F60,02769126,42992EB2,C2110171,145D1F60,02669126,42A02EB2,C212014A,235D1F60,02639126,42A12EB2,C2120179*28
$PMTKLOX,1,329,325D1F60,02659126,42A22EB2,C213016C,415D1F60,02659126,42A32EB2,C213011E,505D1F60,025A9126,42A42EB2,C2140130,5F5D1F60,02579126,42A42EB2,C2140132,6E5D1F60,02569126,42A12EB2,C2150106,7D5D1F60,02629126,42A22EB2,C2160121*54
$PMTKLOX,1,330,8C5D1F60,02589126,42A42EB2,C21701ED,9B5D1F60,02509126,42A22EB2,C21901FA,AA5D1F60,02629126,42A12EB2,C21A01F9,B95D1F60,026A9126,429E2EB2,C21A01DD,C85D1F60,02609126,42A02EB2,C21B0199,D75D1F60,025A9126,429F2EB2,C21A0182*58
$PMTKLOX,1,331,E65D1F60,02539126,42A12EB2,C21A0184,F55D1F60,026A9126,42A02EB2,C21A01AF,045E1F60,02659126,42A22EB2,C21A0150,135E1F60,025C9126,42A62EB2,C21A017A,225E1F60,02579126,42A82EB2,C219014D,315E1F60,02489126,42AE2EB2,C2190147*24
$PMTKLOX,1,332,405E1F60,02359126,42B42EB2,C2180150,4F5E1F60,02039126,42C12EB2,C2170113,5E5E1F60,02119126,42BF2EB2,C217016E,6D5E1F60,02139126,42C32EB2,C2170123,7C5E1F60,021E9126,42BF2EB2,C2160142,8B5E1F60,02369126,42B92EB2,C216019B*5E
$PMTKLOX,1,333,9A5E1F60,02549126,42B22EB2,C21601E3,A95E1F60,027B9126,42A52EB2,C21401EA,B85E1F60,02889126,42A22EB2,C214010F,C75E1F60,025E9126,42A62EB2,C21201A4,D65E1F60,026F9126,42A52EB2,C2120187,E55E1F60,028B9126,42A42EB2,C2100153*26
$PMTKLOX,1,334,F45E1F60,027B9126,42A42EB2,C21301B1,035F1F60,02779126,42A62EB2,C2130149,125F1F60,02859126,42A32EB2,C21301AF,215F1F60,02869126,42A52EB2,C214019E,305F1F60,029F9126,429E2EB2,C21401AD,3F5F1F60,02919126,429C2EB2,C21501AF*5A
$PMTKLOX,1,335,4E5F1F60,028A9126,429E2EB2,C21501C7,5D5F1F60,02909126,42A02EB2,C21601F3,6C5F1F60,027C9126,429F2EB2,C2160111,7B5F1F60,027A9126,42A02EB2,C216013F,8A5F1F60,028E9126,429E2EB2,C2150107,995F1F60,02989126,429B2EB2,C2150107*59
$PMTKLOX,1,336,A85F1F60,02A69126,429B2EB2,C2150108,B75F1F60,02A79126,429B2EB2,C2150116,C65F1F60,02AB9126,42992EB2,C2150169,D55F1F60,02AF9126,42992EB2,C215017E,E45F1F60,02AF9126,42972EB2,C2150141,F35F1F60,02B89126,42972EB2,C2160142*58
$PMTKLOX,1,337,02601F60,02B69126,42972EB2,C2160182,11601F60,02BF9126,42962EB2,C2180197,20601F60,02B59126,429B2EB2,C21901A0,2F601F60,02A79126,429D2EB2,C21A01B8,3E601F60,02919126,429E2EB2,C219019F,4D601F60,028A9126,429E2EB2,C21801F6*5D
$PMTKLOX,1,338,5C601F60,028B9126,429C2EB2,C21801E4,6B601F60,02989126,429D2EB2,C21701CE,7A601F60,028D9126,42A12EB2,C21601F7,89601F60,028C9126,42A42EB2,C2170101,98601F60,028C9126,42A62EB2,C218011D,A7601F60,02759126,42A32EB2,C21B01DD*56
$PMTKLOX,1,339,B6601F60,02659126,42A02EB2,C21B01DF,C5601F60,026B9126,42A02EB2,C21B01A2,D4601F60,026E9126,429B2EB2,C21A018C,E3601F60,027A9126,42942EB2,C21901A3,F2601F60,027A9126,42912EB2,C21901B7,01611F60,02759126,42932EB2,C2190148*2A
$PMTKLOX,1,340,10611F60,026D9126,42972EB2,C2180144,1F611F60,02799126,42972EB2,C218015F,2E611F60,02809126,42942EB2,C2180194,3D611F60,02839126,42942EB2,C2180184,4C611F60,02819126,42962EB2,C21701FA,5B611F60,02799126,42992EB2,C217011A*5B
$PMTKLOX,1,341,6A611F60,027F9126,42962EB2,C2160123,FFFFFFFF,FFFFFFFF,FFFFFFFF,FFFFFFFF,0900010A,1F000000,0F000000,0000180A,00000000,00000000,00000000,00000000,00000000,00000000,00000000,0000001F,FFFFFFFF,FFFFFFFF,FFFFFFFF,000C8C14*22
$PMTKLOX,1,342,79611F60,02849126,42932EB2,C21501CD,88611F60,02809126,42942EB2,C2130139,97611F60,027B9126,42962EB2,C21101DD,A6611F60,027E9126,42952EB2,C21001EB,B5611F60,02819126,42962EB2,C2100104,C4611F60,02859126,42932EB2,C2100174*26
$PMTKLOX,1,343,D3611F60,027E9126,42962EB2,C210019D,E2611F60,02739126,42982EB2,C20F01B0,F1611F60,02739126,42972EB2,C20F01AC,00621F60,026D9126,429A2EB2,C20E014C,0F621F60,02659126,429C2EB2,C20D014E,1E621F60,02669126,429D2EB2,C20C015C*58
$PMTKLOX,1,344,2D621F60,02659126,429E2EB2,C20C016F,3C621F60,02679126,429F2EB2,C20C017D,4B621F60,02669126,42A02EB2,C20C0134,5A621F60,02679126,42A32EB2,C20D0126,69621F60,026F9126,42A12EB2,C20C011E,78621F60,02719126,42A02EB2,C20C0110*59
$PMTKLOX,1,345,87621F60,02739126,42A32EB2,C20C01EE,96621F60,02729126,42A62EB2,C20B01FC,A5621F60,026F9126,42A72EB2,C20B01D3,B4621F60,02669126,42A92EB2,C20B01C5,C3621F60,02689126,42A92EB2,C20B01BC,D2621F60,02649126,42A82EB2,C20B01A0*5C
$PMTKLOX,1,346,E1621F60,02629126,42A72EB2,C20B019A,F0621F60,025E9126,42A42EB2,C20C01B3,FF621F60,02579126,42A32EB2,C20C01B2,0E631F60,02539126,42A62EB2,C20D0142,1D631F60,024E9126,42A52EB2,C20D014F,2C631F60,025C9126,42A52EB2,C20D016C*24
$PMTKLOX,1,347,3B631F60,02679126,42A52EB2,C20E0143,4A631F60,02699126,42A62EB2,C20F013E,59631F60,026A9126,42A42EB2,C20F012C,68631F60,02729126,42A02EB2,C210011E,77631F60,02719126,429F2EB2,C211013C,86631F60,02779126,429E2EB2,C21201C9*27
$PMTKLOX,1,348,95631F60,027B9126,429F2EB2,C21201D7,A4631F60,02799126,42A02EB2,C21201DB,B3631F60,027B9126,42A12EB2,C21201CF,C2631F60,02799126,429E2EB2,C2120183,D1631F60,02779126,429D2EB2,C212019D,E0631F60,027E9126,429D2EB2,C21201A5*2C
$PMTKLOX,1,349,EF631F60,02829126,429D2EB2,C2110155,FE631F60,02809126,429D2EB2,C2110146,0D641F60,02829126,429E2EB2,C21101B3,1C641F60,027E9126,42A02EB2,C2100161,2B641F60,02809126,42A02EB2,C21001A8,3A641F60,02809126,42A12EB2,C21001B8*52
$PMTKLOX,1,350,49641F60,027E9126,42A22EB2,C2100136,58641F60,027F9126,42A12EB2,C2100125,67641F60,027F9126,429F2EB2,C2100124,76641F60,027C9126,429F2EB2,C2100136,85641F60,027C9126,429F2EB2,C21001C5,94641F60,027D9126,429F2EB2,C21101D4*5A
$PMTKLOX,1,351,A3641F60,02809126,429E2EB2,C211011F,B2641F60,027F9126,429C2EB2,C21201F0,C1641F60,027F9126,429A2EB2,C2120185,D0641F60,02769126,429B2EB2,C212019C,DF641F60,02759126,429B2EB2,C2120190,EE641F60,02769126,42992EB2,C21101A3*20
$PMTKLOX,1,352,FD641F60,02759126,42982EB2,C21101B2,0C651F60,027A9126,42992EB2,C211014C,1B651F60,027B9126,42982EB2,C211015B,2A651F60,027C9126,42972EB2,C2110162,39651F60,027D9126,42982EB2,C211017F,48651F60,027C9126,42972EB2,C2110100*5C
$PMTKLOX,1,353,57651F60,027B9126,42972EB2,C2110118,66651F60,02789126,42982EB2,C2110125,75651F60,02779126,42972EB2,C2110136,84651F60,02799126,42962EB2,C21101C8,93651F60,027B9126,42952EB2,C21101DE,A2651F60,027A9126,42952EB2,C21101EE*20
$PMTKLOX,1,354,B1651F60,02779126,42942EB2,C21101F1,C0651F60,02759126,42942EB2,C2110182,CF651F60,02739126,42932EB2,C211018C,DE651F60,02739126,42922EB2,C211019C,ED651F60,02739126,42922EB2,C21101AF,FC651F60,02679126,42902EB2,C21101A8*5C
$PMTKLOX,1,355,0B661F60,02669126,428D2EB2,C2110140,1A661F60,026D9126,428A2EB2,C211015D,29661F60,02719126,42892EB2,C2110171,38661F60,026F9126,42862EB2,C2110171,47661F60,02729126,42842EB2,C2110111,56661F60,026E9126,42872EB2,C211011F*20
$PMTKLOX,1,356,65661F60,026F9126,42862EB2,C211012C,74661F60,026D9126,42852EB2,C211013C,83661F60,02639126,428A2EB2,C21101CA,92661F60,025B9126,42902EB2,C21101F9,A1661F60,025C9126,42912EB2,C21101CC,B0661F60,02609126,428F2EB2,C21101FF*23
$PMTKLOX,1,357,BF661F60,02639126,42902EB2,C21101EC,CE661F60,02669126,42922EB2,C211019A,DD661F60,02669126,42932EB2,C2110188,EC661F60,02669126,42952EB2,C21101BF,FB661F60,02679126,42982EB2,C21101A4,0A671F60,026C9126,429A2EB2,C211015D*5B
$PMTKLOX,1,358,19671F60,026A9126,429B2EB2,C2110149,28671F60,02689126,429A2EB2,C211017B,37671F60,026A9126,42992EB2,C2110165,46671F60,026A9126,429A2EB2,C2110117,55671F60,02659126,429C2EB2,C211010D,64671F60,02609126,429D2EB2,C2110138*52
$PMTKLOX,1,359,73671F60,025E9126,429F2EB2,C2110113,82671F60,025D9126,42A02EB2,C21101DE,91671F60,02629126,429D2EB2,C21101CF,A0671F60,026B9126,429B2EB2,C21101F1,AF671F60,026E9126,429A2EB2,C21201F9,BE671F60,02729126,429A2EB2,C21201F4*53
$PMTKLOX,1,360,CD671F60,02759126,42992EB2,C2120183,DC671F60,02749126,429A2EB2,C2120190,EB671F60,026F9126,429B2EB2,C21201BD,FA671F60,026A9126,429C2EB2,C21201AE,09681F60,026B9126,429E2EB2,C2120151,18681F60,026B9126,429F2EB2,C2120141*20
$PMTKLOX,1,361,27681F60,02709126,429F2EB2,C2120165,36681F60,02729126,42A02EB2,C2120149,45681F60,02709126,429F2EB2,C2120107,54681F60,026F9126,429F2EB2,C2120109,63681F60,026D9126,42A02EB2,C2120103,72681F60,026F9126,42A12EB2,C2120111*27
$PMTKLOX,1,362,81681F60,026D9126,429F2EB2,C21201DE,90681F60,02669126,429E2EB2,C21301C4,9F681F60,02629126,429E2EB2,C21201CE,AE681F60,02639126,429E2EB2,C21201FE,BD681F60,02679126,429E2EB2,C21301E8,CC681F60,02699126,429E2EB2,C2130197*5D
$PMTKLOX,1,363,DB681F60,026C9126,429F2EB2,C2130184,EA681F60,026B9126,42A02EB2,C213018D,F9681F60,02689126,42A12EB2,C213019C,08691F60,026B9126,42A02EB2,C213016E,17691F60,02699126,42A02EB2,C2130173,26691F60,02669126,42A02EB2,C213014D*5E
$PMTKLOX,1,364,35691F60,02699126,42A02EB2,C2130151,44691F60,02709126,429E2EB2,C2130107,53691F60,02759126,429E2EB2,C2130115,62691F60,02739126,429D2EB2,C2130121,71691F60,02719126,429F2EB2,C2130132,80691F60,026F9126,42A12EB2,C21301E3*5B
$PMTKLOX,1,365,8F691F60,02719126,42A12EB2,C21301F2,9E691F60,02729126,42A12EB2,C21301E0,AD691F60,02739126,42A42EB2,C21301D7,BC691F60,02739126,42A42EB2,C21301C6,CB691F60,02759126,42A62EB2,C21301B5,DA691F60,02759126,42A72EB2,C21301A5*5C
$PMTKLOX,1,366,E9691F60,02719126,42A82EB2,C213019D,F8691F60,02709126,42A82EB2,C213018D,076A1F60,026D9126,42A72EB2,C2130163,166A1F60,026A9126,42A52EB2,C2130177,256A1F60,02699126,42A22EB2,C2130140,346A1F60,026A9126,42A12EB2,C2130151*20
$PMTKLOX,1,367,436A1F60,026B9126,42A02EB2,C2130126,526A1F60,026A9126,429E2EB2,C2130108,616A1F60,026B9126,429F2EB2,C213013B,706A1F60,02699126,429E2EB2,C214012E,7F6A1F60,02689126,429E2EB2,C2140120,8E6A1F60,02749126,429D2EB2,C21401CE*25
$PMTKLOX,1,368,9D6A1F60,027A9126,429D2EB2,C21401D3,AC6A1F60,027B9126,429E2EB2,C21401E0,BB6A1F60,02799126,429F2EB2,C21401F4,CA6A1F60,02759126,429E2EB2,C2140188,D96A1F60,02749126,429E2EB2,C214019A,E86A1F60,02729126,429D2EB2,C21401AE*2E
$PMTKLOX,1,369,F76A1F60,02729126,429D2EB2,C21401B1,066B1F60,02749126,429C2EB2,C2140146,156B1F60,02739126,429C2EB2,C2140152,246B1F60,02719126,429B2EB2,C2140166,336B1F60,02739126,429E2EB2,C2140176,426B1F60,02749126,429F2EB2,C2140101*54
$PMTKLOX,1,370,516B1F60,02749126,42A22EB2,C214012F,606B1F60,02749126,42A32EB2,C214011F,6F6B1F60,02729126,42A32EB2,C2140116,7E6B1F60,02749126,42A22EB2,C2140100,8D6B1F60,02779126,42A32EB2,C21401F1,9C6B1F60,02779126,42A22EB2,C21501E0*5A
$PMTKLOX,1,371,AB6B1F60,02779126,42A12EB2,C21501D4,BA6B1F60,02769126,42A22EB2,C21501C7,C96B1F60,02769126,42A12EB2,C21501B7,D86B1F60,02759126,42A12EB2,C21501A5,E76B1F60,02789126,42A12EB2,C2150197,F66B1F60,02789126,429F2EB2,C21501B8*26
$PMTKLOX,1,372,056C1F60,027C9126,429E2EB2,C2150149,146C1F60,027B9126,429D2EB2,C215015C,236C1F60,027A9126,429C2EB2,C215016B,326C1F60,027B9126,429C2EB2,C215017B,416C1F60,027C9126,429C2EB2,C215010F,506C1F60,027E9126,429C2EB2,C215011C*25
$PMTKLOX,1,373,5F6C1F60,02809126,429A2EB2,C21501EB,6E6C1F60,02809126,42992EB2,C21501D9,7D6C1F60,02819126,42972EB2,C21501C5,8C6C1F60,02829126,42952EB2,C2150135,9B6C1F60,02839126,42952EB2,C2150123,AA6C1F60,02819126,42942EB2,C2150111*5D
$PMTKLOX,1,374,B96C1F60,027D9126,42922EB2,C21501F8,C86C1F60,027E9126,42932EB2,C215018B,D76C1F60,027D9126,42912EB2,C2150195,E66C1F60,027D9126,42912EB2,C21501A4,F56C1F60,027D9126,42912EB2,C21501B7,046D1F60,027B9126,42902EB2,C2150140*23
$PMTKLOX,1,375,136D1F60,02729126,428F2EB2,C2150141,226D1F60,026F9126,428F2EB2,C215016D,316D1F60,026C9126,428F2EB2,C215017D,406D1F60,02699126,428F2EB2,C2150109,4F6D1F60,02669126,428E2EB2,C2150108,5E6D1F60,02639126,428E2EB2,C215011C*22
$PMTKLOX,1,376,6D6D1F60,02649126,428D2EB2,C215012B,7C6D1F60,02669126,428D2EB2,C2150138,8B6D1F60,026E9126,428F2EB2,C21501C5,9A6D1F60,026D9126,42922EB2,C21501CA,A96D1F60,026A9126,42932EB2,C21501FF,B86D1F60,02699126,42942EB2,C21501EA*5E
$PMTKLOX,1,377,C76D1F60,02689126,42952EB2,C2150195,D66D1F60,026B9126,42952EB2,C2150187,E56D1F60,026E9126,42972EB2,C21501B3,F46D1F60,026C9126,42972EB2,C21501A0,036E1F60,02689126,42962EB2,C2150151,126E1F60,02659126,42942EB2,C215014F*59
$PMTKLOX,1,378,216E1F60,02639126,42952EB2,C215017B,306E1F60,02649126,42962EB2,C216016D,3F6E1F60,026C9126,42982EB2,C218016A,4E6E1F60,026C9126,429A2EB2,C2180119,5D6E1F60,026B9126,429A2EB2,C218010D,6C6E1F60,026C9126,42992EB2,C2180138*54
$PMTKLOX,1,379,7B6E1F60,026D9126,42992EB2,C218012E,8A6E1F60,026F9126,42982EB2,C21901DD,996E1F60,02709126,42982EB2,C21901D1,A86E1F60,02769126,42992EB2,C21901E7,B76E1F60,027B9126,429A2EB2,C21901F6,C66E1F60,027B9126,429A2EB2,C2190187*2A
$PMTKLOX,1,380,D56E1F60,02799126,42982EB2,C2190194,E46E1F60,02789126,42982EB2,C21901A4,F36E1F60,02789126,429B2EB2,C21901B0,026F1F60,027D9126,429D2EB2,C2190143,116F1F60,027C9126,429F2EB2,C2190153,206F1F60,02789126,42A02EB2,C2190159*2C
$PMTKLOX,1,381,2F6F1F60,02759126,42A22EB2,C2190159,3E6F1F60,02749126,42A32EB2,C2190148,4D6F1F60,02749126,42A32EB2,C219013B,5C6F1F60,02749126,42A42EB2,C219012D,6B6F1F60,02739126,42A52EB2,C219011C,7A6F1F60,02739126,42A92EB2,C2190101*2B
$PMTKLOX,1,382,896F1F60,02779126,42AC2EB2,C21901F3,986F1F60,02759126,42AF2EB2,C21901E3,A76F1F60,02779126,42B32EB2,C21901C2,B66F1F60,02789126,42B42EB2,C21901DB,C56F1F60,02799126,42B72EB2,C21901AA,D46F1F60,02839126,42BC2EB2,C219014A*2A
$PMTKLOX,1,383,E36F1F60,02839126,42C02EB2,C2190101,F26F1F60,02859126,42C42EB2,C2190112,01701F60,02839126,42C72EB2,C21901FB,10701F60,02689126,42BF2EB2,C21A017A,1F701F60,025E9126,42B52EB2,C21B0148,FFFFFFFF,FFFFFFFF,FFFFFFFF,FFFFFFFF*2B
$PMTKLOX,1,384,0A00010A,1F000000,0F000000,00001B0A,00000000,00000000,00000000,00000000,003FFFFF,FFFFFFFF,FFFFFFFF,FFFFFFFF,FFFFFFFF,FFFFFFFF,FFFFFFFF,00FC8C1C,2E701F60,025C9126,42B72EB2,C21B0179,3D701F60,025A9126,42B62EB2,C21B016D*53
$PMTKLOX,1,385,4C701F60,02629126,42B22EB2,C21B0120,5B701F60,02659126,42B02EB2,C21B0132,6A701F60,02629126,42B12EB2,C21B0105,79701F60,02629126,42B32EB2,C21B0114,88701F60,025F9126,42B42EB2,C21A01DE,97701F60,025F9126,42B52EB2,C21A01C0*56
$PMTKLOX,1,386,A6701F60,025E9126,42B42EB2,C21A01F1,B5701F60,025B9126,42AE2EB2,C21B01FC,C4701F60,02569126,429A2EB2,C21A01B5,D3701F60,02579126,42942EB2,C21A01AD,E2701F60,02559126,42952EB2,C21A019F,F1701F60,02579126,42942EB2,C21A018F*55
$PMTKLOX,1,387,00711F60,02589126,42942EB2,C21A0170,0F711F60,02589126,42962EB2,C21A017D,1E711F60,02599126,42982EB2,C21A0163,2D711F60,02599126,42982EB2,C21A0150,3C711F60,02589126,42992EB2,C21A0141,4B711F60,02579126,42992EB2,C21A0139*50
$PMTKLOX,1,388,5A711F60,02539126,42972EB2,C21A0122,69711F60,024B9126,42972EB2,C21A0109,78711F60,02479126,42982EB2,C21A011B,87711F60,02479126,429A2EB2,C21A01E6,96711F60,02429126,42992EB2,C21A01F1,A5711F60,02389126,42982EB2,C21B01B8*59
$PMTKLOX,1,389,B4711F60,023F9126,42982EB2,C21B01AE,C3711F60,024D9126,42982EB2,C21B01AB,D2711F60,02599126,42992EB2,C21B01AF,E1711F60,02649126,42972EB2,C21D01A9,F0711F60,02599126,42962EB2,C21E0187,FF711F60,02529126,42962EB2,C21F0182*5E
$PMTKLOX,1,390,0E721F60,024C9126,42962EB2,C2200151,1D721F60,02499126,42932EB2,C2210143,2C721F60,024C9126,42902EB2,C2210174,3B721F60,02539126,428E2EB2,C2210162,4A721F60,025B9126,428C2EB2,C2210119,59721F60,02599126,428F2EB2,C2220108*29
$PMTKLOX,1,391,68721F60,02569126,42922EB2,C222012B,77721F60,02529126,42912EB2,C2230132,86721F60,02519126,42912EB2,C22201C1,95721F60,02549126,42902EB2,C22101D5,A4721F60,02599126,42932EB2,C22001EB,B3721F60,02689126,42972EB2,C21E01F7*2E
$PMTKLOX,1,392,C2721F60,02709126,42992EB2,C21B0195,D1721F60,026C9126,42972EB2,C2190196,E0721F60,02719126,42952EB2,C21801B9,EF721F60,02749126,42952EB2,C21801B3,FE721F60,02799126,42932EB2,C21701A6,0D731F60,02809126,42932EB2,C21701AD*2B
$PMTKLOX,1,393,1C731F60,02829126,42952EB2,C21701B8,2B731F60,02879126,42942EB2,C217018B,3A731F60,02879126,42932EB2,C217019D,49731F60,02819126,42932EB2,C21801E7,58731F60,02809126,42902EB2,C21701FB,67731F60,027F9126,428E2EB2,C2160124*2C
$PMTKLOX,1,394,76731F60,027A9126,428E2EB2,C2160130,85731F60,027B9126,428C2EB2,C21501C3,94731F60,02829126,42842EB2,C2140122,A3731F60,02829126,42842EB2,C2140115,B2731F60,02829126,42872EB2,C2140107,C1731F60,02859126,42862EB2,C2130175*52
$PMTKLOX,1,395,D0731F60,02839126,42862EB2,C2130162,DF731F60,02849126,42852EB2,C2130169,EE731F60,027E9126,42852EB2,C21201A3,FD731F60,02819126,42862EB2,C212014C,0C741F60,02809126,42892EB2,C21301B5,1B741F60,027B9126,428D2EB2,C213015D*57
$PMTKLOX,1,396,2A741F60,027A9126,428F2EB2,C2140168,39741F60,027A9126,428E2EB2,C214017A,48741F60,027D9126,42902EB2,C2140112,57741F60,02799126,42912EB2,C2140108,66741F60,027A9126,42942EB2,C215013E,75741F60,02779126,42952EB2,C2160122*2F
$PMTKLOX,1,397,84741F60,02789126,42962EB2,C21601DF,93741F60,02799126,42992EB2,C21601C6,A2741F60,027C9126,429C2EB2,C21601F7,B1741F60,027B9126,429D2EB2,C21601E2,C0741F60,027C9126,429D2EB2,C2160194,CF741F60,027C9126,429E2EB2,C2160198*51
$PMTKLOX,1,398,DE741F60,02799126,429C2EB2,C216018E,ED741F60,02769126,429E2EB2,C21601B0,FC741F60,02759126,429F2EB2,C21601A3,0B751F60,026F9126,429F2EB2,C216014F,1A751F60,026B9126,429F2EB2,C216015A,29751F60,026B9126,42A02EB2,C2160156*5A
$PMTKLOX,1,399,38751F60,02689126,42A02EB2,C2160144,47751F60,02669126,42A12EB2,C2160134,56751F60,02689126,42A12EB2,C216012B,65751F60,026E9126,42A12EB2,C216011E,74751F60,02719126,42A12EB2,C2160110,83751F60,02739126,42A12EB2,C21701E4*59
$PMTKLOX,1,400,92751F60,02759126,42A12EB2,C21701F3,A1751F60,02759126,429F2EB2,C21701FE,B0751F60,02719126,429E2EB2,C21701EA,BF751F60,026F9126,429F2EB2,C21701FA,CE751F60,02729126,42A02EB2,C21701A9,DD751F60,02729126,42A12EB2,C21701BB*21
$PMTKLOX,1,401,EC751F60,02719126,429F2EB2,C21701B7,FB751F60,02719126,429E2EB2,C21701A1,0A761F60,02719126,429E2EB2,C2170153,19761F60,026F9126,429D2EB2,C217015D,28761F60,026F9126,429D2EB2,C217016C,37761F60,026F9126,429C2EB2,C2170172*59
$PMTKLOX,1,402,46761F60,02719126,429D2EB2,C217011C,55761F60,02719126,429E2EB2,C217010C,64761F60,026D9126,429F2EB2,C2170120,73761F60,02699126,429E2EB2,C2170132,82761F60,02689126,429F2EB2,C21701C3,91761F60,02689126,429F2EB2,C21701D0*21
$PMTKLOX,1,403,A0761F60,02639126,429E2EB2,C21701EB,AF761F60,02639126,429F2EB2,C21701E5,BE761F60,025F9126,429E2EB2,C21701C9,CD761F60,02599126,429F2EB2,C21701BD,DC761F60,02569126,42A12EB2,C217019D,EB761F60,025E9126,42A02EB2,C21801AC*5F
$PMTKLOX,1,404,FA761F60,025B9126,429D2EB2,C2180185,09771F60,025A9126,429D2EB2,C2180176,18771F60,02639126,429C2EB2,C218015F,27771F60,02669126,429D2EB2,C2180164,36771F60,02659126,429E2EB2,C2180175,45771F60,02659126,429F2EB2,C2180107*25
$PMTKLOX,1,405,54771F60,026B9126,429F2EB2,C2180118,63771F60,026C9126,429E2EB2,C2180129,72771F60,02729126,429D2EB2,C2190124,81771F60,02759126,429C2EB2,C21901D1,90771F60,02759126,429C2EB2,C21901C0,9F771F60,02739126,429C2EB2,C21901C9*5B
$PMTKLOX,1,406,AE771F60,02749126,429D2EB2,C21901FE,BD771F60,02759126,429D2EB2,C21901EC,CC771F60,02759126,429D2EB2,C219019D,DB771F60,02749126,429E2EB2,C2190188,EA771F60,02709126,429F2EB2,C21901BC,F9771F60,026D9126,42A02EB2,C219018D*5A
$PMTKLOX,1,407,08781F60,026B9126,42A02EB2,C2190175,17781F60,026A9126,42A02EB2,C219016B,26781F60,02699126,42A22EB2,C219015B,35781F60,02649126,42A32EB2,C2190144,FFFFFFFF,FFFFFFFF,FFFFFFFF,FFFFFFFF,FFFFFFFF,FFFFFFFF,FFFFFFFF,FFFFFFFF*59
$PMTKLOX,1,408,FFFFFFFF,FFFFFFFF,FFFFFFFF,FFFFFFFF,FFFFFFFF,FFFFFFFF,FFFFFFFF,FFFFFFFF,FFFFFFFF,FFFFFFFF,FFFFFFFF,FFFFFFFF,FFFFFFFF,FFFFFFFF,FFFFFFFF,FFFFFFFF,FFFFFFFF,FFFFFFFF,FFFFFFFF,FFFFFFFF,FFFFFFFF,FFFFFFFF,FFFFFFFF,FFFFFFFF*54
$PMTKLOX,1,409,FFFFFFFF,FFFFFFFF,FFFFFFFF,FFFFFFFF,FFFFFFFF,FFFFFFFF,FFFFFFFF,FFFFFFFF,FFFFFFFF,FFFFFFFF,FFFFFFFF,FFFFFFFF,FFFFFFFF,FFFFFFFF,FFFFFFFF,FFFFFFFF,FFFFFFFF,FFFFFFFF,FFFFFFFF,FFFFFFFF,FFFFFFFF,FFFFFFFF,FFFFFFFF,FFFFFFFF*55
$PMTKLOX,1,410,FFFFFFFF,FFFFFFFF,FFFFFFFF,FFFFFFFF,FFFFFFFF,FFFFFFFF,FFFFFFFF,FFFFFFFF,FFFFFFFF,FFFFFFFF,FFFFFFFF,FFFFFFFF,FFFFFFFF,FFFFFFFF,FFFFFFFF,FFFFFFFF,FFFFFFFF,FFFFFFFF,FFFFFFFF,FFFFFFFF,FFFFFFFF,FFFFFFFF,FFFFFFFF,FFFFFFFF*5D
$PMTKLOX,1,411,FFFFFFFF,FFFFFFFF,FFFFFFFF,FFFFFFFF,FFFFFFFF,FFFFFFFF,FFFFFFFF,FFFFFFFF,FFFFFFFF,FFFFFFFF,FFFFFFFF,FFFFFFFF,FFFFFFFF,FFFFFFFF,FFFFFFFF,FFFFFFFF,FFFFFFFF,FFFFFFFF,FFFFFFFF,FFFFFFFF,FFFFFFFF,FFFFFFFF,FFFFFFFF,FFFFFFFF*5C
$PMTKLOX,1,412,FFFFFFFF,FFFFFFFF,FFFFFFFF,FFFFFFFF,FFFFFFFF,FFFFFFFF,FFFFFFFF,FFFFFFFF,FFFFFFFF,FFFFFFFF,FFFFFFFF,FFFFFFFF,FFFFFFFF,FFFFFFFF,FFFFFFFF,FFFFFFFF,FFFFFFFF,FFFFFFFF,FFFFFFFF,FFFFFFFF,FFFFFFFF,FFFFFFFF,FFFFFFFF,FFFFFFFF*5F
$PMTKLOX,1,413,FFFFFFFF,FFFFFFFF,FFFFFFFF,FFFFFFFF,FFFFFFFF,FFFFFFFF,FFFFFFFF,FFFFFFFF,FFFFFFFF,FFFFFFFF,FFFFFFFF,FFFFFFFF,FFFFFFFF,FFFFFFFF,FFFFFFFF,FFFFFFFF,FFFFFFFF,FFFFFFFF,FFFFFFFF,FFFFFFFF,FFFFFFFF,FFFFFFFF,FFFFFFFF,FFFFFFFF*5E
$PMTKLOX,1,414,FFFFFFFF,FFFFFFFF,FFFFFFFF,FFFFFFFF,FFFFFFFF,FFFFFFFF,FFFFFFFF,FFFFFFFF,FFFFFFFF,FFFFFFFF,FFFFFFFF,FFFFFFFF,FFFFFFFF,FFFFFFFF,FFFFFFFF,FFFFFFFF,FFFFFFFF,FFFFFFFF,FFFFFFFF,FFFFFFFF,FFFFFFFF,FFFFFFFF,FFFFFFFF,FFFFFFFF*59
$PMTKLOX,1,415,FFFFFFFF,FFFFFFFF,FFFFFFFF,FFFFFFFF,FFFFFFFF,FFFFFFFF,FFFFFFFF,FFFFFFFF,FFFFFFFF,FFFFFFFF,FFFFFFFF,FFFFFFFF,FFFFFFFF,FFFFFFFF,FFFFFFFF,FFFFFFFF,FFFFFFFF,FFFFFFFF,FFFFFFFF,FFFFFFFF,FFFFFFFF,FFFFFFFF,FFFFFFFF,FFFFFFFF*58
$PMTKLOX,1,416,FFFFFFFF,FFFFFFFF,FFFFFFFF,FFFFFFFF,FFFFFFFF,FFFFFFFF,FFFFFFFF,FFFFFFFF,FFFFFFFF,FFFFFFFF,FFFFFFFF,FFFFFFFF,FFFFFFFF,FFFFFFFF,FFFFFFFF,FFFFFFFF,FFFFFFFF,FFFFFFFF,FFFFFFFF,FFFFFFFF,FFFFFFFF,FFFFFFFF,FFFFFFFF,FFFFFFFF*5B
$PMTKLOX,1,417,FFFFFFFF,FFFFFFFF,FFFFFFFF,FFFFFFFF,FFFFFFFF,FFFFFFFF,FFFFFFFF,FFFFFFFF,FFFFFFFF,FFFFFFFF,FFFFFFFF,FFFFFFFF,FFFFFFFF,FFFFFFFF,FFFFFFFF,FFFFFFFF,FFFFFFFF,FFFFFFFF,FFFFFFFF,FFFFFFFF,FFFFFFFF,FFFFFFFF,FFFFFFFF,FFFFFFFF*5A
$PMTKLOX,1,418,FFFFFFFF,FFFFFFFF,FFFFFFFF,FFFFFFFF,FFFFFFFF,FFFFFFFF,FFFFFFFF,FFFFFFFF,FFFFFFFF,FFFFFFFF,FFFFFFFF,FFFFFFFF,FFFFFFFF,FFFFFFFF,FFFFFFFF,FFFFFFFF,FFFFFFFF,FFFFFFFF,FFFFFFFF,FFFFFFFF,FFFFFFFF,FFFFFFFF,FFFFFFFF,FFFFFFFF*55
$PMTKLOX,1,419,FFFFFFFF,FFFFFFFF,FFFFFFFF,FFFFFFFF,FFFFFFFF,FFFFFFFF,FFFFFFFF,FFFFFFFF,FFFFFFFF,FFFFFFFF,FFFFFFFF,FFFFFFFF,FFFFFFFF,FFFFFFFF,FFFFFFFF,FFFFFFFF,FFFFFFFF,FFFFFFFF,FFFFFFFF,FFFFFFFF,FFFFFFFF,FFFFFFFF,FFFFFFFF,FFFFFFFF*54
$PMTKLOX,1,420,FFFFFFFF,FFFFFFFF,FFFFFFFF,FFFFFFFF,FFFFFFFF,FFFFFFFF,FFFFFFFF,FFFFFFFF,FFFFFFFF,FFFFFFFF,FFFFFFFF,FFFFFFFF,FFFFFFFF,FFFFFFFF,FFFFFFFF,FFFFFFFF,FFFFFFFF,FFFFFFFF,FFFFFFFF,FFFFFFFF,FFFFFFFF,FFFFFFFF,FFFFFFFF,FFFFFFFF*5E
$PMTKLOX,1,421,FFFFFFFF,FFFFFFFF,FFFFFFFF,FFFFFFFF,FFFFFFFF,FFFFFFFF,FFFFFFFF,FFFFFFFF,FFFFFFFF,FFFFFFFF,FFFFFFFF,FFFFFFFF,FFFFFFFF,FFFFFFFF,FFFFFFFF,FFFFFFFF,FFFFFFFF,FFFFFFFF,FFFFFFFF,FFFFFFFF,FFFFFFFF,FFFFFFFF,FFFFFFFF,FFFFFFFF*5F
$PMTKLOX,1,422,FFFFFFFF,FFFFFFFF,FFFFFFFF,FFFFFFFF,FFFFFFFF,FFFFFFFF,FFFFFFFF,FFFFFFFF,FFFFFFFF,FFFFFFFF,FFFFFFFF,FFFFFFFF,FFFFFFFF,FFFFFFFF,FFFFFFFF,FFFFFFFF,FFFFFFFF,FFFFFFFF,FFFFFFFF,FFFFFFFF,FFFFFFFF,FFFFFFFF,FFFFFFFF,FFFFFFFF*5C
$PMTKLOX,1,423,FFFFFFFF,FFFFFFFF,FFFFFFFF,FFFFFFFF,FFFFFFFF,FFFFFFFF,FFFFFFFF,FFFFFFFF,FFFFFFFF,FFFFFFFF,FFFFFFFF,FFFFFFFF,FFFFFFFF,FFFFFFFF,FFFFFFFF,FFFFFFFF,FFFFFFFF,FFFFFFFF,FFFFFFFF,FFFFFFFF,FFFFFFFF,FFFFFFFF,FFFFFFFF,FFFFFFFF*5D
$PMTKLOX,1,424,FFFFFFFF,FFFFFFFF,FFFFFFFF,FFFFFFFF,FFFFFFFF,FFFFFFFF,FFFFFFFF,FFFFFFFF,FFFFFFFF,FFFFFFFF,FFFFFFFF,FFFFFFFF,FFFFFFFF,FFFFFFFF,FFFFFFFF,FFFFFFFF,FFFFFFFF,FFFFFFFF,FFFFFFFF,FFFFFFFF,FFFFFFFF,FFFFFFFF,FFFFFFFF,FFFFFFFF*5A
$PMTKLOX,1,425,FFFFFFFF,FFFFFFFF,FFFFFFFF,FFFFFFFF,FFFFFFFF,FFFFFFFF,FFFFFFFF,FFFFFFFF,FFFFFFFF,FFFFFFFF,FFFFFFFF,FFFFFFFF,FFFFFFFF,FFFFFFFF,FFFFFFFF,FFFFFFFF,FFFFFFFF,FFFFFFFF,FFFFFFFF,FFFFFFFF,FFFFFFFF,FFFFFFFF,FFFFFFFF,FFFFFFFF*5B
$PMTKLOX,1,426,FFFFFFFF,FFFFFFFF,FFFFFFFF,FFFFFFFF,FFFFFFFF,FFFFFFFF,FFFFFFFF,FFFFFFFF,FFFFFFFF,FFFFFFFF,FFFFFFFF,FFFFFFFF,FFFFFFFF,FFFFFFFF,FFFFFFFF,FFFFFFFF*58
$PMTKLOX,2*47
$PMTK001,622,3*36
